#
# A fatal error has been detected by the Java Runtime Environment:
#
#  SIGSEGV (0xb) at pc=0x00007f242eeb836a, pid=6968, tid=7023
#
# JRE version: OpenJDK Runtime Environment (11.0.15+10) (build 11.0.15+10-Ubuntu-0ubuntu0.20.04.1)
# Java VM: OpenJDK 64-Bit Server VM (11.0.15+10-Ubuntu-0ubuntu0.20.04.1, mixed mode, sharing, tiered, compressed oops, g1 gc, linux-amd64)
# Problematic frame:
# C  [libnvwgf2umx.so+0x1ad136a]
#
# No core dump will be written. Core dumps have been disabled. To enable core dumping, try "ulimit -c unlimited" before starting Java again
#
# If you would like to submit a bug report, please visit:
#   Unknown
#

---------------  S U M M A R Y ------------

Command Line: --module-path=/home/sata/wsl_repos/Java/demo/target/classes:/home/sata/.m2/repository/org/openjfx/javafx-controls/13/javafx-controls-13-linux.jar:/home/sata/.m2/repository/org/openjfx/javafx-graphics/13/javafx-graphics-13-linux.jar:/home/sata/.m2/repository/org/openjfx/javafx-base/13/javafx-base-13-linux.jar:/home/sata/.m2/repository/org/openjfx/javafx-fxml/13/javafx-fxml-13-linux.jar -Djdk.module.main=intro.example intro.example/intro.example.App

Host: AMD Ryzen 7 5800U with Radeon Graphics, 16 cores, 4G, Ubuntu 20.04.4 LTS
Time: Thu Jun  9 11:13:42 2022 CEST elapsed time: 1.708582 seconds (0d 0h 0m 1s)

---------------  T H R E A D  ---------------

Current thread is native thread

Stack: [0x00007f242cade000,0x00007f242d2dd000],  sp=0x00007f242d2dbe30,  free space=8183k
Native frames: (J=compiled Java code, A=aot compiled Java code, j=interpreted, Vv=VM code, C=native code)
C  [libnvwgf2umx.so+0x1ad136a]


siginfo: si_signo: 11 (SIGSEGV), si_code: 1 (SEGV_MAPERR), si_addr: 0x00007f242d2dd000

Register to memory mapping:

RAX=
[error occurred during error reporting (printing register info), id 0xb, SIGSEGV (0xb) at pc=0x00007f24ac780c7c]

Registers:
RAX=0x000000000000000e, RBX=0x00007f24281ab800, RCX=0x00007f24282178d0, RDX=0x0000000000000000
RSP=0x00007f242d2dbe30, RBP=0x00007f24282164d0, RSI=0x0000000000000000, RDI=0x00007f24281ab800
R8 =0x0000000000000000, R9 =0x00007ffc7b3f8080, R10=0x0000000000070822, R11=0x0000000000000000
R12=0x00007f242d2dbea8, R13=0x00007f242d2dd000, R14=0x0000000000000000, R15=0x00007f242d621c01
RIP=0x00007f242eeb836a, EFLAGS=0x0000000000010246, CSGSFS=0x002b000000000033, ERR=0x0000000000000004
  TRAPNO=0x000000000000000e

Top of Stack: (sp=0x00007f242d2dbe30)
0x00007f242d2dbe30:   00007f24281ab800 000000000009a622
0x00007f242d2dbe40:   0000000062a1b9c6 0000000000097ebf
0x00007f242d2dbe50:   00007f24281ab8d8 0000000000000001
0x00007f242d2dbe60:   00007f242d2dbea8 00007f24281ab800 

Instructions: (pc=0x00007f242eeb836a)
0x00007f242eeb826a:   f2 fa ff ff 48 83 c4 20 48 89 e6 48 89 df e8 13
0x00007f242eeb827a:   a2 37 ff 48 89 e7 e8 8b 98 37 ff 48 8b 7c 24 20
0x00007f242eeb828a:   e8 21 75 37 ff 48 8d 7c 24 08 e8 d7 36 01 00 48
0x00007f242eeb829a:   89 d8 48 83 c4 28 5b 41 5c 41 5d 41 5e 41 5f 5d
0x00007f242eeb82aa:   c3 eb 22 eb 36 eb 1e eb 32 eb 1a eb 2e eb 16 eb
0x00007f242eeb82ba:   2a eb 12 eb 26 eb 0e eb 22 eb 0a eb 1e eb 06 eb
0x00007f242eeb82ca:   1a eb 02 eb 16 48 89 c5 48 89 e7 e8 36 98 37 ff
0x00007f242eeb82da:   eb 0c eb 07 48 89 c5 eb 0d eb 00 48 89 c5 48 89
0x00007f242eeb82ea:   df e8 20 98 37 ff 48 8d 7c 24 08 e8 76 36 01 00
0x00007f242eeb82fa:   48 89 ef e8 6e f6 22 ff cc cc cc cc cc cc cc cc
0x00007f242eeb830a:   cc cc cc cc cc cc 55 41 57 41 56 41 55 41 54 53
0x00007f242eeb831a:   48 83 ec 38 48 89 3c 24 f6 47 28 10 0f 84 03 02
0x00007f242eeb832a:   00 00 48 89 f5 8b 46 10 85 c0 0f 84 f5 01 00 00
0x00007f242eeb833a:   4c 8b 6d 20 41 b7 01 be 00 00 00 00 31 d2 45 31
0x00007f242eeb834a:   f6 eb 1d 90 90 90 8b 45 10 48 8b 54 24 10 48 83
0x00007f242eeb835a:   c2 01 89 c1 83 c6 01 48 39 ca 0f 83 56 01 00 00
0x00007f242eeb836a:   41 8b 4c 95 00 0f b7 c9 3b 8c 95 44 04 00 00 74
0x00007f242eeb837a:   dd 89 8c 95 44 04 00 00 8b 4d 0c 85 c9 74 cf 48
0x00007f242eeb838a:   89 54 24 10 45 31 e4 89 74 24 0c eb 15 8b 74 24
0x00007f242eeb839a:   0c 90 90 90 90 90 41 83 c4 01 8b 4d 0c 41 39 cc
0x00007f242eeb83aa:   73 a4 0f af ce 44 01 e1 41 0f b6 84 0d 80 88 00
0x00007f242eeb83ba:   00 24 7f 8d 50 e0 80 fa 13 77 db 48 8b 95 48 08
0x00007f242eeb83ca:   00 00 3a 04 0a 74 cf 88 04 0a 41 f6 c7 01 75 0f
0x00007f242eeb83da:   41 b6 01 48 8b 04 24 f6 40 28 20 75 b9 eb 34 48
0x00007f242eeb83ea:   89 ee 48 8b 1c 24 48 8d 6c 24 18 48 89 ef 49 89
0x00007f242eeb83fa:   f6 31 d2 31 c9 e8 3c 06 00 00 48 89 df 48 89 ee
0x00007f242eeb840a:   e8 31 da ff ff 48 89 ef e8 f9 96 37 ff 45 31 ff
0x00007f242eeb841a:   4c 89 f5 8b 55 04 4c 8d 74 24 18 4c 89 f7 48 8b
0x00007f242eeb842a:   1c 24 48 89 de 48 8b 4c 24 10 45 89 e0 e8 a4 fa
0x00007f242eeb843a:   ff ff 48 89 df 4c 89 f6 e8 f9 d9 ff ff 4c 89 f7
0x00007f242eeb844a:   e8 c1 96 37 ff 48 8b 04 24 48 8b b8 40 01 00 00
0x00007f242eeb845a:   41 b6 01 48 85 ff 0f 84 31 ff ff ff e8 b5 04 00 


Stack slot to memory mapping:
stack at sp + 0 slots: 
[error occurred during error reporting (inspecting top of stack), id 0xb, SIGSEGV (0xb) at pc=0x00007f24ac780c7c]


---------------  P R O C E S S  ---------------

VM state:at safepoint (shutting down)

VM Mutex/Monitor currently owned by a thread:  ([mutex/lock_event])
[0x00007f24a4013670] Threads_lock - owner thread: 0x00007f24a40f9800

Heap address: 0x00000000b3000000, size: 1232 MB, Compressed Oops mode: 32-bit
Narrow klass base: 0x0000000800000000, Narrow klass shift: 3
Compressed class space size: 1073741824 Address: 0x0000000840000000

Heap:
 garbage-first heap   total 81920K, used 14301K [0x00000000b3000000, 0x0000000100000000)
  region size 1024K, 15 young (15360K), 3 survivors (3072K)
 Metaspace       used 9085K, capacity 10357K, committed 10496K, reserved 1058816K
  class space    used 1220K, capacity 1448K, committed 1536K, reserved 1048576K
Heap Regions: E=young(eden), S=young(survivor), O=old, HS=humongous(starts), HC=humongous(continues), CS=collection set, F=free, A=archive, TAMS=top-at-mark-start (previous, next)
|   0|0x00000000b3000000, 0x00000000b3000000, 0x00000000b3100000|  0%| F|  |TAMS 0x00000000b3000000, 0x00000000b3000000| Untracked 
|   1|0x00000000b3100000, 0x00000000b3100000, 0x00000000b3200000|  0%| F|  |TAMS 0x00000000b3100000, 0x00000000b3100000| Untracked 
|   2|0x00000000b3200000, 0x00000000b3200000, 0x00000000b3300000|  0%| F|  |TAMS 0x00000000b3200000, 0x00000000b3200000| Untracked 
|   3|0x00000000b3300000, 0x00000000b3300000, 0x00000000b3400000|  0%| F|  |TAMS 0x00000000b3300000, 0x00000000b3300000| Untracked 
|   4|0x00000000b3400000, 0x00000000b3400000, 0x00000000b3500000|  0%| F|  |TAMS 0x00000000b3400000, 0x00000000b3400000| Untracked 
|   5|0x00000000b3500000, 0x00000000b3500000, 0x00000000b3600000|  0%| F|  |TAMS 0x00000000b3500000, 0x00000000b3500000| Untracked 
|   6|0x00000000b3600000, 0x00000000b3600000, 0x00000000b3700000|  0%| F|  |TAMS 0x00000000b3600000, 0x00000000b3600000| Untracked 
|   7|0x00000000b3700000, 0x00000000b3700000, 0x00000000b3800000|  0%| F|  |TAMS 0x00000000b3700000, 0x00000000b3700000| Untracked 
|   8|0x00000000b3800000, 0x00000000b3800000, 0x00000000b3900000|  0%| F|  |TAMS 0x00000000b3800000, 0x00000000b3800000| Untracked 
|   9|0x00000000b3900000, 0x00000000b3900000, 0x00000000b3a00000|  0%| F|  |TAMS 0x00000000b3900000, 0x00000000b3900000| Untracked 
|  10|0x00000000b3a00000, 0x00000000b3a00000, 0x00000000b3b00000|  0%| F|  |TAMS 0x00000000b3a00000, 0x00000000b3a00000| Untracked 
|  11|0x00000000b3b00000, 0x00000000b3b00000, 0x00000000b3c00000|  0%| F|  |TAMS 0x00000000b3b00000, 0x00000000b3b00000| Untracked 
|  12|0x00000000b3c00000, 0x00000000b3c00000, 0x00000000b3d00000|  0%| F|  |TAMS 0x00000000b3c00000, 0x00000000b3c00000| Untracked 
|  13|0x00000000b3d00000, 0x00000000b3d00000, 0x00000000b3e00000|  0%| F|  |TAMS 0x00000000b3d00000, 0x00000000b3d00000| Untracked 
|  14|0x00000000b3e00000, 0x00000000b3e00000, 0x00000000b3f00000|  0%| F|  |TAMS 0x00000000b3e00000, 0x00000000b3e00000| Untracked 
|  15|0x00000000b3f00000, 0x00000000b3f00000, 0x00000000b4000000|  0%| F|  |TAMS 0x00000000b3f00000, 0x00000000b3f00000| Untracked 
|  16|0x00000000b4000000, 0x00000000b4000000, 0x00000000b4100000|  0%| F|  |TAMS 0x00000000b4000000, 0x00000000b4000000| Untracked 
|  17|0x00000000b4100000, 0x00000000b4100000, 0x00000000b4200000|  0%| F|  |TAMS 0x00000000b4100000, 0x00000000b4100000| Untracked 
|  18|0x00000000b4200000, 0x00000000b4200000, 0x00000000b4300000|  0%| F|  |TAMS 0x00000000b4200000, 0x00000000b4200000| Untracked 
|  19|0x00000000b4300000, 0x00000000b4300000, 0x00000000b4400000|  0%| F|  |TAMS 0x00000000b4300000, 0x00000000b4300000| Untracked 
|  20|0x00000000b4400000, 0x00000000b4400000, 0x00000000b4500000|  0%| F|  |TAMS 0x00000000b4400000, 0x00000000b4400000| Untracked 
|  21|0x00000000b4500000, 0x00000000b4500000, 0x00000000b4600000|  0%| F|  |TAMS 0x00000000b4500000, 0x00000000b4500000| Untracked 
|  22|0x00000000b4600000, 0x00000000b4600000, 0x00000000b4700000|  0%| F|  |TAMS 0x00000000b4600000, 0x00000000b4600000| Untracked 
|  23|0x00000000b4700000, 0x00000000b4700000, 0x00000000b4800000|  0%| F|  |TAMS 0x00000000b4700000, 0x00000000b4700000| Untracked 
|  24|0x00000000b4800000, 0x00000000b4800000, 0x00000000b4900000|  0%| F|  |TAMS 0x00000000b4800000, 0x00000000b4800000| Untracked 
|  25|0x00000000b4900000, 0x00000000b4900000, 0x00000000b4a00000|  0%| F|  |TAMS 0x00000000b4900000, 0x00000000b4900000| Untracked 
|  26|0x00000000b4a00000, 0x00000000b4a00000, 0x00000000b4b00000|  0%| F|  |TAMS 0x00000000b4a00000, 0x00000000b4a00000| Untracked 
|  27|0x00000000b4b00000, 0x00000000b4b00000, 0x00000000b4c00000|  0%| F|  |TAMS 0x00000000b4b00000, 0x00000000b4b00000| Untracked 
|  28|0x00000000b4c00000, 0x00000000b4c00000, 0x00000000b4d00000|  0%| F|  |TAMS 0x00000000b4c00000, 0x00000000b4c00000| Untracked 
|  29|0x00000000b4d00000, 0x00000000b4d00000, 0x00000000b4e00000|  0%| F|  |TAMS 0x00000000b4d00000, 0x00000000b4d00000| Untracked 
|  30|0x00000000b4e00000, 0x00000000b4e00000, 0x00000000b4f00000|  0%| F|  |TAMS 0x00000000b4e00000, 0x00000000b4e00000| Untracked 
|  31|0x00000000b4f00000, 0x00000000b4f00000, 0x00000000b5000000|  0%| F|  |TAMS 0x00000000b4f00000, 0x00000000b4f00000| Untracked 
|  32|0x00000000b5000000, 0x00000000b5000000, 0x00000000b5100000|  0%| F|  |TAMS 0x00000000b5000000, 0x00000000b5000000| Untracked 
|  33|0x00000000b5100000, 0x00000000b5100000, 0x00000000b5200000|  0%| F|  |TAMS 0x00000000b5100000, 0x00000000b5100000| Untracked 
|  34|0x00000000b5200000, 0x00000000b5200000, 0x00000000b5300000|  0%| F|  |TAMS 0x00000000b5200000, 0x00000000b5200000| Untracked 
|  35|0x00000000b5300000, 0x00000000b5300000, 0x00000000b5400000|  0%| F|  |TAMS 0x00000000b5300000, 0x00000000b5300000| Untracked 
|  36|0x00000000b5400000, 0x00000000b5400000, 0x00000000b5500000|  0%| F|  |TAMS 0x00000000b5400000, 0x00000000b5400000| Untracked 
|  37|0x00000000b5500000, 0x00000000b5500000, 0x00000000b5600000|  0%| F|  |TAMS 0x00000000b5500000, 0x00000000b5500000| Untracked 
|  38|0x00000000b5600000, 0x00000000b5600000, 0x00000000b5700000|  0%| F|  |TAMS 0x00000000b5600000, 0x00000000b5600000| Untracked 
|  39|0x00000000b5700000, 0x00000000b5700000, 0x00000000b5800000|  0%| F|  |TAMS 0x00000000b5700000, 0x00000000b5700000| Untracked 
|  40|0x00000000b5800000, 0x00000000b5800000, 0x00000000b5900000|  0%| F|  |TAMS 0x00000000b5800000, 0x00000000b5800000| Untracked 
|  41|0x00000000b5900000, 0x00000000b5900000, 0x00000000b5a00000|  0%| F|  |TAMS 0x00000000b5900000, 0x00000000b5900000| Untracked 
|  42|0x00000000b5a00000, 0x00000000b5a00000, 0x00000000b5b00000|  0%| F|  |TAMS 0x00000000b5a00000, 0x00000000b5a00000| Untracked 
|  43|0x00000000b5b00000, 0x00000000b5b00000, 0x00000000b5c00000|  0%| F|  |TAMS 0x00000000b5b00000, 0x00000000b5b00000| Untracked 
|  44|0x00000000b5c00000, 0x00000000b5c00000, 0x00000000b5d00000|  0%| F|  |TAMS 0x00000000b5c00000, 0x00000000b5c00000| Untracked 
|  45|0x00000000b5d00000, 0x00000000b5d00000, 0x00000000b5e00000|  0%| F|  |TAMS 0x00000000b5d00000, 0x00000000b5d00000| Untracked 
|  46|0x00000000b5e00000, 0x00000000b5e00000, 0x00000000b5f00000|  0%| F|  |TAMS 0x00000000b5e00000, 0x00000000b5e00000| Untracked 
|  47|0x00000000b5f00000, 0x00000000b5f00000, 0x00000000b6000000|  0%| F|  |TAMS 0x00000000b5f00000, 0x00000000b5f00000| Untracked 
|  48|0x00000000b6000000, 0x00000000b6000000, 0x00000000b6100000|  0%| F|  |TAMS 0x00000000b6000000, 0x00000000b6000000| Untracked 
|  49|0x00000000b6100000, 0x00000000b6100000, 0x00000000b6200000|  0%| F|  |TAMS 0x00000000b6100000, 0x00000000b6100000| Untracked 
|  50|0x00000000b6200000, 0x00000000b6200000, 0x00000000b6300000|  0%| F|  |TAMS 0x00000000b6200000, 0x00000000b6200000| Untracked 
|  51|0x00000000b6300000, 0x00000000b6345740, 0x00000000b6400000| 27%| S|CS|TAMS 0x00000000b6300000, 0x00000000b6300000| Complete 
|  52|0x00000000b6400000, 0x00000000b6500000, 0x00000000b6500000|100%| S|CS|TAMS 0x00000000b6400000, 0x00000000b6400000| Complete 
|  53|0x00000000b6500000, 0x00000000b6600000, 0x00000000b6600000|100%| S|CS|TAMS 0x00000000b6500000, 0x00000000b6500000| Complete 
|  54|0x00000000b6600000, 0x00000000b6600000, 0x00000000b6700000|  0%| F|  |TAMS 0x00000000b6600000, 0x00000000b6600000| Untracked 
|  55|0x00000000b6700000, 0x00000000b6700000, 0x00000000b6800000|  0%| F|  |TAMS 0x00000000b6700000, 0x00000000b6700000| Untracked 
|  56|0x00000000b6800000, 0x00000000b6800000, 0x00000000b6900000|  0%| F|  |TAMS 0x00000000b6800000, 0x00000000b6800000| Untracked 
|  57|0x00000000b6900000, 0x00000000b6900000, 0x00000000b6a00000|  0%| F|  |TAMS 0x00000000b6900000, 0x00000000b6900000| Untracked 
|  58|0x00000000b6a00000, 0x00000000b6a00000, 0x00000000b6b00000|  0%| F|  |TAMS 0x00000000b6a00000, 0x00000000b6a00000| Untracked 
|  59|0x00000000b6b00000, 0x00000000b6b00000, 0x00000000b6c00000|  0%| F|  |TAMS 0x00000000b6b00000, 0x00000000b6b00000| Untracked 
|  60|0x00000000b6c00000, 0x00000000b6c00000, 0x00000000b6d00000|  0%| F|  |TAMS 0x00000000b6c00000, 0x00000000b6c00000| Untracked 
|  61|0x00000000b6d00000, 0x00000000b6d00000, 0x00000000b6e00000|  0%| F|  |TAMS 0x00000000b6d00000, 0x00000000b6d00000| Untracked 
|  62|0x00000000b6e00000, 0x00000000b6e00000, 0x00000000b6f00000|  0%| F|  |TAMS 0x00000000b6e00000, 0x00000000b6e00000| Untracked 
|  63|0x00000000b6f00000, 0x00000000b6f00000, 0x00000000b7000000|  0%| F|  |TAMS 0x00000000b6f00000, 0x00000000b6f00000| Untracked 
|  64|0x00000000b7000000, 0x00000000b7000000, 0x00000000b7100000|  0%| F|  |TAMS 0x00000000b7000000, 0x00000000b7000000| Untracked 
|  65|0x00000000b7100000, 0x00000000b7100000, 0x00000000b7200000|  0%| F|  |TAMS 0x00000000b7100000, 0x00000000b7100000| Untracked 
|  66|0x00000000b7200000, 0x00000000b72fa0e8, 0x00000000b7300000| 97%| E|  |TAMS 0x00000000b7200000, 0x00000000b7200000| Complete 
|  67|0x00000000b7300000, 0x00000000b7400000, 0x00000000b7400000|100%| E|CS|TAMS 0x00000000b7300000, 0x00000000b7300000| Complete 
|  68|0x00000000b7400000, 0x00000000b7500000, 0x00000000b7500000|100%| E|CS|TAMS 0x00000000b7400000, 0x00000000b7400000| Complete 
|  69|0x00000000b7500000, 0x00000000b7600000, 0x00000000b7600000|100%| E|CS|TAMS 0x00000000b7500000, 0x00000000b7500000| Complete 
|  70|0x00000000b7600000, 0x00000000b7700000, 0x00000000b7700000|100%| E|CS|TAMS 0x00000000b7600000, 0x00000000b7600000| Complete 
|  71|0x00000000b7700000, 0x00000000b7800000, 0x00000000b7800000|100%| E|CS|TAMS 0x00000000b7700000, 0x00000000b7700000| Complete 
|  72|0x00000000b7800000, 0x00000000b7900000, 0x00000000b7900000|100%| E|CS|TAMS 0x00000000b7800000, 0x00000000b7800000| Complete 
|  73|0x00000000b7900000, 0x00000000b7a00000, 0x00000000b7a00000|100%| E|CS|TAMS 0x00000000b7900000, 0x00000000b7900000| Complete 
|  74|0x00000000b7a00000, 0x00000000b7b00000, 0x00000000b7b00000|100%| E|CS|TAMS 0x00000000b7a00000, 0x00000000b7a00000| Complete 
|  75|0x00000000b7b00000, 0x00000000b7c00000, 0x00000000b7c00000|100%| E|CS|TAMS 0x00000000b7b00000, 0x00000000b7b00000| Complete 
|  76|0x00000000b7c00000, 0x00000000b7d00000, 0x00000000b7d00000|100%| E|CS|TAMS 0x00000000b7c00000, 0x00000000b7c00000| Complete 
|  77|0x00000000b7d00000, 0x00000000b7e00000, 0x00000000b7e00000|100%| E|CS|TAMS 0x00000000b7d00000, 0x00000000b7d00000| Complete 
|1230|0x00000000ffe00000, 0x00000000ffe47000, 0x00000000fff00000| 27%|OA|  |TAMS 0x00000000ffe00000, 0x00000000ffe00000| Untracked 
|1231|0x00000000fff00000, 0x00000000fff6b000, 0x0000000100000000| 41%|CA|  |TAMS 0x00000000fff00000, 0x00000000fff00000| Untracked 

Card table byte_map: [0x00007f24a9fcb000,0x00007f24aa233000] _byte_map_base: 0x00007f24a9a33000

Marking Bits (Prev, Next): (CMBitMap*) 0x00007f24a404ada8, (CMBitMap*) 0x00007f24a404ade0
 Prev Bits: [0x00007f24a8a23000, 0x00007f24a9d63000)
 Next Bits: [0x00007f2486cc0000, 0x00007f2488000000)

Polling page: 0x00007f24ab4b5000

Metaspace:

Usage:
  Non-class:      8.70 MB capacity,     7.68 MB ( 88%) used,   999.77 KB ( 11%) free+waste,    44.00 KB ( <1%) overhead. 
      Class:      1.41 MB capacity,     1.19 MB ( 84%) used,   204.00 KB ( 14%) free+waste,    23.56 KB (  2%) overhead. 
       Both:     10.11 MB capacity,     8.87 MB ( 88%) used,     1.18 MB ( 12%) free+waste,    67.56 KB ( <1%) overhead. 

Virtual space:
  Non-class space:       10.00 MB reserved,       8.75 MB ( 88%) committed 
      Class space:        1.00 GB reserved,       1.50 MB ( <1%) committed 
             Both:        1.01 GB reserved,      10.25 MB ( <1%) committed 

Chunk freelists:
   Non-Class:  0 bytes
       Class:  0 bytes
        Both:  0 bytes

MaxMetaspaceSize: unlimited
CompressedClassSpaceSize: 1.00 GB
Initial GC threshold: 20.80 MB
Current GC threshold: 20.80 MB
CDS: on

CodeHeap 'non-profiled nmethods': size=119172Kb used=496Kb max_used=496Kb free=118676Kb
 bounds [0x00007f24943bd000, 0x00007f249462d000, 0x00007f249b81e000]
CodeHeap 'profiled nmethods': size=119168Kb used=2561Kb max_used=2561Kb free=116607Kb
 bounds [0x00007f248cf5d000, 0x00007f248d1ed000, 0x00007f24943bd000]
CodeHeap 'non-nmethods': size=7420Kb used=2369Kb max_used=2874Kb free=5050Kb
 bounds [0x00007f248c81e000, 0x00007f248caee000, 0x00007f248cf5d000]
 total_blobs=1890 nmethods=1356 adapters=445
 compilation: enabled
              stopped_count=0, restarted_count=0
 full_count=0

Compilation events (20 events):
Event: 1.671 Thread 0x00007f24a410b000 nmethod 1314 0x00007f2494438d10 code [0x00007f2494438ea0, 0x00007f2494438f38]
Event: 1.678 Thread 0x00007f24500ba800 1349       3       sun.util.locale.LocaleUtils::isUpper (18 bytes)
Event: 1.678 Thread 0x00007f24500ba800 nmethod 1349 0x00007f248d1d5310 code [0x00007f248d1d54c0, 0x00007f248d1d5630]
Event: 1.680 Thread 0x00007f24a410b000 1350       4       java.util.HashSet::add (20 bytes)
Event: 1.680 Thread 0x00007f24a410d000 1351       3       java.util.StringTokenizer::scanToken (179 bytes)
Event: 1.680 Thread 0x00007f24500b8000 1353       3       java.util.StringTokenizer::skipDelimiters (116 bytes)
Event: 1.681 Thread 0x00007f24500ba800 1352       3       java.util.StringTokenizer::hasMoreTokens (29 bytes)
Event: 1.681 Thread 0x00007f24500ba800 nmethod 1352 0x00007f248d1d5690 code [0x00007f248d1d5840, 0x00007f248d1d5a00]
Event: 1.681 Thread 0x00007f24500ba800 1354       3       java.util.StringTokenizer::nextToken (92 bytes)
Event: 1.681 Thread 0x00007f24500ba800 nmethod 1354 0x00007f248d1d5a90 code [0x00007f248d1d5c80, 0x00007f248d1d6010]
Event: 1.682 Thread 0x00007f24500b8000 nmethod 1353 0x00007f248d1d6190 code [0x00007f248d1d6440, 0x00007f248d1d7160]
Event: 1.682 Thread 0x00007f24500ba800 1355       3       java.lang.invoke.MethodType::changeReturnType (20 bytes)
Event: 1.682 Thread 0x00007f24a410d000 nmethod 1351 0x00007f248d1d7690 code [0x00007f248d1d7a20, 0x00007f248d1d8fd0]
Event: 1.682 Thread 0x00007f24a410d000 1357       3       jdk.internal.org.objectweb.asm.FieldWriter::put (475 bytes)
Event: 1.682 Thread 0x00007f24500b8000 1356       3       jdk.internal.org.objectweb.asm.FieldWriter::getSize (262 bytes)
Event: 1.683 Thread 0x00007f24500ba800 nmethod 1355 0x00007f248d1d9790 code [0x00007f248d1d9940, 0x00007f248d1d9b00]
Event: 1.683 Thread 0x00007f24500ba800 1358       3       java.lang.String::charAt (25 bytes)
Event: 1.683 Thread 0x00007f24500b8000 nmethod 1356 0x00007f248d1d9b90 code [0x00007f248d1d9e60, 0x00007f248d1daa60]
Event: 1.683 Thread 0x00007f24500ba800 nmethod 1358 0x00007f248d1db010 code [0x00007f248d1db220, 0x00007f248d1db730]
Event: 1.684 Thread 0x00007f24a410d000 nmethod 1357 0x00007f248d1db990 code [0x00007f248d1dbd80, 0x00007f248d1dcdb0]

GC Heap History (2 events):
Event: 1.553 GC heap before
{Heap before GC invocations=0 (full 0):
 garbage-first heap   total 81920K, used 24264K [0x00000000b3000000, 0x0000000100000000)
  region size 1024K, 24 young (24576K), 0 survivors (0K)
 Metaspace       used 6908K, capacity 8501K, committed 8576K, reserved 1056768K
  class space    used 901K, capacity 1146K, committed 1152K, reserved 1048576K
}
Event: 1.560 GC heap after
{Heap after GC invocations=1 (full 0):
 garbage-first heap   total 81920K, used 3037K [0x00000000b3000000, 0x0000000100000000)
  region size 1024K, 3 young (3072K), 3 survivors (3072K)
 Metaspace       used 6908K, capacity 8501K, committed 8576K, reserved 1056768K
  class space    used 901K, capacity 1146K, committed 1152K, reserved 1048576K
}

Deoptimization events (20 events):
Event: 1.634 Thread 0x00007f24a430f800 Uncommon trap: trap_request=0xffffffc6 fr.pc=0x00007f249442e580 relative=0x00000000000003a0
Event: 1.634 Thread 0x00007f24a430f800 Uncommon trap: reason=bimorphic_or_optimized_type_check action=maybe_recompile pc=0x00007f249442e580 method=java.util.HashMap.getNode(ILjava/lang/Object;)Ljava/util/HashMap$Node; @ 126 c2
Event: 1.634 Thread 0x00007f24a430f800 DEOPT PACKING pc=0x00007f249442e580 sp=0x00007f2467196e60
Event: 1.634 Thread 0x00007f24a430f800 DEOPT UNPACKING pc=0x00007f248c867ea5 sp=0x00007f2467196df8 mode 2
Event: 1.634 Thread 0x00007f24a430f800 Uncommon trap: trap_request=0xffffffc6 fr.pc=0x00007f249442e580 relative=0x00000000000003a0
Event: 1.634 Thread 0x00007f24a430f800 Uncommon trap: reason=bimorphic_or_optimized_type_check action=maybe_recompile pc=0x00007f249442e580 method=java.util.HashMap.getNode(ILjava/lang/Object;)Ljava/util/HashMap$Node; @ 126 c2
Event: 1.634 Thread 0x00007f24a430f800 DEOPT PACKING pc=0x00007f249442e580 sp=0x00007f2467196e60
Event: 1.634 Thread 0x00007f24a430f800 DEOPT UNPACKING pc=0x00007f248c867ea5 sp=0x00007f2467196df8 mode 2
Event: 1.634 Thread 0x00007f24a430f800 Uncommon trap: trap_request=0xffffffc6 fr.pc=0x00007f249442e580 relative=0x00000000000003a0
Event: 1.634 Thread 0x00007f24a430f800 Uncommon trap: reason=bimorphic_or_optimized_type_check action=maybe_recompile pc=0x00007f249442e580 method=java.util.HashMap.getNode(ILjava/lang/Object;)Ljava/util/HashMap$Node; @ 126 c2
Event: 1.634 Thread 0x00007f24a430f800 DEOPT PACKING pc=0x00007f249442e580 sp=0x00007f2467196e60
Event: 1.634 Thread 0x00007f24a430f800 DEOPT UNPACKING pc=0x00007f248c867ea5 sp=0x00007f2467196df8 mode 2
Event: 1.634 Thread 0x00007f24a430f800 Uncommon trap: trap_request=0xffffffc6 fr.pc=0x00007f249442e580 relative=0x00000000000003a0
Event: 1.634 Thread 0x00007f24a430f800 Uncommon trap: reason=bimorphic_or_optimized_type_check action=maybe_recompile pc=0x00007f249442e580 method=java.util.HashMap.getNode(ILjava/lang/Object;)Ljava/util/HashMap$Node; @ 126 c2
Event: 1.634 Thread 0x00007f24a430f800 DEOPT PACKING pc=0x00007f249442e580 sp=0x00007f2467196e60
Event: 1.634 Thread 0x00007f24a430f800 DEOPT UNPACKING pc=0x00007f248c867ea5 sp=0x00007f2467196df8 mode 2
Event: 1.683 Thread 0x00007f24a4016800 Uncommon trap: trap_request=0xffffff4d fr.pc=0x00007f24943c299c relative=0x000000000000007c
Event: 1.683 Thread 0x00007f24a4016800 Uncommon trap: reason=unstable_if action=reinterpret pc=0x00007f24943c299c method=java.lang.String.isLatin1()Z @ 10 c2
Event: 1.683 Thread 0x00007f24a4016800 DEOPT PACKING pc=0x00007f24943c299c sp=0x00007f24ab5ffdb0
Event: 1.683 Thread 0x00007f24a4016800 DEOPT UNPACKING pc=0x00007f248c867ea5 sp=0x00007f24ab5ffd10 mode 2

Classes redefined (0 events):
No events

Internal exceptions (20 events):
Event: 1.468 Thread 0x00007f24a4016800 Exception <a 'java/lang/NoSuchMethodError'{0x00000000b6f3d1d8}: 'java.lang.Object java.lang.invoke.Invokers$Holder.linkToTargetMethod(java.lang.Object, java.lang.Object, java.lang.Object, java.lang.Object, java.lang.Object, java.lang.Object)'> (0x00000000b6f3d1d8) thrown at [src/hotspot/share/interpreter/linkResolver.cpp, line 772]
Event: 1.485 Thread 0x00007f24a4319000 Exception <a 'java/lang/NoSuchMethodError'{0x00000000b6dfba98}: 'void java.lang.invoke.DirectMethodHandle$Holder.invokeStatic(java.lang.Object, java.lang.Object, java.lang.Object, java.lang.Object)'> (0x00000000b6dfba98) thrown at [src/hotspot/share/interpreter/linkResolver.cpp, line 772]
Event: 1.519 Thread 0x00007f24a430f800 Exception <a 'java/lang/NoSuchMethodError'{0x00000000b69e7dd8}: 'java.lang.Object java.lang.invoke.DirectMethodHandle$Holder.invokeStatic(java.lang.Object, java.lang.Object, java.lang.Object, java.lang.Object, java.lang.Object, java.lang.Object, java.lang.Object, java.lang.Object, java.lang.Object, java.lang.Object, java.lang.Object, java.lang.Object, java.lang.Object, java.lang.Object, java.lang.Object)'> (0x00000000b69e7dd8) thrown at [src/hotspot/share/interpreter/linkResolver.cpp, line 772]
Event: 1.519 Thread 0x00007f24a430f800 Exception <a 'java/lang/NoSuchMethodError'{0x00000000b69f5988}: 'java.lang.Object java.lang.invoke.DirectMethodHandle$Holder.invokeStatic(java.lang.Object, java.lang.Object, java.lang.Object, java.lang.Object, java.lang.Object, java.lang.Object, java.lang.Object, java.lang.Object, java.lang.Object, java.lang.Object, java.lang.Object, java.lang.Object, java.lang.Object, java.lang.Object, java.lang.Object, java.lang.Object)'> (0x00000000b69f5988) thrown at [src/hotspot/share/interpreter/linkResolver.cpp, lin
Event: 1.520 Thread 0x00007f24a430f800 Exception <a 'java/lang/NoSuchMethodError'{0x00000000b6804388}: 'java.lang.Object java.lang.invoke.DirectMethodHandle$Holder.invokeSpecial(java.lang.Object, java.lang.Object, int, int, java.lang.Object, java.lang.Object, java.lang.Object)'> (0x00000000b6804388) thrown at [src/hotspot/share/interpreter/linkResolver.cpp, line 772]
Event: 1.520 Thread 0x00007f24a430f800 Exception <a 'java/lang/NoSuchMethodError'{0x00000000b6807918}: 'java.lang.Object java.lang.invoke.DelegatingMethodHandle$Holder.reinvoke_L(java.lang.Object, int, int, java.lang.Object, java.lang.Object, java.lang.Object)'> (0x00000000b6807918) thrown at [src/hotspot/share/interpreter/linkResolver.cpp, line 772]
Event: 1.521 Thread 0x00007f24a430f800 Exception <a 'java/lang/NoSuchMethodError'{0x00000000b680b5b8}: 'java.lang.Object java.lang.invoke.DirectMethodHandle$Holder.invokeStatic(java.lang.Object, java.lang.Object, java.lang.Object, java.lang.Object, int)'> (0x00000000b680b5b8) thrown at [src/hotspot/share/interpreter/linkResolver.cpp, line 772]
Event: 1.527 Thread 0x00007f24a430f800 Exception <a 'sun/nio/fs/UnixException'{0x00000000b68795d8}> (0x00000000b68795d8) thrown at [src/hotspot/share/prims/jni.cpp, line 617]
Event: 1.564 Thread 0x00007f24a430f800 Exception <a 'java/lang/NoSuchMethodError'{0x00000000b7d53b88}: 'java.lang.Object java.lang.invoke.DirectMethodHandle$Holder.invokeStaticInit(java.lang.Object, java.lang.Object, java.lang.Object, java.lang.Object)'> (0x00000000b7d53b88) thrown at [src/hotspot/share/interpreter/linkResolver.cpp, line 772]
Event: 1.564 Thread 0x00007f24a430f800 Exception <a 'java/lang/NullPointerException'{0x00000000b7d615c8}> (0x00000000b7d615c8) thrown at [src/hotspot/share/interpreter/linkResolver.cpp, line 1358]
Event: 1.564 Thread 0x00007f24a430f800 Exception <a 'java/lang/NullPointerException'{0x00000000b7d615c8}> (0x00000000b7d615c8) thrown at [src/hotspot/share/prims/jvm.cpp, line 1310]
Event: 1.566 Thread 0x00007f24a430f800 Exception <a 'java/lang/NoSuchMethodError'{0x00000000b7d86050}: 'void java.lang.invoke.DirectMethodHandle$Holder.invokeSpecial(java.lang.Object, java.lang.Object, java.lang.Object, java.lang.Object, java.lang.Object)'> (0x00000000b7d86050) thrown at [src/hotspot/share/interpreter/linkResolver.cpp, line 772]
Event: 1.579 Thread 0x00007f24a430f800 Exception <a 'java/lang/NoSuchMethodError'{0x00000000b7b398f0}: 'java.lang.Object java.lang.invoke.DirectMethodHandle$Holder.invokeSpecial(java.lang.Object, java.lang.Object, java.lang.Object, int, java.lang.Object)'> (0x00000000b7b398f0) thrown at [src/hotspot/share/interpreter/linkResolver.cpp, line 772]
Event: 1.579 Thread 0x00007f24a430f800 Exception <a 'java/lang/NoSuchMethodError'{0x00000000b7b43898}: 'java.lang.Object java.lang.invoke.Invokers$Holder.linkToTargetMethod(java.lang.Object, int, java.lang.Object, java.lang.Object)'> (0x00000000b7b43898) thrown at [src/hotspot/share/interpreter/linkResolver.cpp, line 772]
Event: 1.591 Thread 0x00007f24a430f800 Exception <a 'java/lang/NoSuchMethodError'{0x00000000b7a29138}: 'java.lang.Object java.lang.invoke.DirectMethodHandle$Holder.invokeStatic(java.lang.Object, java.lang.Object, java.lang.Object, java.lang.Object, java.lang.Object, java.lang.Object, java.lang.Object, java.lang.Object, java.lang.Object, java.lang.Object, java.lang.Object, int)'> (0x00000000b7a29138) thrown at [src/hotspot/share/interpreter/linkResolver.cpp, line 772]
Event: 1.592 Thread 0x00007f24a430f800 Exception <a 'java/lang/NoSuchMethodError'{0x00000000b7a472e0}: 'java.lang.Object java.lang.invoke.DirectMethodHandle$Holder.invokeStatic(java.lang.Object, java.lang.Object, java.lang.Object, java.lang.Object, java.lang.Object, java.lang.Object, java.lang.Object, java.lang.Object, java.lang.Object, java.lang.Object, java.lang.Object, int, int)'> (0x00000000b7a472e0) thrown at [src/hotspot/share/interpreter/linkResolver.cpp, line 772]
Event: 1.593 Thread 0x00007f24a430f800 Exception <a 'java/lang/NoSuchMethodError'{0x00000000b7a66318}: 'java.lang.Object java.lang.invoke.DirectMethodHandle$Holder.invokeStatic(java.lang.Object, java.lang.Object, java.lang.Object, java.lang.Object, java.lang.Object, java.lang.Object, java.lang.Object, java.lang.Object, java.lang.Object, java.lang.Object, java.lang.Object, int, int, java.lang.Object)'> (0x00000000b7a66318) thrown at [src/hotspot/share/interpreter/linkResolver.cpp, line 772]
Event: 1.594 Thread 0x00007f24a430f800 Exception <a 'java/lang/NoSuchMethodError'{0x00000000b7a86cd8}: 'java.lang.Object java.lang.invoke.DirectMethodHandle$Holder.invokeStatic(java.lang.Object, java.lang.Object, java.lang.Object, java.lang.Object, java.lang.Object, java.lang.Object, java.lang.Object, java.lang.Object, java.lang.Object, java.lang.Object, java.lang.Object, int, int, java.lang.Object, java.lang.Object)'> (0x00000000b7a86cd8) thrown at [src/hotspot/share/interpreter/linkResolver.cpp, line 772]
Event: 1.646 Thread 0x00007f24a430f800 Exception <a 'java/lang/NoSuchMethodError'{0x00000000b74668a8}: 'void java.lang.invoke.DirectMethodHandle$Holder.invokeStaticInit(java.lang.Object, java.lang.Object)'> (0x00000000b74668a8) thrown at [src/hotspot/share/interpreter/linkResolver.cpp, line 772]
Event: 1.664 Thread 0x00007f24a4016800 Exception <a 'java/lang/reflect/InvocationTargetException'{0x00000000b727a0e8}> (0x00000000b727a0e8) thrown at [src/hotspot/share/runtime/reflection.cpp, line 1245]

Events (20 events):
Event: 1.664 Executing VM operation: RevokeBias done
Event: 1.664 Thread 0x00007f24a4319000 Thread exited: 0x00007f24a4319000
Event: 1.664 loading class java/lang/Throwable$WrappedPrintStream
Event: 1.664 loading class java/lang/Throwable$PrintStreamOrWriter
Event: 1.664 loading class java/lang/Throwable$PrintStreamOrWriter done
Event: 1.664 loading class java/lang/Throwable$WrappedPrintStream done
Event: 1.664 Thread 0x00007f24a430f800 Thread exited: 0x00007f24a430f800
Event: 1.665 Executing VM operation: RevokeBias
Event: 1.665 Executing VM operation: RevokeBias done
Event: 1.666 Executing VM operation: RevokeBias
Event: 1.666 Executing VM operation: RevokeBias done
Event: 1.678 Executing VM operation: RevokeBias
Event: 1.678 Executing VM operation: RevokeBias done
Event: 1.678 Executing VM operation: RevokeBias
Event: 1.678 Executing VM operation: RevokeBias done
Event: 1.678 Executing VM operation: RevokeBias
Event: 1.679 Executing VM operation: RevokeBias done
Event: 1.679 Executing VM operation: RevokeBias
Event: 1.679 Executing VM operation: RevokeBias done
Event: 1.685 Executing VM operation: Exit


Dynamic libraries:
b3000000-b7e00000 rw-p 00000000 00:00 0 
b7e00000-ffe00000 ---p 00000000 00:00 0 
ffe00000-ffe47000 rw-p 01119000 08:20 75433                              /usr/lib/jvm/java-11-openjdk-amd64/lib/server/classes.jsa
ffe47000-fff00000 rw-p 00000000 00:00 0 
fff00000-fff6b000 rw-p 010ae000 08:20 75433                              /usr/lib/jvm/java-11-openjdk-amd64/lib/server/classes.jsa
fff6b000-100000000 rw-p 00000000 00:00 0 
800000000-800002000 rwxp 00001000 08:20 75433                            /usr/lib/jvm/java-11-openjdk-amd64/lib/server/classes.jsa
800002000-8003cb000 rw-p 00003000 08:20 75433                            /usr/lib/jvm/java-11-openjdk-amd64/lib/server/classes.jsa
8003cb000-800a9a000 r--p 003cc000 08:20 75433                            /usr/lib/jvm/java-11-openjdk-amd64/lib/server/classes.jsa
800a9a000-800a9b000 rw-p 00a9b000 08:20 75433                            /usr/lib/jvm/java-11-openjdk-amd64/lib/server/classes.jsa
800a9b000-8010ad000 r--p 00a9c000 08:20 75433                            /usr/lib/jvm/java-11-openjdk-amd64/lib/server/classes.jsa
840000000-840180000 rw-p 00000000 00:00 0 
840180000-880000000 ---p 00000000 00:00 0 
55a4f483a000-55a4f483b000 r--p 00000000 08:20 75842                      /usr/lib/jvm/java-11-openjdk-amd64/bin/java
55a4f483b000-55a4f483c000 r-xp 00001000 08:20 75842                      /usr/lib/jvm/java-11-openjdk-amd64/bin/java
55a4f483c000-55a4f483d000 r--p 00002000 08:20 75842                      /usr/lib/jvm/java-11-openjdk-amd64/bin/java
55a4f483d000-55a4f483e000 r--p 00002000 08:20 75842                      /usr/lib/jvm/java-11-openjdk-amd64/bin/java
55a4f483e000-55a4f483f000 rw-p 00003000 08:20 75842                      /usr/lib/jvm/java-11-openjdk-amd64/bin/java
55a4f66f6000-55a4f6717000 rw-p 00000000 00:00 0                          [heap]
7f23f0000000-7f23f027e000 rw-p 00000000 00:00 0 
7f23f027e000-7f23f4000000 ---p 00000000 00:00 0 
7f23f8000000-7f23f8021000 rw-p 00000000 00:00 0 
7f23f8021000-7f23fc000000 ---p 00000000 00:00 0 
7f23fc000000-7f23fc021000 rw-p 00000000 00:00 0 
7f23fc021000-7f2400000000 ---p 00000000 00:00 0 
7f2400000000-7f2400021000 rw-p 00000000 00:00 0 
7f2400021000-7f2404000000 ---p 00000000 00:00 0 
7f2404000000-7f2404021000 rw-p 00000000 00:00 0 
7f2404021000-7f2408000000 ---p 00000000 00:00 0 
7f2408000000-7f2408021000 rw-p 00000000 00:00 0 
7f2408021000-7f240c000000 ---p 00000000 00:00 0 
7f240c000000-7f240c021000 rw-p 00000000 00:00 0 
7f240c021000-7f2410000000 ---p 00000000 00:00 0 
7f2410000000-7f2410021000 rw-p 00000000 00:00 0 
7f2410021000-7f2414000000 ---p 00000000 00:00 0 
7f2414000000-7f2414021000 rw-p 00000000 00:00 0 
7f2414021000-7f2418000000 ---p 00000000 00:00 0 
7f24181e9000-7f24181ec000 r-xp 00000000 08:20 88383                      /home/sata/.openjfx/cache/13/libjavafx_font.so
7f24181ec000-7f24183eb000 ---p 00003000 08:20 88383                      /home/sata/.openjfx/cache/13/libjavafx_font.so
7f24183eb000-7f24183ec000 r--p 00002000 08:20 88383                      /home/sata/.openjfx/cache/13/libjavafx_font.so
7f24183ec000-7f24183ed000 rw-p 00003000 08:20 88383                      /home/sata/.openjfx/cache/13/libjavafx_font.so
7f24183ed000-7f24184ad000 rw-p 00000000 00:00 0 
7f24184ad000-7f24185ed000 ---p 00000000 00:00 0 
7f24185ed000-7f24185ee000 ---p 00000000 00:00 0 
7f24185ee000-7f24186ef000 rw-p 00000000 00:00 0 
7f24186ef000-7f24186f0000 ---p 00000000 00:00 0 
7f24186f0000-7f24187f1000 rw-p 00000000 00:00 0 
7f24187f1000-7f24187f2000 ---p 00000000 00:00 0 
7f24187f2000-7f24188f3000 rw-p 00000000 00:00 0 
7f24188f3000-7f24188f4000 ---p 00000000 00:00 0 
7f24188f4000-7f24189f5000 rw-p 00000000 00:00 0 
7f24189f5000-7f24189f6000 ---p 00000000 00:00 0 
7f24189f6000-7f2418af7000 rw-p 00000000 00:00 0 
7f2418af7000-7f2418af8000 ---p 00000000 00:00 0 
7f2418af8000-7f24192f8000 rw-p 00000000 00:00 0 
7f24192f8000-7f24192f9000 ---p 00000000 00:00 0 
7f24192f9000-7f2419af9000 rw-p 00000000 00:00 0 
7f2419af9000-7f2419afa000 ---p 00000000 00:00 0 
7f2419afa000-7f241a2fa000 rw-p 00000000 00:00 0 
7f241a2fa000-7f241a2fe000 r--p 00000000 08:20 12204                      /usr/lib/x86_64-linux-gnu/gio/modules/libdconfsettings.so
7f241a2fe000-7f241a306000 r-xp 00004000 08:20 12204                      /usr/lib/x86_64-linux-gnu/gio/modules/libdconfsettings.so
7f241a306000-7f241a309000 r--p 0000c000 08:20 12204                      /usr/lib/x86_64-linux-gnu/gio/modules/libdconfsettings.so
7f241a309000-7f241a30a000 ---p 0000f000 08:20 12204                      /usr/lib/x86_64-linux-gnu/gio/modules/libdconfsettings.so
7f241a30a000-7f241a30b000 r--p 0000f000 08:20 12204                      /usr/lib/x86_64-linux-gnu/gio/modules/libdconfsettings.so
7f241a30b000-7f241a30c000 rw-p 00010000 08:20 12204                      /usr/lib/x86_64-linux-gnu/gio/modules/libdconfsettings.so
7f241a30c000-7f241a311000 r-xp 00000000 08:20 12290                      /usr/lib/x86_64-linux-gnu/libXtst.so.6.1.0
7f241a311000-7f241a510000 ---p 00005000 08:20 12290                      /usr/lib/x86_64-linux-gnu/libXtst.so.6.1.0
7f241a510000-7f241a511000 r--p 00004000 08:20 12290                      /usr/lib/x86_64-linux-gnu/libXtst.so.6.1.0
7f241a511000-7f241a512000 rw-p 00005000 08:20 12290                      /usr/lib/x86_64-linux-gnu/libXtst.so.6.1.0
7f241a512000-7f241a556000 r-xp 00000000 08:20 88369                      /home/sata/.openjfx/cache/13/libglassgtk2.so
7f241a556000-7f241a756000 ---p 00044000 08:20 88369                      /home/sata/.openjfx/cache/13/libglassgtk2.so
7f241a756000-7f241a758000 r--p 00044000 08:20 88369                      /home/sata/.openjfx/cache/13/libglassgtk2.so
7f241a758000-7f241a759000 rw-p 00046000 08:20 88369                      /home/sata/.openjfx/cache/13/libglassgtk2.so
7f241a759000-7f241a75a000 rw-p 00000000 00:00 0 
7f241a75a000-7f241a75c000 r--p 00000000 08:20 59339                      /usr/lib/x86_64-linux-gnu/libdatrie.so.1.3.5
7f241a75c000-7f241a760000 r-xp 00002000 08:20 59339                      /usr/lib/x86_64-linux-gnu/libdatrie.so.1.3.5
7f241a760000-7f241a762000 r--p 00006000 08:20 59339                      /usr/lib/x86_64-linux-gnu/libdatrie.so.1.3.5
7f241a762000-7f241a763000 r--p 00007000 08:20 59339                      /usr/lib/x86_64-linux-gnu/libdatrie.so.1.3.5
7f241a763000-7f241a764000 rw-p 00008000 08:20 59339                      /usr/lib/x86_64-linux-gnu/libdatrie.so.1.3.5
7f241a764000-7f241a767000 r--p 00000000 08:20 59301                      /usr/lib/x86_64-linux-gnu/libgraphite2.so.3.2.1
7f241a767000-7f241a789000 r-xp 00003000 08:20 59301                      /usr/lib/x86_64-linux-gnu/libgraphite2.so.3.2.1
7f241a789000-7f241a78e000 r--p 00025000 08:20 59301                      /usr/lib/x86_64-linux-gnu/libgraphite2.so.3.2.1
7f241a78e000-7f241a790000 r--p 00029000 08:20 59301                      /usr/lib/x86_64-linux-gnu/libgraphite2.so.3.2.1
7f241a790000-7f241a791000 rw-p 0002b000 08:20 59301                      /usr/lib/x86_64-linux-gnu/libgraphite2.so.3.2.1
7f241a791000-7f241a793000 r--p 00000000 08:20 12708                      /usr/lib/x86_64-linux-gnu/libpcre2-8.so.0.9.0
7f241a793000-7f241a7f7000 r-xp 00002000 08:20 12708                      /usr/lib/x86_64-linux-gnu/libpcre2-8.so.0.9.0
7f241a7f7000-7f241a81f000 r--p 00066000 08:20 12708                      /usr/lib/x86_64-linux-gnu/libpcre2-8.so.0.9.0
7f241a81f000-7f241a820000 r--p 0008d000 08:20 12708                      /usr/lib/x86_64-linux-gnu/libpcre2-8.so.0.9.0
7f241a820000-7f241a821000 rw-p 0008e000 08:20 12708                      /usr/lib/x86_64-linux-gnu/libpcre2-8.so.0.9.0
7f241a821000-7f241a82b000 r--p 00000000 08:20 12349                      /usr/lib/x86_64-linux-gnu/libblkid.so.1.1.0
7f241a82b000-7f241a861000 r-xp 0000a000 08:20 12349                      /usr/lib/x86_64-linux-gnu/libblkid.so.1.1.0
7f241a861000-7f241a871000 r--p 00040000 08:20 12349                      /usr/lib/x86_64-linux-gnu/libblkid.so.1.1.0
7f241a871000-7f241a872000 ---p 00050000 08:20 12349                      /usr/lib/x86_64-linux-gnu/libblkid.so.1.1.0
7f241a872000-7f241a877000 r--p 00050000 08:20 12349                      /usr/lib/x86_64-linux-gnu/libblkid.so.1.1.0
7f241a877000-7f241a878000 rw-p 00055000 08:20 12349                      /usr/lib/x86_64-linux-gnu/libblkid.so.1.1.0
7f241a878000-7f241a87a000 r--p 00000000 08:20 12865                      /usr/lib/x86_64-linux-gnu/libuuid.so.1.3.0
7f241a87a000-7f241a87e000 r-xp 00002000 08:20 12865                      /usr/lib/x86_64-linux-gnu/libuuid.so.1.3.0
7f241a87e000-7f241a87f000 r--p 00006000 08:20 12865                      /usr/lib/x86_64-linux-gnu/libuuid.so.1.3.0
7f241a87f000-7f241a880000 r--p 00006000 08:20 12865                      /usr/lib/x86_64-linux-gnu/libuuid.so.1.3.0
7f241a880000-7f241a881000 rw-p 00007000 08:20 12865                      /usr/lib/x86_64-linux-gnu/libuuid.so.1.3.0
7f241a881000-7f241a883000 r--p 00000000 08:20 2530                       /usr/lib/x86_64-linux-gnu/libpcre.so.3.13.3
7f241a883000-7f241a8d4000 r-xp 00002000 08:20 2530                       /usr/lib/x86_64-linux-gnu/libpcre.so.3.13.3
7f241a8d4000-7f241a8f2000 r--p 00053000 08:20 2530                       /usr/lib/x86_64-linux-gnu/libpcre.so.3.13.3
7f241a8f2000-7f241a8f3000 r--p 00070000 08:20 2530                       /usr/lib/x86_64-linux-gnu/libpcre.so.3.13.3
7f241a8f3000-7f241a8f4000 rw-p 00071000 08:20 2530                       /usr/lib/x86_64-linux-gnu/libpcre.so.3.13.3
7f241a8f4000-7f241a8f6000 r--p 00000000 08:20 59354                      /usr/lib/x86_64-linux-gnu/libthai.so.0.3.1
7f241a8f6000-7f241a8fa000 r-xp 00002000 08:20 59354                      /usr/lib/x86_64-linux-gnu/libthai.so.0.3.1
7f241a8fa000-7f241a8fd000 r--p 00006000 08:20 59354                      /usr/lib/x86_64-linux-gnu/libthai.so.0.3.1
7f241a8fd000-7f241a8fe000 r--p 00008000 08:20 59354                      /usr/lib/x86_64-linux-gnu/libthai.so.0.3.1
7f241a8fe000-7f241a8ff000 rw-p 00009000 08:20 59354                      /usr/lib/x86_64-linux-gnu/libthai.so.0.3.1
7f241a8ff000-7f241a901000 r--p 00000000 08:20 16880                      /usr/lib/x86_64-linux-gnu/libfribidi.so.0.4.0
7f241a901000-7f241a905000 r-xp 00002000 08:20 16880                      /usr/lib/x86_64-linux-gnu/libfribidi.so.0.4.0
7f241a905000-7f241a91a000 r--p 00006000 08:20 16880                      /usr/lib/x86_64-linux-gnu/libfribidi.so.0.4.0
7f241a91a000-7f241a91b000 r--p 0001a000 08:20 16880                      /usr/lib/x86_64-linux-gnu/libfribidi.so.0.4.0
7f241a91b000-7f241a91c000 rw-p 0001b000 08:20 16880                      /usr/lib/x86_64-linux-gnu/libfribidi.so.0.4.0
7f241a91c000-7f241a925000 r--p 00000000 08:20 59315                      /usr/lib/x86_64-linux-gnu/libharfbuzz.so.0.20600.4
7f241a925000-7f241a9ed000 r-xp 00009000 08:20 59315                      /usr/lib/x86_64-linux-gnu/libharfbuzz.so.0.20600.4
7f241a9ed000-7f241aa1e000 r--p 000d1000 08:20 59315                      /usr/lib/x86_64-linux-gnu/libharfbuzz.so.0.20600.4
7f241aa1e000-7f241aa1f000 ---p 00102000 08:20 59315                      /usr/lib/x86_64-linux-gnu/libharfbuzz.so.0.20600.4
7f241aa1f000-7f241aa20000 r--p 00102000 08:20 59315                      /usr/lib/x86_64-linux-gnu/libharfbuzz.so.0.20600.4
7f241aa20000-7f241aa21000 rw-p 00103000 08:20 59315                      /usr/lib/x86_64-linux-gnu/libharfbuzz.so.0.20600.4
7f241aa21000-7f241aa25000 r--p 00000000 08:20 25063                      /usr/lib/x86_64-linux-gnu/libresolv-2.31.so
7f241aa25000-7f241aa35000 r-xp 00004000 08:20 25063                      /usr/lib/x86_64-linux-gnu/libresolv-2.31.so
7f241aa35000-7f241aa39000 r--p 00014000 08:20 25063                      /usr/lib/x86_64-linux-gnu/libresolv-2.31.so
7f241aa39000-7f241aa3a000 r--p 00017000 08:20 25063                      /usr/lib/x86_64-linux-gnu/libresolv-2.31.so
7f241aa3a000-7f241aa3b000 rw-p 00018000 08:20 25063                      /usr/lib/x86_64-linux-gnu/libresolv-2.31.so
7f241aa3b000-7f241aa3d000 rw-p 00000000 00:00 0 
7f241aa3d000-7f241aa43000 r--p 00000000 08:20 12764                      /usr/lib/x86_64-linux-gnu/libselinux.so.1
7f241aa43000-7f241aa5c000 r-xp 00006000 08:20 12764                      /usr/lib/x86_64-linux-gnu/libselinux.so.1
7f241aa5c000-7f241aa63000 r--p 0001f000 08:20 12764                      /usr/lib/x86_64-linux-gnu/libselinux.so.1
7f241aa63000-7f241aa64000 ---p 00026000 08:20 12764                      /usr/lib/x86_64-linux-gnu/libselinux.so.1
7f241aa64000-7f241aa65000 r--p 00026000 08:20 12764                      /usr/lib/x86_64-linux-gnu/libselinux.so.1
7f241aa65000-7f241aa66000 rw-p 00027000 08:20 12764                      /usr/lib/x86_64-linux-gnu/libselinux.so.1
7f241aa66000-7f241aa68000 rw-p 00000000 00:00 0 
7f241aa68000-7f241aa73000 r--p 00000000 08:20 12626                      /usr/lib/x86_64-linux-gnu/libmount.so.1.1.0
7f241aa73000-7f241aab1000 r-xp 0000b000 08:20 12626                      /usr/lib/x86_64-linux-gnu/libmount.so.1.1.0
7f241aab1000-7f241aac4000 r--p 00049000 08:20 12626                      /usr/lib/x86_64-linux-gnu/libmount.so.1.1.0
7f241aac4000-7f241aac7000 r--p 0005b000 08:20 12626                      /usr/lib/x86_64-linux-gnu/libmount.so.1.1.0
7f241aac7000-7f241aac8000 rw-p 0005e000 08:20 12626                      /usr/lib/x86_64-linux-gnu/libmount.so.1.1.0
7f241aac8000-7f241aacd000 r--p 00000000 08:20 12726                      /usr/lib/x86_64-linux-gnu/libpng16.so.16.37.0
7f241aacd000-7f241aaf2000 r-xp 00005000 08:20 12726                      /usr/lib/x86_64-linux-gnu/libpng16.so.16.37.0
7f241aaf2000-7f241aafe000 r--p 0002a000 08:20 12726                      /usr/lib/x86_64-linux-gnu/libpng16.so.16.37.0
7f241aafe000-7f241aaff000 r--p 00035000 08:20 12726                      /usr/lib/x86_64-linux-gnu/libpng16.so.16.37.0
7f241aaff000-7f241ab00000 rw-p 00036000 08:20 12726                      /usr/lib/x86_64-linux-gnu/libpng16.so.16.37.0
7f241ab00000-7f241ab0c000 r--p 00000000 08:20 12466                      /usr/lib/x86_64-linux-gnu/libfreetype.so.6.17.1
7f241ab0c000-7f241ab8c000 r-xp 0000c000 08:20 12466                      /usr/lib/x86_64-linux-gnu/libfreetype.so.6.17.1
7f241ab8c000-7f241abb6000 r--p 0008c000 08:20 12466                      /usr/lib/x86_64-linux-gnu/libfreetype.so.6.17.1
7f241abb6000-7f241abb7000 ---p 000b6000 08:20 12466                      /usr/lib/x86_64-linux-gnu/libfreetype.so.6.17.1
7f241abb7000-7f241abbe000 r--p 000b6000 08:20 12466                      /usr/lib/x86_64-linux-gnu/libfreetype.so.6.17.1
7f241abbe000-7f241abbf000 rw-p 000bd000 08:20 12466                      /usr/lib/x86_64-linux-gnu/libfreetype.so.6.17.1
7f241abbf000-7f241abc9000 r--p 00000000 08:20 48667                      /usr/lib/x86_64-linux-gnu/libpixman-1.so.0.38.4
7f241abc9000-7f241ac4d000 r-xp 0000a000 08:20 48667                      /usr/lib/x86_64-linux-gnu/libpixman-1.so.0.38.4
7f241ac4d000-7f241ac5d000 r--p 0008e000 08:20 48667                      /usr/lib/x86_64-linux-gnu/libpixman-1.so.0.38.4
7f241ac5d000-7f241ac65000 r--p 0009d000 08:20 48667                      /usr/lib/x86_64-linux-gnu/libpixman-1.so.0.38.4
7f241ac65000-7f241ac66000 rw-p 000a5000 08:20 48667                      /usr/lib/x86_64-linux-gnu/libpixman-1.so.0.38.4
7f241ac66000-7f241ac6f000 r-xp 00000000 08:20 12286                      /usr/lib/x86_64-linux-gnu/libXrender.so.1.3.0
7f241ac6f000-7f241ae6e000 ---p 00009000 08:20 12286                      /usr/lib/x86_64-linux-gnu/libXrender.so.1.3.0
7f241ae6e000-7f241ae6f000 r--p 00008000 08:20 12286                      /usr/lib/x86_64-linux-gnu/libXrender.so.1.3.0
7f241ae6f000-7f241ae70000 rw-p 00009000 08:20 12286                      /usr/lib/x86_64-linux-gnu/libXrender.so.1.3.0
7f241ae70000-7f241ae77000 r--p 00000000 08:20 12454                      /usr/lib/x86_64-linux-gnu/libfontconfig.so.1.12.0
7f241ae77000-7f241ae9c000 r-xp 00007000 08:20 12454                      /usr/lib/x86_64-linux-gnu/libfontconfig.so.1.12.0
7f241ae9c000-7f241aeb4000 r--p 0002c000 08:20 12454                      /usr/lib/x86_64-linux-gnu/libfontconfig.so.1.12.0
7f241aeb4000-7f241aeb6000 r--p 00043000 08:20 12454                      /usr/lib/x86_64-linux-gnu/libfontconfig.so.1.12.0
7f241aeb6000-7f241aeb7000 rw-p 00045000 08:20 12454                      /usr/lib/x86_64-linux-gnu/libfontconfig.so.1.12.0
7f241aeb7000-7f241aed3000 r--p 00000000 08:20 12493                      /usr/lib/x86_64-linux-gnu/libglib-2.0.so.0.6400.6
7f241aed3000-7f241af57000 r-xp 0001c000 08:20 12493                      /usr/lib/x86_64-linux-gnu/libglib-2.0.so.0.6400.6
7f241af57000-7f241afdd000 r--p 000a0000 08:20 12493                      /usr/lib/x86_64-linux-gnu/libglib-2.0.so.0.6400.6
7f241afdd000-7f241afde000 r--p 00125000 08:20 12493                      /usr/lib/x86_64-linux-gnu/libglib-2.0.so.0.6400.6
7f241afde000-7f241afdf000 rw-p 00126000 08:20 12493                      /usr/lib/x86_64-linux-gnu/libglib-2.0.so.0.6400.6
7f241afdf000-7f241afe0000 rw-p 00000000 00:00 0 
7f241afe0000-7f241afee000 r--p 00000000 08:20 12501                      /usr/lib/x86_64-linux-gnu/libgobject-2.0.so.0.6400.6
7f241afee000-7f241b024000 r-xp 0000e000 08:20 12501                      /usr/lib/x86_64-linux-gnu/libgobject-2.0.so.0.6400.6
7f241b024000-7f241b03c000 r--p 00044000 08:20 12501                      /usr/lib/x86_64-linux-gnu/libgobject-2.0.so.0.6400.6
7f241b03c000-7f241b03f000 r--p 0005b000 08:20 12501                      /usr/lib/x86_64-linux-gnu/libgobject-2.0.so.0.6400.6
7f241b03f000-7f241b040000 rw-p 0005e000 08:20 12501                      /usr/lib/x86_64-linux-gnu/libgobject-2.0.so.0.6400.6
7f241b040000-7f241b04f000 r--p 00000000 08:20 59367                      /usr/lib/x86_64-linux-gnu/libpango-1.0.so.0.4400.7
7f241b04f000-7f241b074000 r-xp 0000f000 08:20 59367                      /usr/lib/x86_64-linux-gnu/libpango-1.0.so.0.4400.7
7f241b074000-7f241b08b000 r--p 00034000 08:20 59367                      /usr/lib/x86_64-linux-gnu/libpango-1.0.so.0.4400.7
7f241b08b000-7f241b08e000 r--p 0004a000 08:20 59367                      /usr/lib/x86_64-linux-gnu/libpango-1.0.so.0.4400.7
7f241b08e000-7f241b08f000 rw-p 0004d000 08:20 59367                      /usr/lib/x86_64-linux-gnu/libpango-1.0.so.0.4400.7
7f241b08f000-7f241b0c7000 r--p 00000000 08:20 12487                      /usr/lib/x86_64-linux-gnu/libgio-2.0.so.0.6400.6
7f241b0c7000-7f241b1da000 r-xp 00038000 08:20 12487                      /usr/lib/x86_64-linux-gnu/libgio-2.0.so.0.6400.6
7f241b1da000-7f241b264000 r--p 0014b000 08:20 12487                      /usr/lib/x86_64-linux-gnu/libgio-2.0.so.0.6400.6
7f241b264000-7f241b26d000 r--p 001d4000 08:20 12487                      /usr/lib/x86_64-linux-gnu/libgio-2.0.so.0.6400.6
7f241b26d000-7f241b26e000 rw-p 001dd000 08:20 12487                      /usr/lib/x86_64-linux-gnu/libgio-2.0.so.0.6400.6
7f241b26e000-7f241b270000 rw-p 00000000 00:00 0 
7f241b270000-7f241b282000 r--p 00000000 08:20 59237                      /usr/lib/x86_64-linux-gnu/libcairo.so.2.11600.0
7f241b282000-7f241b351000 r-xp 00012000 08:20 59237                      /usr/lib/x86_64-linux-gnu/libcairo.so.2.11600.0
7f241b351000-7f241b38d000 r--p 000e1000 08:20 59237                      /usr/lib/x86_64-linux-gnu/libcairo.so.2.11600.0
7f241b38d000-7f241b391000 r--p 0011c000 08:20 59237                      /usr/lib/x86_64-linux-gnu/libcairo.so.2.11600.0
7f241b391000-7f241b392000 rw-p 00120000 08:20 59237                      /usr/lib/x86_64-linux-gnu/libcairo.so.2.11600.0
7f241b392000-7f241b393000 rw-p 00000000 00:00 0 
7f241b393000-7f241b3f7000 r--p 00000000 08:20 73327                      /usr/lib/x86_64-linux-gnu/libgtk-x11-2.0.so.0.2400.32
7f241b3f7000-7f241b667000 r-xp 00064000 08:20 73327                      /usr/lib/x86_64-linux-gnu/libgtk-x11-2.0.so.0.2400.32
7f241b667000-7f241b7df000 r--p 002d4000 08:20 73327                      /usr/lib/x86_64-linux-gnu/libgtk-x11-2.0.so.0.2400.32
7f241b7df000-7f241b7e6000 r--p 0044b000 08:20 73327                      /usr/lib/x86_64-linux-gnu/libgtk-x11-2.0.so.0.2400.32
7f241b7e6000-7f241b7ea000 rw-p 00452000 08:20 73327                      /usr/lib/x86_64-linux-gnu/libgtk-x11-2.0.so.0.2400.32
7f241b7ea000-7f241b7ed000 rw-p 00000000 00:00 0 
7f241b7ed000-7f241b7ee000 r-xp 00000000 08:20 88368                      /home/sata/.openjfx/cache/13/libglass.so
7f241b7ee000-7f241b9ee000 ---p 00001000 08:20 88368                      /home/sata/.openjfx/cache/13/libglass.so
7f241b9ee000-7f241b9ef000 r--p 00001000 08:20 88368                      /home/sata/.openjfx/cache/13/libglass.so
7f241b9ef000-7f241b9f0000 rw-p 00002000 08:20 88368                      /home/sata/.openjfx/cache/13/libglass.so
7f241b9f0000-7f241b9ff000 r-xp 00000000 08:20 88367                      /home/sata/.openjfx/cache/13/libprism_sw.so
7f241b9ff000-7f241bbfe000 ---p 0000f000 08:20 88367                      /home/sata/.openjfx/cache/13/libprism_sw.so
7f241bbfe000-7f241bbff000 r--p 0000e000 08:20 88367                      /home/sata/.openjfx/cache/13/libprism_sw.so
7f241bbff000-7f241bc00000 rw-p 0000f000 08:20 88367                      /home/sata/.openjfx/cache/13/libprism_sw.so
7f241c000000-7f241c02a000 rw-p 00000000 00:00 0 
7f241c02a000-7f2420000000 ---p 00000000 00:00 0 
7f2420001000-7f2420002000 r--p 00000000 08:20 12523                      /usr/lib/x86_64-linux-gnu/libgthread-2.0.so.0.6400.6
7f2420002000-7f2420003000 r-xp 00001000 08:20 12523                      /usr/lib/x86_64-linux-gnu/libgthread-2.0.so.0.6400.6
7f2420003000-7f2420004000 r--p 00002000 08:20 12523                      /usr/lib/x86_64-linux-gnu/libgthread-2.0.so.0.6400.6
7f2420004000-7f2420005000 r--p 00002000 08:20 12523                      /usr/lib/x86_64-linux-gnu/libgthread-2.0.so.0.6400.6
7f2420005000-7f2420006000 rw-p 00003000 08:20 12523                      /usr/lib/x86_64-linux-gnu/libgthread-2.0.so.0.6400.6
7f2420006000-7f242000b000 r--p 00000000 08:20 48683                      /usr/lib/x86_64-linux-gnu/libxcb-render.so.0.0.0
7f242000b000-7f2420010000 r-