#
# A fatal error has been detected by the Java Runtime Environment:
#
#  SIGSEGV (0xb) at pc=0x00007f5d2316e36a, pid=7127, tid=7162
#
# JRE version: OpenJDK Runtime Environment (11.0.15+10) (build 11.0.15+10-Ubuntu-0ubuntu0.20.04.1)
# Java VM: OpenJDK 64-Bit Server VM (11.0.15+10-Ubuntu-0ubuntu0.20.04.1, mixed mode, sharing, tiered, compressed oops, g1 gc, linux-amd64)
# Problematic frame:
# C  [libnvwgf2umx.so+0x1ad136a]
#
# No core dump will be written. Core dumps have been disabled. To enable core dumping, try "ulimit -c unlimited" before starting Java again
#
# If you would like to submit a bug report, please visit:
#   Unknown
#

---------------  S U M M A R Y ------------

Command Line: --module-path=/home/sata/wsl_repos/Java/demo/target/classes:/home/sata/.m2/repository/org/openjfx/javafx-controls/13/javafx-controls-13-linux.jar:/home/sata/.m2/repository/org/openjfx/javafx-graphics/13/javafx-graphics-13-linux.jar:/home/sata/.m2/repository/org/openjfx/javafx-base/13/javafx-base-13-linux.jar:/home/sata/.m2/repository/org/openjfx/javafx-fxml/13/javafx-fxml-13-linux.jar -Djdk.module.main=intro.example intro.example/intro.example.App

Host: AMD Ryzen 7 5800U with Radeon Graphics, 16 cores, 4G, Ubuntu 20.04.4 LTS
Time: Thu Jun  9 11:13:56 2022 CEST elapsed time: 1.650155 seconds (0d 0h 0m 1s)

---------------  T H R E A D  ---------------

Current thread is native thread

Stack: [0x00007f5d20caf000,0x00007f5d214ae000],  sp=0x00007f5d214ace30,  free space=8183k
Native frames: (J=compiled Java code, A=aot compiled Java code, j=interpreted, Vv=VM code, C=native code)
C  [libnvwgf2umx.so+0x1ad136a]


siginfo: si_signo: 11 (SIGSEGV), si_code: 1 (SEGV_MAPERR), si_addr: 0x00007f5d214ae000

Register to memory mapping:

RAX=
[error occurred during error reporting (printing register info), id 0xb, SIGSEGV (0xb) at pc=0x00007f5daa0ffc7c]

Registers:
RAX=0x000000000000000e, RBX=0x00007f5d301cac40, RCX=0x00007f5d302376e0, RDX=0x0000000000000000
RSP=0x00007f5d214ace30, RBP=0x00007f5d302362e0, RSI=0x0000000000000000, RDI=0x00007f5d301cac40
R8 =0x0000000000000000, R9 =0x00007fffa476a080, R10=0x00000000000712a2, R11=0x0000000000000000
R12=0x00007f5d214acea8, R13=0x00007f5d214ae000, R14=0x0000000000000000, R15=0x00007f5d218d7c01
RIP=0x00007f5d2316e36a, EFLAGS=0x0000000000010246, CSGSFS=0x002b000000000033, ERR=0x0000000000000004
  TRAPNO=0x000000000000000e

Top of Stack: (sp=0x00007f5d214ace30)
0x00007f5d214ace30:   00007f5d301cac40 0000000000011f48
0x00007f5d214ace40:   0000000062a1b9d4 000000000000f7c8
0x00007f5d214ace50:   00007f5d301cad18 0000000000000001
0x00007f5d214ace60:   00007f5d214acea8 00007f5d301cac40 

Instructions: (pc=0x00007f5d2316e36a)
0x00007f5d2316e26a:   f2 fa ff ff 48 83 c4 20 48 89 e6 48 89 df e8 13
0x00007f5d2316e27a:   a2 37 ff 48 89 e7 e8 8b 98 37 ff 48 8b 7c 24 20
0x00007f5d2316e28a:   e8 21 75 37 ff 48 8d 7c 24 08 e8 d7 36 01 00 48
0x00007f5d2316e29a:   89 d8 48 83 c4 28 5b 41 5c 41 5d 41 5e 41 5f 5d
0x00007f5d2316e2aa:   c3 eb 22 eb 36 eb 1e eb 32 eb 1a eb 2e eb 16 eb
0x00007f5d2316e2ba:   2a eb 12 eb 26 eb 0e eb 22 eb 0a eb 1e eb 06 eb
0x00007f5d2316e2ca:   1a eb 02 eb 16 48 89 c5 48 89 e7 e8 36 98 37 ff
0x00007f5d2316e2da:   eb 0c eb 07 48 89 c5 eb 0d eb 00 48 89 c5 48 89
0x00007f5d2316e2ea:   df e8 20 98 37 ff 48 8d 7c 24 08 e8 76 36 01 00
0x00007f5d2316e2fa:   48 89 ef e8 6e f6 22 ff cc cc cc cc cc cc cc cc
0x00007f5d2316e30a:   cc cc cc cc cc cc 55 41 57 41 56 41 55 41 54 53
0x00007f5d2316e31a:   48 83 ec 38 48 89 3c 24 f6 47 28 10 0f 84 03 02
0x00007f5d2316e32a:   00 00 48 89 f5 8b 46 10 85 c0 0f 84 f5 01 00 00
0x00007f5d2316e33a:   4c 8b 6d 20 41 b7 01 be 00 00 00 00 31 d2 45 31
0x00007f5d2316e34a:   f6 eb 1d 90 90 90 8b 45 10 48 8b 54 24 10 48 83
0x00007f5d2316e35a:   c2 01 89 c1 83 c6 01 48 39 ca 0f 83 56 01 00 00
0x00007f5d2316e36a:   41 8b 4c 95 00 0f b7 c9 3b 8c 95 44 04 00 00 74
0x00007f5d2316e37a:   dd 89 8c 95 44 04 00 00 8b 4d 0c 85 c9 74 cf 48
0x00007f5d2316e38a:   89 54 24 10 45 31 e4 89 74 24 0c eb 15 8b 74 24
0x00007f5d2316e39a:   0c 90 90 90 90 90 41 83 c4 01 8b 4d 0c 41 39 cc
0x00007f5d2316e3aa:   73 a4 0f af ce 44 01 e1 41 0f b6 84 0d 80 88 00
0x00007f5d2316e3ba:   00 24 7f 8d 50 e0 80 fa 13 77 db 48 8b 95 48 08
0x00007f5d2316e3ca:   00 00 3a 04 0a 74 cf 88 04 0a 41 f6 c7 01 75 0f
0x00007f5d2316e3da:   41 b6 01 48 8b 04 24 f6 40 28 20 75 b9 eb 34 48
0x00007f5d2316e3ea:   89 ee 48 8b 1c 24 48 8d 6c 24 18 48 89 ef 49 89
0x00007f5d2316e3fa:   f6 31 d2 31 c9 e8 3c 06 00 00 48 89 df 48 89 ee
0x00007f5d2316e40a:   e8 31 da ff ff 48 89 ef e8 f9 96 37 ff 45 31 ff
0x00007f5d2316e41a:   4c 89 f5 8b 55 04 4c 8d 74 24 18 4c 89 f7 48 8b
0x00007f5d2316e42a:   1c 24 48 89 de 48 8b 4c 24 10 45 89 e0 e8 a4 fa
0x00007f5d2316e43a:   ff ff 48 89 df 4c 89 f6 e8 f9 d9 ff ff 4c 89 f7
0x00007f5d2316e44a:   e8 c1 96 37 ff 48 8b 04 24 48 8b b8 40 01 00 00
0x00007f5d2316e45a:   41 b6 01 48 85 ff 0f 84 31 ff ff ff e8 b5 04 00 


Stack slot to memory mapping:
stack at sp + 0 slots: 
[error occurred during error reporting (inspecting top of stack), id 0xb, SIGSEGV (0xb) at pc=0x00007f5daa0ffc7c]


---------------  P R O C E S S  ---------------

VM state:at safepoint (shutting down)

VM Mutex/Monitor currently owned by a thread:  ([mutex/lock_event])
[0x00007f5da4013670] Threads_lock - owner thread: 0x00007f5da40f9800

Heap address: 0x00000000b3000000, size: 1232 MB, Compressed Oops mode: 32-bit
Narrow klass base: 0x0000000800000000, Narrow klass shift: 3
Compressed class space size: 1073741824 Address: 0x0000000840000000

Heap:
 garbage-first heap   total 81920K, used 14202K [0x00000000b3000000, 0x0000000100000000)
  region size 1024K, 15 young (15360K), 3 survivors (3072K)
 Metaspace       used 9087K, capacity 10357K, committed 10496K, reserved 1058816K
  class space    used 1220K, capacity 1448K, committed 1536K, reserved 1048576K
Heap Regions: E=young(eden), S=young(survivor), O=old, HS=humongous(starts), HC=humongous(continues), CS=collection set, F=free, A=archive, TAMS=top-at-mark-start (previous, next)
|   0|0x00000000b3000000, 0x00000000b3000000, 0x00000000b3100000|  0%| F|  |TAMS 0x00000000b3000000, 0x00000000b3000000| Untracked 
|   1|0x00000000b3100000, 0x00000000b3100000, 0x00000000b3200000|  0%| F|  |TAMS 0x00000000b3100000, 0x00000000b3100000| Untracked 
|   2|0x00000000b3200000, 0x00000000b3200000, 0x00000000b3300000|  0%| F|  |TAMS 0x00000000b3200000, 0x00000000b3200000| Untracked 
|   3|0x00000000b3300000, 0x00000000b3300000, 0x00000000b3400000|  0%| F|  |TAMS 0x00000000b3300000, 0x00000000b3300000| Untracked 
|   4|0x00000000b3400000, 0x00000000b3400000, 0x00000000b3500000|  0%| F|  |TAMS 0x00000000b3400000, 0x00000000b3400000| Untracked 
|   5|0x00000000b3500000, 0x00000000b3500000, 0x00000000b3600000|  0%| F|  |TAMS 0x00000000b3500000, 0x00000000b3500000| Untracked 
|   6|0x00000000b3600000, 0x00000000b3600000, 0x00000000b3700000|  0%| F|  |TAMS 0x00000000b3600000, 0x00000000b3600000| Untracked 
|   7|0x00000000b3700000, 0x00000000b3700000, 0x00000000b3800000|  0%| F|  |TAMS 0x00000000b3700000, 0x00000000b3700000| Untracked 
|   8|0x00000000b3800000, 0x00000000b3800000, 0x00000000b3900000|  0%| F|  |TAMS 0x00000000b3800000, 0x00000000b3800000| Untracked 
|   9|0x00000000b3900000, 0x00000000b3900000, 0x00000000b3a00000|  0%| F|  |TAMS 0x00000000b3900000, 0x00000000b3900000| Untracked 
|  10|0x00000000b3a00000, 0x00000000b3a00000, 0x00000000b3b00000|  0%| F|  |TAMS 0x00000000b3a00000, 0x00000000b3a00000| Untracked 
|  11|0x00000000b3b00000, 0x00000000b3b00000, 0x00000000b3c00000|  0%| F|  |TAMS 0x00000000b3b00000, 0x00000000b3b00000| Untracked 
|  12|0x00000000b3c00000, 0x00000000b3c00000, 0x00000000b3d00000|  0%| F|  |TAMS 0x00000000b3c00000, 0x00000000b3c00000| Untracked 
|  13|0x00000000b3d00000, 0x00000000b3d00000, 0x00000000b3e00000|  0%| F|  |TAMS 0x00000000b3d00000, 0x00000000b3d00000| Untracked 
|  14|0x00000000b3e00000, 0x00000000b3e00000, 0x00000000b3f00000|  0%| F|  |TAMS 0x00000000b3e00000, 0x00000000b3e00000| Untracked 
|  15|0x00000000b3f00000, 0x00000000b3f00000, 0x00000000b4000000|  0%| F|  |TAMS 0x00000000b3f00000, 0x00000000b3f00000| Untracked 
|  16|0x00000000b4000000, 0x00000000b4000000, 0x00000000b4100000|  0%| F|  |TAMS 0x00000000b4000000, 0x00000000b4000000| Untracked 
|  17|0x00000000b4100000, 0x00000000b4100000, 0x00000000b4200000|  0%| F|  |TAMS 0x00000000b4100000, 0x00000000b4100000| Untracked 
|  18|0x00000000b4200000, 0x00000000b4200000, 0x00000000b4300000|  0%| F|  |TAMS 0x00000000b4200000, 0x00000000b4200000| Untracked 
|  19|0x00000000b4300000, 0x00000000b4300000, 0x00000000b4400000|  0%| F|  |TAMS 0x00000000b4300000, 0x00000000b4300000| Untracked 
|  20|0x00000000b4400000, 0x00000000b4400000, 0x00000000b4500000|  0%| F|  |TAMS 0x00000000b4400000, 0x00000000b4400000| Untracked 
|  21|0x00000000b4500000, 0x00000000b4500000, 0x00000000b4600000|  0%| F|  |TAMS 0x00000000b4500000, 0x00000000b4500000| Untracked 
|  22|0x00000000b4600000, 0x00000000b4600000, 0x00000000b4700000|  0%| F|  |TAMS 0x00000000b4600000, 0x00000000b4600000| Untracked 
|  23|0x00000000b4700000, 0x00000000b4700000, 0x00000000b4800000|  0%| F|  |TAMS 0x00000000b4700000, 0x00000000b4700000| Untracked 
|  24|0x00000000b4800000, 0x00000000b4800000, 0x00000000b4900000|  0%| F|  |TAMS 0x00000000b4800000, 0x00000000b4800000| Untracked 
|  25|0x00000000b4900000, 0x00000000b4900000, 0x00000000b4a00000|  0%| F|  |TAMS 0x00000000b4900000, 0x00000000b4900000| Untracked 
|  26|0x00000000b4a00000, 0x00000000b4a00000, 0x00000000b4b00000|  0%| F|  |TAMS 0x00000000b4a00000, 0x00000000b4a00000| Untracked 
|  27|0x00000000b4b00000, 0x00000000b4b00000, 0x00000000b4c00000|  0%| F|  |TAMS 0x00000000b4b00000, 0x00000000b4b00000| Untracked 
|  28|0x00000000b4c00000, 0x00000000b4c00000, 0x00000000b4d00000|  0%| F|  |TAMS 0x00000000b4c00000, 0x00000000b4c00000| Untracked 
|  29|0x00000000b4d00000, 0x00000000b4d00000, 0x00000000b4e00000|  0%| F|  |TAMS 0x00000000b4d00000, 0x00000000b4d00000| Untracked 
|  30|0x00000000b4e00000, 0x00000000b4e00000, 0x00000000b4f00000|  0%| F|  |TAMS 0x00000000b4e00000, 0x00000000b4e00000| Untracked 
|  31|0x00000000b4f00000, 0x00000000b4f00000, 0x00000000b5000000|  0%| F|  |TAMS 0x00000000b4f00000, 0x00000000b4f00000| Untracked 
|  32|0x00000000b5000000, 0x00000000b5000000, 0x00000000b5100000|  0%| F|  |TAMS 0x00000000b5000000, 0x00000000b5000000| Untracked 
|  33|0x00000000b5100000, 0x00000000b5100000, 0x00000000b5200000|  0%| F|  |TAMS 0x00000000b5100000, 0x00000000b5100000| Untracked 
|  34|0x00000000b5200000, 0x00000000b5200000, 0x00000000b5300000|  0%| F|  |TAMS 0x00000000b5200000, 0x00000000b5200000| Untracked 
|  35|0x00000000b5300000, 0x00000000b5300000, 0x00000000b5400000|  0%| F|  |TAMS 0x00000000b5300000, 0x00000000b5300000| Untracked 
|  36|0x00000000b5400000, 0x00000000b5400000, 0x00000000b5500000|  0%| F|  |TAMS 0x00000000b5400000, 0x00000000b5400000| Untracked 
|  37|0x00000000b5500000, 0x00000000b5500000, 0x00000000b5600000|  0%| F|  |TAMS 0x00000000b5500000, 0x00000000b5500000| Untracked 
|  38|0x00000000b5600000, 0x00000000b5600000, 0x00000000b5700000|  0%| F|  |TAMS 0x00000000b5600000, 0x00000000b5600000| Untracked 
|  39|0x00000000b5700000, 0x00000000b5700000, 0x00000000b5800000|  0%| F|  |TAMS 0x00000000b5700000, 0x00000000b5700000| Untracked 
|  40|0x00000000b5800000, 0x00000000b5800000, 0x00000000b5900000|  0%| F|  |TAMS 0x00000000b5800000, 0x00000000b5800000| Untracked 
|  41|0x00000000b5900000, 0x00000000b5900000, 0x00000000b5a00000|  0%| F|  |TAMS 0x00000000b5900000, 0x00000000b5900000| Untracked 
|  42|0x00000000b5a00000, 0x00000000b5a00000, 0x00000000b5b00000|  0%| F|  |TAMS 0x00000000b5a00000, 0x00000000b5a00000| Untracked 
|  43|0x00000000b5b00000, 0x00000000b5b00000, 0x00000000b5c00000|  0%| F|  |TAMS 0x00000000b5b00000, 0x00000000b5b00000| Untracked 
|  44|0x00000000b5c00000, 0x00000000b5c00000, 0x00000000b5d00000|  0%| F|  |TAMS 0x00000000b5c00000, 0x00000000b5c00000| Untracked 
|  45|0x00000000b5d00000, 0x00000000b5d00000, 0x00000000b5e00000|  0%| F|  |TAMS 0x00000000b5d00000, 0x00000000b5d00000| Untracked 
|  46|0x00000000b5e00000, 0x00000000b5e00000, 0x00000000b5f00000|  0%| F|  |TAMS 0x00000000b5e00000, 0x00000000b5e00000| Untracked 
|  47|0x00000000b5f00000, 0x00000000b5f00000, 0x00000000b6000000|  0%| F|  |TAMS 0x00000000b5f00000, 0x00000000b5f00000| Untracked 
|  48|0x00000000b6000000, 0x00000000b6000000, 0x00000000b6100000|  0%| F|  |TAMS 0x00000000b6000000, 0x00000000b6000000| Untracked 
|  49|0x00000000b6100000, 0x00000000b6100000, 0x00000000b6200000|  0%| F|  |TAMS 0x00000000b6100000, 0x00000000b6100000| Untracked 
|  50|0x00000000b6200000, 0x00000000b6200000, 0x00000000b6300000|  0%| F|  |TAMS 0x00000000b6200000, 0x00000000b6200000| Untracked 
|  51|0x00000000b6300000, 0x00000000b632c918, 0x00000000b6400000| 17%| S|CS|TAMS 0x00000000b6300000, 0x00000000b6300000| Complete 
|  52|0x00000000b6400000, 0x00000000b6500000, 0x00000000b6500000|100%| S|CS|TAMS 0x00000000b6400000, 0x00000000b6400000| Complete 
|  53|0x00000000b6500000, 0x00000000b6600000, 0x00000000b6600000|100%| S|CS|TAMS 0x00000000b6500000, 0x00000000b6500000| Complete 
|  54|0x00000000b6600000, 0x00000000b6600000, 0x00000000b6700000|  0%| F|  |TAMS 0x00000000b6600000, 0x00000000b6600000| Untracked 
|  55|0x00000000b6700000, 0x00000000b6700000, 0x00000000b6800000|  0%| F|  |TAMS 0x00000000b6700000, 0x00000000b6700000| Untracked 
|  56|0x00000000b6800000, 0x00000000b6800000, 0x00000000b6900000|  0%| F|  |TAMS 0x00000000b6800000, 0x00000000b6800000| Untracked 
|  57|0x00000000b6900000, 0x00000000b6900000, 0x00000000b6a00000|  0%| F|  |TAMS 0x00000000b6900000, 0x00000000b6900000| Untracked 
|  58|0x00000000b6a00000, 0x00000000b6a00000, 0x00000000b6b00000|  0%| F|  |TAMS 0x00000000b6a00000, 0x00000000b6a00000| Untracked 
|  59|0x00000000b6b00000, 0x00000000b6b00000, 0x00000000b6c00000|  0%| F|  |TAMS 0x00000000b6b00000, 0x00000000b6b00000| Untracked 
|  60|0x00000000b6c00000, 0x00000000b6c00000, 0x00000000b6d00000|  0%| F|  |TAMS 0x00000000b6c00000, 0x00000000b6c00000| Untracked 
|  61|0x00000000b6d00000, 0x00000000b6d00000, 0x00000000b6e00000|  0%| F|  |TAMS 0x00000000b6d00000, 0x00000000b6d00000| Untracked 
|  62|0x00000000b6e00000, 0x00000000b6e00000, 0x00000000b6f00000|  0%| F|  |TAMS 0x00000000b6e00000, 0x00000000b6e00000| Untracked 
|  63|0x00000000b6f00000, 0x00000000b6f00000, 0x00000000b7000000|  0%| F|  |TAMS 0x00000000b6f00000, 0x00000000b6f00000| Untracked 
|  64|0x00000000b7000000, 0x00000000b7000000, 0x00000000b7100000|  0%| F|  |TAMS 0x00000000b7000000, 0x00000000b7000000| Untracked 
|  65|0x00000000b7100000, 0x00000000b7100000, 0x00000000b7200000|  0%| F|  |TAMS 0x00000000b7100000, 0x00000000b7100000| Untracked 
|  66|0x00000000b7200000, 0x00000000b7280800, 0x00000000b7300000| 50%| E|  |TAMS 0x00000000b7200000, 0x00000000b7200000| Complete 
|  67|0x00000000b7300000, 0x00000000b7400000, 0x00000000b7400000|100%| E|CS|TAMS 0x00000000b7300000, 0x00000000b7300000| Complete 
|  68|0x00000000b7400000, 0x00000000b7500000, 0x00000000b7500000|100%| E|CS|TAMS 0x00000000b7400000, 0x00000000b7400000| Complete 
|  69|0x00000000b7500000, 0x00000000b7600000, 0x00000000b7600000|100%| E|CS|TAMS 0x00000000b7500000, 0x00000000b7500000| Complete 
|  70|0x00000000b7600000, 0x00000000b7700000, 0x00000000b7700000|100%| E|CS|TAMS 0x00000000b7600000, 0x00000000b7600000| Complete 
|  71|0x00000000b7700000, 0x00000000b7800000, 0x00000000b7800000|100%| E|CS|TAMS 0x00000000b7700000, 0x00000000b7700000| Complete 
|  72|0x00000000b7800000, 0x00000000b7900000, 0x00000000b7900000|100%| E|CS|TAMS 0x00000000b7800000, 0x00000000b7800000| Complete 
|  73|0x00000000b7900000, 0x00000000b7a00000, 0x00000000b7a00000|100%| E|CS|TAMS 0x00000000b7900000, 0x00000000b7900000| Complete 
|  74|0x00000000b7a00000, 0x00000000b7b00000, 0x00000000b7b00000|100%| E|CS|TAMS 0x00000000b7a00000, 0x00000000b7a00000| Complete 
|  75|0x00000000b7b00000, 0x00000000b7c00000, 0x00000000b7c00000|100%| E|CS|TAMS 0x00000000b7b00000, 0x00000000b7b00000| Complete 
|  76|0x00000000b7c00000, 0x00000000b7d00000, 0x00000000b7d00000|100%| E|CS|TAMS 0x00000000b7c00000, 0x00000000b7c00000| Complete 
|  77|0x00000000b7d00000, 0x00000000b7e00000, 0x00000000b7e00000|100%| E|CS|TAMS 0x00000000b7d00000, 0x00000000b7d00000| Complete 
|1230|0x00000000ffe00000, 0x00000000ffe47000, 0x00000000fff00000| 27%|OA|  |TAMS 0x00000000ffe00000, 0x00000000ffe00000| Untracked 
|1231|0x00000000fff00000, 0x00000000fff6b000, 0x0000000100000000| 41%|CA|  |TAMS 0x00000000fff00000, 0x00000000fff00000| Untracked 

Card table byte_map: [0x00007f5d8c14c000,0x00007f5d8c3b4000] _byte_map_base: 0x00007f5d8bbb4000

Marking Bits (Prev, Next): (CMBitMap*) 0x00007f5da404ada8, (CMBitMap*) 0x00007f5da404ade0
 Prev Bits: [0x00007f5d86a58000, 0x00007f5d87d98000)
 Next Bits: [0x00007f5d85718000, 0x00007f5d86a58000)

Polling page: 0x00007f5da8e34000

Metaspace:

Usage:
  Non-class:      8.70 MB capacity,     7.68 MB ( 88%) used,   998.11 KB ( 11%) free+waste,    44.00 KB ( <1%) overhead. 
      Class:      1.41 MB capacity,     1.19 MB ( 84%) used,   204.00 KB ( 14%) free+waste,    23.56 KB (  2%) overhead. 
       Both:     10.11 MB capacity,     8.87 MB ( 88%) used,     1.17 MB ( 12%) free+waste,    67.56 KB ( <1%) overhead. 

Virtual space:
  Non-class space:       10.00 MB reserved,       8.75 MB ( 88%) committed 
      Class space:        1.00 GB reserved,       1.50 MB ( <1%) committed 
             Both:        1.01 GB reserved,      10.25 MB ( <1%) committed 

Chunk freelists:
   Non-Class:  31.00 KB
       Class:  0 bytes
        Both:  31.00 KB

MaxMetaspaceSize: unlimited
CompressedClassSpaceSize: 1.00 GB
Initial GC threshold: 20.80 MB
Current GC threshold: 20.80 MB
CDS: on

CodeHeap 'non-profiled nmethods': size=119172Kb used=507Kb max_used=507Kb free=118664Kb
 bounds [0x00007f5d943bd000, 0x00007f5d9462d000, 0x00007f5d9b81e000]
CodeHeap 'profiled nmethods': size=119168Kb used=2545Kb max_used=2545Kb free=116623Kb
 bounds [0x00007f5d8cf5d000, 0x00007f5d8d1dd000, 0x00007f5d943bd000]
CodeHeap 'non-nmethods': size=7420Kb used=2369Kb max_used=2874Kb free=5050Kb
 bounds [0x00007f5d8c81e000, 0x00007f5d8cafe000, 0x00007f5d8cf5d000]
 total_blobs=1884 nmethods=1350 adapters=445
 compilation: enabled
              stopped_count=0, restarted_count=0
 full_count=0

Compilation events (20 events):
Event: 1.631 Thread 0x00007f5d580d2800 nmethod 1341 0x00007f5d8d1d0a90 code [0x00007f5d8d1d0c60, 0x00007f5d8d1d11b0]
Event: 1.632 Thread 0x00007f5d4418f800 nmethod 1316 0x00007f5d9443ba10 code [0x00007f5d9443bba0, 0x00007f5d9443bcd8]
Event: 1.633 Thread 0x00007f5da410d000 1343       3       sun.util.locale.LocaleUtils::isUpper (18 bytes)
Event: 1.633 Thread 0x00007f5da410d000 nmethod 1343 0x00007f5d8d1d1310 code [0x00007f5d8d1d14c0, 0x00007f5d8d1d1630]
Event: 1.635 Thread 0x00007f5d580a7800 1344       3       java.util.StringTokenizer::scanToken (179 bytes)
Event: 1.635 Thread 0x00007f5da410d000 1346       3       java.util.StringTokenizer::skipDelimiters (116 bytes)
Event: 1.635 Thread 0x00007f5d580d2800 1345       3       java.util.StringTokenizer::hasMoreTokens (29 bytes)
Event: 1.635 Thread 0x00007f5d580d2800 nmethod 1345 0x00007f5d8d1d1690 code [0x00007f5d8d1d1840, 0x00007f5d8d1d1a00]
Event: 1.635 Thread 0x00007f5d580d2800 1347       3       java.util.StringTokenizer::nextToken (92 bytes)
Event: 1.636 Thread 0x00007f5d580d2800 nmethod 1347 0x00007f5d8d1d1a90 code [0x00007f5d8d1d1c80, 0x00007f5d8d1d2010]
Event: 1.636 Thread 0x00007f5da410d000 nmethod 1346 0x00007f5d8d1d2190 code [0x00007f5d8d1d2440, 0x00007f5d8d1d3160]
Event: 1.636 Thread 0x00007f5d580a7800 nmethod 1344 0x00007f5d8d1d3690 code [0x00007f5d8d1d3a20, 0x00007f5d8d1d4fd0]
Event: 1.637 Thread 0x00007f5d580d2800 1348       3       java.lang.invoke.MethodType::changeReturnType (20 bytes)
Event: 1.637 Thread 0x00007f5da410d000 1349       3       jdk.internal.org.objectweb.asm.FieldWriter::getSize (262 bytes)
Event: 1.637 Thread 0x00007f5d580a7800 1350       3       jdk.internal.org.objectweb.asm.FieldWriter::put (475 bytes)
Event: 1.637 Thread 0x00007f5d580d2800 nmethod 1348 0x00007f5d8d1d5790 code [0x00007f5d8d1d5940, 0x00007f5d8d1d5b00]
Event: 1.637 Thread 0x00007f5d580d2800 1351       3       java.lang.String::charAt (25 bytes)
Event: 1.637 Thread 0x00007f5da410d000 nmethod 1349 0x00007f5d8d1d5b90 code [0x00007f5d8d1d5e60, 0x00007f5d8d1d6a60]
Event: 1.638 Thread 0x00007f5d580d2800 nmethod 1351 0x00007f5d8d1d7010 code [0x00007f5d8d1d7220, 0x00007f5d8d1d7730]
Event: 1.638 Thread 0x00007f5d580a7800 nmethod 1350 0x00007f5d8d1d7990 code [0x00007f5d8d1d7d80, 0x00007f5d8d1d8db0]

GC Heap History (2 events):
Event: 1.522 GC heap before
{Heap before GC invocations=0 (full 0):
 garbage-first heap   total 81920K, used 24264K [0x00000000b3000000, 0x0000000100000000)
  region size 1024K, 24 young (24576K), 0 survivors (0K)
 Metaspace       used 6969K, capacity 8565K, committed 8576K, reserved 1056768K
  class space    used 900K, capacity 1146K, committed 1152K, reserved 1048576K
}
Event: 1.528 GC heap after
{Heap after GC invocations=1 (full 0):
 garbage-first heap   total 81920K, used 2938K [0x00000000b3000000, 0x0000000100000000)
  region size 1024K, 3 young (3072K), 3 survivors (3072K)
 Metaspace       used 6969K, capacity 8565K, committed 8576K, reserved 1056768K
  class space    used 900K, capacity 1146K, committed 1152K, reserved 1048576K
}

Deoptimization events (20 events):
Event: 1.594 Thread 0x00007f5da42e4000 Uncommon trap: trap_request=0xffffffc6 fr.pc=0x00007f5d94430e00 relative=0x00000000000003a0
Event: 1.594 Thread 0x00007f5da42e4000 Uncommon trap: reason=bimorphic_or_optimized_type_check action=maybe_recompile pc=0x00007f5d94430e00 method=java.util.HashMap.getNode(ILjava/lang/Object;)Ljava/util/HashMap$Node; @ 126 c2
Event: 1.594 Thread 0x00007f5da42e4000 DEOPT PACKING pc=0x00007f5d94430e00 sp=0x00007f5d7cb09e60
Event: 1.594 Thread 0x00007f5da42e4000 DEOPT UNPACKING pc=0x00007f5d8c867ea5 sp=0x00007f5d7cb09df8 mode 2
Event: 1.594 Thread 0x00007f5da42e4000 Uncommon trap: trap_request=0xffffffc6 fr.pc=0x00007f5d94430e00 relative=0x00000000000003a0
Event: 1.594 Thread 0x00007f5da42e4000 Uncommon trap: reason=bimorphic_or_optimized_type_check action=maybe_recompile pc=0x00007f5d94430e00 method=java.util.HashMap.getNode(ILjava/lang/Object;)Ljava/util/HashMap$Node; @ 126 c2
Event: 1.594 Thread 0x00007f5da42e4000 DEOPT PACKING pc=0x00007f5d94430e00 sp=0x00007f5d7cb09e60
Event: 1.594 Thread 0x00007f5da42e4000 DEOPT UNPACKING pc=0x00007f5d8c867ea5 sp=0x00007f5d7cb09df8 mode 2
Event: 1.594 Thread 0x00007f5da42e4000 Uncommon trap: trap_request=0xffffffc6 fr.pc=0x00007f5d94430e00 relative=0x00000000000003a0
Event: 1.594 Thread 0x00007f5da42e4000 Uncommon trap: reason=bimorphic_or_optimized_type_check action=maybe_recompile pc=0x00007f5d94430e00 method=java.util.HashMap.getNode(ILjava/lang/Object;)Ljava/util/HashMap$Node; @ 126 c2
Event: 1.594 Thread 0x00007f5da42e4000 DEOPT PACKING pc=0x00007f5d94430e00 sp=0x00007f5d7cb09e60
Event: 1.594 Thread 0x00007f5da42e4000 DEOPT UNPACKING pc=0x00007f5d8c867ea5 sp=0x00007f5d7cb09df8 mode 2
Event: 1.594 Thread 0x00007f5da42e4000 Uncommon trap: trap_request=0xffffff4d fr.pc=0x00007f5d9441e56c relative=0x000000000000102c
Event: 1.594 Thread 0x00007f5da42e4000 Uncommon trap: reason=unstable_if action=reinterpret pc=0x00007f5d9441e56c method=java.util.HashMap.putVal(ILjava/lang/Object;Ljava/lang/Object;ZZ)Ljava/lang/Object; @ 162 c2
Event: 1.594 Thread 0x00007f5da42e4000 DEOPT PACKING pc=0x00007f5d9441e56c sp=0x00007f5d7cb09df0
Event: 1.594 Thread 0x00007f5da42e4000 DEOPT UNPACKING pc=0x00007f5d8c867ea5 sp=0x00007f5d7cb09d80 mode 2
Event: 1.637 Thread 0x00007f5da4016800 Uncommon trap: trap_request=0xffffff4d fr.pc=0x00007f5d943c299c relative=0x000000000000007c
Event: 1.637 Thread 0x00007f5da4016800 Uncommon trap: reason=unstable_if action=reinterpret pc=0x00007f5d943c299c method=java.lang.String.isLatin1()Z @ 10 c2
Event: 1.637 Thread 0x00007f5da4016800 DEOPT PACKING pc=0x00007f5d943c299c sp=0x00007f5da8f7edb0
Event: 1.637 Thread 0x00007f5da4016800 DEOPT UNPACKING pc=0x00007f5d8c867ea5 sp=0x00007f5da8f7ed10 mode 2

Classes redefined (0 events):
No events

Internal exceptions (20 events):
Event: 1.444 Thread 0x00007f5da4016800 Exception <a 'java/lang/NoSuchMethodError'{0x00000000b6f79bc8}: 'java.lang.Object java.lang.invoke.Invokers$Holder.linkToTargetMethod(java.lang.Object, java.lang.Object, java.lang.Object, java.lang.Object, java.lang.Object, java.lang.Object)'> (0x00000000b6f79bc8) thrown at [src/hotspot/share/interpreter/linkResolver.cpp, line 772]
Event: 1.459 Thread 0x00007f5da42ee000 Exception <a 'java/lang/NoSuchMethodError'{0x00000000b6dfba98}: 'void java.lang.invoke.DirectMethodHandle$Holder.invokeStatic(java.lang.Object, java.lang.Object, java.lang.Object, java.lang.Object)'> (0x00000000b6dfba98) thrown at [src/hotspot/share/interpreter/linkResolver.cpp, line 772]
Event: 1.492 Thread 0x00007f5da42e4000 Exception <a 'java/lang/NoSuchMethodError'{0x00000000b69e7dd8}: 'java.lang.Object java.lang.invoke.DirectMethodHandle$Holder.invokeStatic(java.lang.Object, java.lang.Object, java.lang.Object, java.lang.Object, java.lang.Object, java.lang.Object, java.lang.Object, java.lang.Object, java.lang.Object, java.lang.Object, java.lang.Object, java.lang.Object, java.lang.Object, java.lang.Object, java.lang.Object)'> (0x00000000b69e7dd8) thrown at [src/hotspot/share/interpreter/linkResolver.cpp, line 772]
Event: 1.493 Thread 0x00007f5da42e4000 Exception <a 'java/lang/NoSuchMethodError'{0x00000000b69f5988}: 'java.lang.Object java.lang.invoke.DirectMethodHandle$Holder.invokeStatic(java.lang.Object, java.lang.Object, java.lang.Object, java.lang.Object, java.lang.Object, java.lang.Object, java.lang.Object, java.lang.Object, java.lang.Object, java.lang.Object, java.lang.Object, java.lang.Object, java.lang.Object, java.lang.Object, java.lang.Object, java.lang.Object)'> (0x00000000b69f5988) thrown at [src/hotspot/share/interpreter/linkResolver.cpp, lin
Event: 1.494 Thread 0x00007f5da42e4000 Exception <a 'java/lang/NoSuchMethodError'{0x00000000b6804388}: 'java.lang.Object java.lang.invoke.DirectMethodHandle$Holder.invokeSpecial(java.lang.Object, java.lang.Object, int, int, java.lang.Object, java.lang.Object, java.lang.Object)'> (0x00000000b6804388) thrown at [src/hotspot/share/interpreter/linkResolver.cpp, line 772]
Event: 1.494 Thread 0x00007f5da42e4000 Exception <a 'java/lang/NoSuchMethodError'{0x00000000b6807918}: 'java.lang.Object java.lang.invoke.DelegatingMethodHandle$Holder.reinvoke_L(java.lang.Object, int, int, java.lang.Object, java.lang.Object, java.lang.Object)'> (0x00000000b6807918) thrown at [src/hotspot/share/interpreter/linkResolver.cpp, line 772]
Event: 1.494 Thread 0x00007f5da42e4000 Exception <a 'java/lang/NoSuchMethodError'{0x00000000b680b5b8}: 'java.lang.Object java.lang.invoke.DirectMethodHandle$Holder.invokeStatic(java.lang.Object, java.lang.Object, java.lang.Object, java.lang.Object, int)'> (0x00000000b680b5b8) thrown at [src/hotspot/share/interpreter/linkResolver.cpp, line 772]
Event: 1.500 Thread 0x00007f5da42e4000 Exception <a 'sun/nio/fs/UnixException'{0x00000000b68795b8}> (0x00000000b68795b8) thrown at [src/hotspot/share/prims/jni.cpp, line 617]
Event: 1.531 Thread 0x00007f5da42e4000 Exception <a 'java/lang/NoSuchMethodError'{0x00000000b7d4c3e0}: 'java.lang.Object java.lang.invoke.DirectMethodHandle$Holder.invokeStaticInit(java.lang.Object, java.lang.Object, java.lang.Object, java.lang.Object)'> (0x00000000b7d4c3e0) thrown at [src/hotspot/share/interpreter/linkResolver.cpp, line 772]
Event: 1.532 Thread 0x00007f5da42e4000 Exception <a 'java/lang/NullPointerException'{0x00000000b7d59e20}> (0x00000000b7d59e20) thrown at [src/hotspot/share/interpreter/linkResolver.cpp, line 1358]
Event: 1.532 Thread 0x00007f5da42e4000 Exception <a 'java/lang/NullPointerException'{0x00000000b7d59e20}> (0x00000000b7d59e20) thrown at [src/hotspot/share/prims/jvm.cpp, line 1310]
Event: 1.534 Thread 0x00007f5da42e4000 Exception <a 'java/lang/NoSuchMethodError'{0x00000000b7d7e8a8}: 'void java.lang.invoke.DirectMethodHandle$Holder.invokeSpecial(java.lang.Object, java.lang.Object, java.lang.Object, java.lang.Object, java.lang.Object)'> (0x00000000b7d7e8a8) thrown at [src/hotspot/share/interpreter/linkResolver.cpp, line 772]
Event: 1.545 Thread 0x00007f5da42e4000 Exception <a 'java/lang/NoSuchMethodError'{0x00000000b7b31908}: 'java.lang.Object java.lang.invoke.DirectMethodHandle$Holder.invokeSpecial(java.lang.Object, java.lang.Object, java.lang.Object, int, java.lang.Object)'> (0x00000000b7b31908) thrown at [src/hotspot/share/interpreter/linkResolver.cpp, line 772]
Event: 1.545 Thread 0x00007f5da42e4000 Exception <a 'java/lang/NoSuchMethodError'{0x00000000b7b3b8b0}: 'java.lang.Object java.lang.invoke.Invokers$Holder.linkToTargetMethod(java.lang.Object, int, java.lang.Object, java.lang.Object)'> (0x00000000b7b3b8b0) thrown at [src/hotspot/share/interpreter/linkResolver.cpp, line 772]
Event: 1.556 Thread 0x00007f5da42e4000 Exception <a 'java/lang/NoSuchMethodError'{0x00000000b7a227f8}: 'java.lang.Object java.lang.invoke.DirectMethodHandle$Holder.invokeStatic(java.lang.Object, java.lang.Object, java.lang.Object, java.lang.Object, java.lang.Object, java.lang.Object, java.lang.Object, java.lang.Object, java.lang.Object, java.lang.Object, java.lang.Object, int)'> (0x00000000b7a227f8) thrown at [src/hotspot/share/interpreter/linkResolver.cpp, line 772]
Event: 1.557 Thread 0x00007f5da42e4000 Exception <a 'java/lang/NoSuchMethodError'{0x00000000b7a409a0}: 'java.lang.Object java.lang.invoke.DirectMethodHandle$Holder.invokeStatic(java.lang.Object, java.lang.Object, java.lang.Object, java.lang.Object, java.lang.Object, java.lang.Object, java.lang.Object, java.lang.Object, java.lang.Object, java.lang.Object, java.lang.Object, int, int)'> (0x00000000b7a409a0) thrown at [src/hotspot/share/interpreter/linkResolver.cpp, line 772]
Event: 1.558 Thread 0x00007f5da42e4000 Exception <a 'java/lang/NoSuchMethodError'{0x00000000b7a5f9d8}: 'java.lang.Object java.lang.invoke.DirectMethodHandle$Holder.invokeStatic(java.lang.Object, java.lang.Object, java.lang.Object, java.lang.Object, java.lang.Object, java.lang.Object, java.lang.Object, java.lang.Object, java.lang.Object, java.lang.Object, java.lang.Object, int, int, java.lang.Object)'> (0x00000000b7a5f9d8) thrown at [src/hotspot/share/interpreter/linkResolver.cpp, line 772]
Event: 1.559 Thread 0x00007f5da42e4000 Exception <a 'java/lang/NoSuchMethodError'{0x00000000b7a80138}: 'java.lang.Object java.lang.invoke.DirectMethodHandle$Holder.invokeStatic(java.lang.Object, java.lang.Object, java.lang.Object, java.lang.Object, java.lang.Object, java.lang.Object, java.lang.Object, java.lang.Object, java.lang.Object, java.lang.Object, java.lang.Object, int, int, java.lang.Object, java.lang.Object)'> (0x00000000b7a80138) thrown at [src/hotspot/share/interpreter/linkResolver.cpp, line 772]
Event: 1.607 Thread 0x00007f5da42e4000 Exception <a 'java/lang/NoSuchMethodError'{0x00000000b75f1900}: 'void java.lang.invoke.DirectMethodHandle$Holder.invokeStaticInit(java.lang.Object, java.lang.Object)'> (0x00000000b75f1900) thrown at [src/hotspot/share/interpreter/linkResolver.cpp, line 772]
Event: 1.627 Thread 0x00007f5da4016800 Exception <a 'java/lang/reflect/InvocationTargetException'{0x00000000b7200800}> (0x00000000b7200800) thrown at [src/hotspot/share/runtime/reflection.cpp, line 1245]

Events (20 events):
Event: 1.627 Executing VM operation: RevokeBias done
Event: 1.627 Thread 0x00007f5da42ee000 Thread exited: 0x00007f5da42ee000
Event: 1.627 loading class java/lang/Throwable$WrappedPrintStream
Event: 1.627 loading class java/lang/Throwable$PrintStreamOrWriter
Event: 1.627 loading class java/lang/Throwable$PrintStreamOrWriter done
Event: 1.627 loading class java/lang/Throwable$WrappedPrintStream done
Event: 1.627 Thread 0x00007f5da42e4000 Thread exited: 0x00007f5da42e4000
Event: 1.628 Executing VM operation: RevokeBias
Event: 1.628 Executing VM operation: RevokeBias done
Event: 1.629 Executing VM operation: RevokeBias
Event: 1.629 Executing VM operation: RevokeBias done
Event: 1.633 Executing VM operation: RevokeBias
Event: 1.633 Executing VM operation: RevokeBias done
Event: 1.633 Executing VM operation: RevokeBias
Event: 1.633 Executing VM operation: RevokeBias done
Event: 1.633 Executing VM operation: RevokeBias
Event: 1.633 Executing VM operation: RevokeBias done
Event: 1.634 Executing VM operation: RevokeBias
Event: 1.634 Executing VM operation: RevokeBias done
Event: 1.638 Executing VM operation: Exit


Dynamic libraries:
b3000000-b7e00000 rw-p 00000000 00:00 0 
b7e00000-ffe00000 ---p 00000000 00:00 0 
ffe00000-ffe47000 rw-p 01119000 08:20 75433                              /usr/lib/jvm/java-11-openjdk-amd64/lib/server/classes.jsa
ffe47000-fff00000 rw-p 00000000 00:00 0 
fff00000-fff6b000 rw-p 010ae000 08:20 75433                              /usr/lib/jvm/java-11-openjdk-amd64/lib/server/classes.jsa
fff6b000-100000000 rw-p 00000000 00:00 0 
800000000-800002000 rwxp 00001000 08:20 75433                            /usr/lib/jvm/java-11-openjdk-amd64/lib/server/classes.jsa
800002000-8003cb000 rw-p 00003000 08:20 75433                            /usr/lib/jvm/java-11-openjdk-amd64/lib/server/classes.jsa
8003cb000-800a9a000 r--p 003cc000 08:20 75433                            /usr/lib/jvm/java-11-openjdk-amd64/lib/server/classes.jsa
800a9a000-800a9b000 rw-p 00a9b000 08:20 75433                            /usr/lib/jvm/java-11-openjdk-amd64/lib/server/classes.jsa
800a9b000-8010ad000 r--p 00a9c000 08:20 75433                            /usr/lib/jvm/java-11-openjdk-amd64/lib/server/classes.jsa
840000000-840180000 rw-p 00000000 00:00 0 
840180000-880000000 ---p 00000000 00:00 0 
5610da7cc000-5610da7cd000 r--p 00000000 08:20 75842                      /usr/lib/jvm/java-11-openjdk-amd64/bin/java
5610da7cd000-5610da7ce000 r-xp 00001000 08:20 75842                      /usr/lib/jvm/java-11-openjdk-amd64/bin/java
5610da7ce000-5610da7cf000 r--p 00002000 08:20 75842                      /usr/lib/jvm/java-11-openjdk-amd64/bin/java
5610da7cf000-5610da7d0000 r--p 00002000 08:20 75842                      /usr/lib/jvm/java-11-openjdk-amd64/bin/java
5610da7d0000-5610da7d1000 rw-p 00003000 08:20 75842                      /usr/lib/jvm/java-11-openjdk-amd64/bin/java
5610db67a000-5610db69b000 rw-p 00000000 00:00 0                          [heap]
7f5cec000000-7f5cec073000 rw-p 00000000 00:00 0 
7f5cec073000-7f5cf0000000 ---p 00000000 00:00 0 
7f5cf4000000-7f5cf4021000 rw-p 00000000 00:00 0 
7f5cf4021000-7f5cf8000000 ---p 00000000 00:00 0 
7f5cf8000000-7f5cf8021000 rw-p 00000000 00:00 0 
7f5cf8021000-7f5cfc000000 ---p 00000000 00:00 0 
7f5cfc000000-7f5cfc021000 rw-p 00000000 00:00 0 
7f5cfc021000-7f5d00000000 ---p 00000000 00:00 0 
7f5d00000000-7f5d00021000 rw-p 00000000 00:00 0 
7f5d00021000-7f5d04000000 ---p 00000000 00:00 0 
7f5d04000000-7f5d04021000 rw-p 00000000 00:00 0 
7f5d04021000-7f5d08000000 ---p 00000000 00:00 0 
7f5d08000000-7f5d08021000 rw-p 00000000 00:00 0 
7f5d08021000-7f5d0c000000 ---p 00000000 00:00 0 
7f5d0c000000-7f5d0c021000 rw-p 00000000 00:00 0 
7f5d0c021000-7f5d10000000 ---p 00000000 00:00 0 
7f5d11aa1000-7f5d11aa4000 r-xp 00000000 08:20 88383                      /home/sata/.openjfx/cache/13/libjavafx_font.so
7f5d11aa4000-7f5d11ca3000 ---p 00003000 08:20 88383                      /home/sata/.openjfx/cache/13/libjavafx_font.so
7f5d11ca3000-7f5d11ca4000 r--p 00002000 08:20 88383                      /home/sata/.openjfx/cache/13/libjavafx_font.so
7f5d11ca4000-7f5d11ca5000 rw-p 00003000 08:20 88383                      /home/sata/.openjfx/cache/13/libjavafx_font.so
7f5d11ca5000-7f5d11d65000 rw-p 00000000 00:00 0 
7f5d11d65000-7f5d11ea5000 ---p 00000000 00:00 0 
7f5d11ea5000-7f5d11ea6000 ---p 00000000 00:00 0 
7f5d11ea6000-7f5d11fa7000 rw-p 00000000 00:00 0 
7f5d11fa7000-7f5d11fa8000 ---p 00000000 00:00 0 
7f5d11fa8000-7f5d120a9000 rw-p 00000000 00:00 0 
7f5d120a9000-7f5d120aa000 ---p 00000000 00:00 0 
7f5d120aa000-7f5d121ab000 rw-p 00000000 00:00 0 
7f5d121ab000-7f5d121ac000 ---p 00000000 00:00 0 
7f5d121ac000-7f5d122ad000 rw-p 00000000 00:00 0 
7f5d122ad000-7f5d122ae000 ---p 00000000 00:00 0 
7f5d122ae000-7f5d123af000 rw-p 00000000 00:00 0 
7f5d123af000-7f5d123b0000 ---p 00000000 00:00 0 
7f5d123b0000-7f5d12bb0000 rw-p 00000000 00:00 0 
7f5d12bb0000-7f5d12bb1000 ---p 00000000 00:00 0 
7f5d12bb1000-7f5d133b1000 rw-p 00000000 00:00 0 
7f5d133b1000-7f5d133b2000 ---p 00000000 00:00 0 
7f5d133b2000-7f5d13bb2000 rw-p 00000000 00:00 0 
7f5d13bb2000-7f5d13bb7000 r-xp 00000000 08:20 12290                      /usr/lib/x86_64-linux-gnu/libXtst.so.6.1.0
7f5d13bb7000-7f5d13db6000 ---p 00005000 08:20 12290                      /usr/lib/x86_64-linux-gnu/libXtst.so.6.1.0
7f5d13db6000-7f5d13db7000 r--p 00004000 08:20 12290                      /usr/lib/x86_64-linux-gnu/libXtst.so.6.1.0
7f5d13db7000-7f5d13db8000 rw-p 00005000 08:20 12290                      /usr/lib/x86_64-linux-gnu/libXtst.so.6.1.0
7f5d13db8000-7f5d13dfc000 r-xp 00000000 08:20 88369                      /home/sata/.openjfx/cache/13/libglassgtk2.so
7f5d13dfc000-7f5d13ffc000 ---p 00044000 08:20 88369                      /home/sata/.openjfx/cache/13/libglassgtk2.so
7f5d13ffc000-7f5d13ffe000 r--p 00044000 08:20 88369                      /home/sata/.openjfx/cache/13/libglassgtk2.so
7f5d13ffe000-7f5d13fff000 rw-p 00046000 08:20 88369                      /home/sata/.openjfx/cache/13/libglassgtk2.so
7f5d13fff000-7f5d14000000 rw-p 00000000 00:00 0 
7f5d14000000-7f5d14021000 rw-p 00000000 00:00 0 
7f5d14021000-7f5d18000000 ---p 00000000 00:00 0 
7f5d180c7000-7f5d180cb000 r--p 00000000 08:20 12204                      /usr/lib/x86_64-linux-gnu/gio/modules/libdconfsettings.so
7f5d180cb000-7f5d180d3000 r-xp 00004000 08:20 12204                      /usr/lib/x86_64-linux-gnu/gio/modules/libdconfsettings.so
7f5d180d3000-7f5d180d6000 r--p 0000c000 08:20 12204                      /usr/lib/x86_64-linux-gnu/gio/modules/libdconfsettings.so
7f5d180d6000-7f5d180d7000 ---p 0000f000 08:20 12204                      /usr/lib/x86_64-linux-gnu/gio/modules/libdconfsettings.so
7f5d180d7000-7f5d180d8000 r--p 0000f000 08:20 12204                      /usr/lib/x86_64-linux-gnu/gio/modules/libdconfsettings.so
7f5d180d8000-7f5d180d9000 rw-p 00010000 08:20 12204                      /usr/lib/x86_64-linux-gnu/gio/modules/libdconfsettings.so
7f5d180d9000-7f5d180da000 r--p 00000000 08:20 12523                      /usr/lib/x86_64-linux-gnu/libgthread-2.0.so.0.6400.6
7f5d180da000-7f5d180db000 r-xp 00001000 08:20 12523                      /usr/lib/x86_64-linux-gnu/libgthread-2.0.so.0.6400.6
7f5d180db000-7f5d180dc000 r--p 00002000 08:20 12523                      /usr/lib/x86_64-linux-gnu/libgthread-2.0.so.0.6400.6
7f5d180dc000-7f5d180dd000 r--p 00002000 08:20 12523                      /usr/lib/x86_64-linux-gnu/libgthread-2.0.so.0.6400.6
7f5d180dd000-7f5d180de000 rw-p 00003000 08:20 12523                      /usr/lib/x86_64-linux-gnu/libgthread-2.0.so.0.6400.6
7f5d180de000-7f5d180e0000 r--p 00000000 08:20 59339                      /usr/lib/x86_64-linux-gnu/libdatrie.so.1.3.5
7f5d180e0000-7f5d180e4000 r-xp 00002000 08:20 59339                      /usr/lib/x86_64-linux-gnu/libdatrie.so.1.3.5
7f5d180e4000-7f5d180e6000 r--p 00006000 08:20 59339                      /usr/lib/x86_64-linux-gnu/libdatrie.so.1.3.5
7f5d180e6000-7f5d180e7000 r--p 00007000 08:20 59339                      /usr/lib/x86_64-linux-gnu/libdatrie.so.1.3.5
7f5d180e7000-7f5d180e8000 rw-p 00008000 08:20 59339                      /usr/lib/x86_64-linux-gnu/libdatrie.so.1.3.5
7f5d180e8000-7f5d180eb000 r--p 00000000 08:20 59301                      /usr/lib/x86_64-linux-gnu/libgraphite2.so.3.2.1
7f5d180eb000-7f5d1810d000 r-xp 00003000 08:20 59301                      /usr/lib/x86_64-linux-gnu/libgraphite2.so.3.2.1
7f5d1810d000-7f5d18112000 r--p 00025000 08:20 59301                      /usr/lib/x86_64-linux-gnu/libgraphite2.so.3.2.1
7f5d18112000-7f5d18114000 r--p 00029000 08:20 59301                      /usr/lib/x86_64-linux-gnu/libgraphite2.so.3.2.1
7f5d18114000-7f5d18115000 rw-p 0002b000 08:20 59301                      /usr/lib/x86_64-linux-gnu/libgraphite2.so.3.2.1
7f5d18115000-7f5d18117000 r--p 00000000 08:20 12708                      /usr/lib/x86_64-linux-gnu/libpcre2-8.so.0.9.0
7f5d18117000-7f5d1817b000 r-xp 00002000 08:20 12708                      /usr/lib/x86_64-linux-gnu/libpcre2-8.so.0.9.0
7f5d1817b000-7f5d181a3000 r--p 00066000 08:20 12708                      /usr/lib/x86_64-linux-gnu/libpcre2-8.so.0.9.0
7f5d181a3000-7f5d181a4000 r--p 0008d000 08:20 12708                      /usr/lib/x86_64-linux-gnu/libpcre2-8.so.0.9.0
7f5d181a4000-7f5d181a5000 rw-p 0008e000 08:20 12708                      /usr/lib/x86_64-linux-gnu/libpcre2-8.so.0.9.0
7f5d181a5000-7f5d181af000 r--p 00000000 08:20 12349                      /usr/lib/x86_64-linux-gnu/libblkid.so.1.1.0
7f5d181af000-7f5d181e5000 r-xp 0000a000 08:20 12349                      /usr/lib/x86_64-linux-gnu/libblkid.so.1.1.0
7f5d181e5000-7f5d181f5000 r--p 00040000 08:20 12349                      /usr/lib/x86_64-linux-gnu/libblkid.so.1.1.0
7f5d181f5000-7f5d181f6000 ---p 00050000 08:20 12349                      /usr/lib/x86_64-linux-gnu/libblkid.so.1.1.0
7f5d181f6000-7f5d181fb000 r--p 00050000 08:20 12349                      /usr/lib/x86_64-linux-gnu/libblkid.so.1.1.0
7f5d181fb000-7f5d181fc000 rw-p 00055000 08:20 12349                      /usr/lib/x86_64-linux-gnu/libblkid.so.1.1.0
7f5d181fc000-7f5d181fe000 r--p 00000000 08:20 12865                      /usr/lib/x86_64-linux-gnu/libuuid.so.1.3.0
7f5d181fe000-7f5d18202000 r-xp 00002000 08:20 12865                      /usr/lib/x86_64-linux-gnu/libuuid.so.1.3.0
7f5d18202000-7f5d18203000 r--p 00006000 08:20 12865                      /usr/lib/x86_64-linux-gnu/libuuid.so.1.3.0
7f5d18203000-7f5d18204000 r--p 00006000 08:20 12865                      /usr/lib/x86_64-linux-gnu/libuuid.so.1.3.0
7f5d18204000-7f5d18205000 rw-p 00007000 08:20 12865                      /usr/lib/x86_64-linux-gnu/libuuid.so.1.3.0
7f5d18205000-7f5d18207000 r--p 00000000 08:20 2530                       /usr/lib/x86_64-linux-gnu/libpcre.so.3.13.3
7f5d18207000-7f5d18258000 r-xp 00002000 08:20 2530                       /usr/lib/x86_64-linux-gnu/libpcre.so.3.13.3
7f5d18258000-7f5d18276000 r--p 00053000 08:20 2530                       /usr/lib/x86_64-linux-gnu/libpcre.so.3.13.3
7f5d18276000-7f5d18277000 r--p 00070000 08:20 2530                       /usr/lib/x86_64-linux-gnu/libpcre.so.3.13.3
7f5d18277000-7f5d18278000 rw-p 00071000 08:20 2530                       /usr/lib/x86_64-linux-gnu/libpcre.so.3.13.3
7f5d18278000-7f5d1827a000 r--p 00000000 08:20 59354                      /usr/lib/x86_64-linux-gnu/libthai.so.0.3.1
7f5d1827a000-7f5d1827e000 r-xp 00002000 08:20 59354                      /usr/lib/x86_64-linux-gnu/libthai.so.0.3.1
7f5d1827e000-7f5d18281000 r--p 00006000 08:20 59354                      /usr/lib/x86_64-linux-gnu/libthai.so.0.3.1
7f5d18281000-7f5d18282000 r--p 00008000 08:20 59354                      /usr/lib/x86_64-linux-gnu/libthai.so.0.3.1
7f5d18282000-7f5d18283000 rw-p 00009000 08:20 59354                      /usr/lib/x86_64-linux-gnu/libthai.so.0.3.1
7f5d18283000-7f5d18285000 r--p 00000000 08:20 16880                      /usr/lib/x86_64-linux-gnu/libfribidi.so.0.4.0
7f5d18285000-7f5d18289000 r-xp 00002000 08:20 16880                      /usr/lib/x86_64-linux-gnu/libfribidi.so.0.4.0
7f5d18289000-7f5d1829e000 r--p 00006000 08:20 16880                      /usr/lib/x86_64-linux-gnu/libfribidi.so.0.4.0
7f5d1829e000-7f5d1829f000 r--p 0001a000 08:20 16880                      /usr/lib/x86_64-linux-gnu/libfribidi.so.0.4.0
7f5d1829f000-7f5d182a0000 rw-p 0001b000 08:20 16880                      /usr/lib/x86_64-linux-gnu/libfribidi.so.0.4.0
7f5d182a0000-7f5d182a9000 r--p 00000000 08:20 59315                      /usr/lib/x86_64-linux-gnu/libharfbuzz.so.0.20600.4
7f5d182a9000-7f5d18371000 r-xp 00009000 08:20 59315                      /usr/lib/x86_64-linux-gnu/libharfbuzz.so.0.20600.4
7f5d18371000-7f5d183a2000 r--p 000d1000 08:20 59315                      /usr/lib/x86_64-linux-gnu/libharfbuzz.so.0.20600.4
7f5d183a2000-7f5d183a3000 ---p 00102000 08:20 59315                      /usr/lib/x86_64-linux-gnu/libharfbuzz.so.0.20600.4
7f5d183a3000-7f5d183a4000 r--p 00102000 08:20 59315                      /usr/lib/x86_64-linux-gnu/libharfbuzz.so.0.20600.4
7f5d183a4000-7f5d183a5000 rw-p 00103000 08:20 59315                      /usr/lib/x86_64-linux-gnu/libharfbuzz.so.0.20600.4
7f5d183a5000-7f5d183a9000 r--p 00000000 08:20 25063                      /usr/lib/x86_64-linux-gnu/libresolv-2.31.so
7f5d183a9000-7f5d183b9000 r-xp 00004000 08:20 25063                      /usr/lib/x86_64-linux-gnu/libresolv-2.31.so
7f5d183b9000-7f5d183bd000 r--p 00014000 08:20 25063                      /usr/lib/x86_64-linux-gnu/libresolv-2.31.so
7f5d183bd000-7f5d183be000 r--p 00017000 08:20 25063                      /usr/lib/x86_64-linux-gnu/libresolv-2.31.so
7f5d183be000-7f5d183bf000 rw-p 00018000 08:20 25063                      /usr/lib/x86_64-linux-gnu/libresolv-2.31.so
7f5d183bf000-7f5d183c1000 rw-p 00000000 00:00 0 
7f5d183c1000-7f5d183c7000 r--p 00000000 08:20 12764                      /usr/lib/x86_64-linux-gnu/libselinux.so.1
7f5d183c7000-7f5d183e0000 r-xp 00006000 08:20 12764                      /usr/lib/x86_64-linux-gnu/libselinux.so.1
7f5d183e0000-7f5d183e7000 r--p 0001f000 08:20 12764                      /usr/lib/x86_64-linux-gnu/libselinux.so.1
7f5d183e7000-7f5d183e8000 ---p 00026000 08:20 12764                      /usr/lib/x86_64-linux-gnu/libselinux.so.1
7f5d183e8000-7f5d183e9000 r--p 00026000 08:20 12764                      /usr/lib/x86_64-linux-gnu/libselinux.so.1
7f5d183e9000-7f5d183ea000 rw-p 00027000 08:20 12764                      /usr/lib/x86_64-linux-gnu/libselinux.so.1
7f5d183ea000-7f5d183ec000 rw-p 00000000 00:00 0 
7f5d183ec000-7f5d183f7000 r--p 00000000 08:20 12626                      /usr/lib/x86_64-linux-gnu/libmount.so.1.1.0
7f5d183f7000-7f5d18435000 r-xp 0000b000 08:20 12626                      /usr/lib/x86_64-linux-gnu/libmount.so.1.1.0
7f5d18435000-7f5d18448000 r--p 00049000 08:20 12626                      /usr/lib/x86_64-linux-gnu/libmount.so.1.1.0
7f5d18448000-7f5d1844b000 r--p 0005b000 08:20 12626                      /usr/lib/x86_64-linux-gnu/libmount.so.1.1.0
7f5d1844b000-7f5d1844c000 rw-p 0005e000 08:20 12626                      /usr/lib/x86_64-linux-gnu/libmount.so.1.1.0
7f5d1844c000-7f5d18451000 r--p 00000000 08:20 48683                      /usr/lib/x86_64-linux-gnu/libxcb-render.so.0.0.0
7f5d18451000-7f5d18456000 r-xp 00005000 08:20 48683                      /usr/lib/x86_64-linux-gnu/libxcb-render.so.0.0.0
7f5d18456000-7f5d18458000 r--p 0000a000 08:20 48683                      /usr/lib/x86_64-linux-gnu/libxcb-render.so.0.0.0
7f5d18458000-7f5d18459000 ---p 0000c000 08:20 48683                      /usr/lib/x86_64-linux-gnu/libxcb-render.so.0.0.0
7f5d18459000-7f5d1845a000 r--p 0000c000 08:20 48683                      /usr/lib/x86_64-linux-gnu/libxcb-render.so.0.0.0
7f5d1845a000-7f5d1845b000 rw-p 0000d000 08:20 48683                      /usr/lib/x86_64-linux-gnu/libxcb-render.so.0.0.0
7f5d1845b000-7f5d18460000 r--p 00000000 08:20 12726                      /usr/lib/x86_64-linux-gnu/libpng16.so.16.37.0
7f5d18460000-7f5d18485000 r-xp 00005000 08:20 12726                      /usr/lib/x86_64-linux-gnu/libpng16.so.16.37.0
7f5d18485000-7f5d18491000 r--p 0002a000 08:20 12726                      /usr/lib/x86_64-linux-gnu/libpng16.so.16.37.0
7f5d18491000-7f5d18492000 r--p 00035000 08:20 12726                      /usr/lib/x86_64-linux-gnu/libpng16.so.16.37.0
7f5d18492000-7f5d18493000 rw-p 00036000 08:20 12726                      /usr/lib/x86_64-linux-gnu/libpng16.so.16.37.0
7f5d18493000-7f5d1849f000 r--p 00000000 08:20 12466                      /usr/lib/x86_64-linux-gnu/libfreetype.so.6.17.1
7f5d1849f000-7f5d1851f000 r-xp 0000c000 08:20 12466                      /usr/lib/x86_64-linux-gnu/libfreetype.so.6.17.1
7f5d1851f000-7f5d18549000 r--p 0008c000 08:20 12466                      /usr/lib/x86_64-linux-gnu/libfreetype.so.6.17.1
7f5d18549000-7f5d1854a000 ---p 000b6000 08:20 12466                      /usr/lib/x86_64-linux-gnu/libfreetype.so.6.17.1
7f5d1854a000-7f5d18551000 r--p 000b6000 08:20 12466                      /usr/lib/x86_64-linux-gnu/libfreetype.so.6.17.1
7f5d18551000-7f5d18552000 rw-p 000bd000 08:20 12466                      /usr/lib/x86_64-linux-gnu/libfreetype.so.6.17.1
7f5d18552000-7f5d1855c000 r--p 00000000 08:20 48667                      /usr/lib/x86_64-linux-gnu/libpixman-1.so.0.38.4
7f5d1855c000-7f5d185e0000 r-xp 0000a000 08:20 48667                      /usr/lib/x86_64-linux-gnu/libpixman-1.so.0.38.4
7f5d185e0000-7f5d185f0000 r--p 0008e000 08:20 48667                      /usr/lib/x86_64-linux-gnu/libpixman-1.so.0.38.4
7f5d185f0000-7f5d185f8000 r--p 0009d000 08:20 48667                      /usr/lib/x86_64-linux-gnu/libpixman-1.so.0.38.4
7f5d185f8000-7f5d185f9000 rw-p 000a5000 08:20 48667                      /usr/lib/x86_64-linux-gnu/libpixman-1.so.0.38.4
7f5d185f9000-7f5d185fa000 r--p 00000000 08:20 73292                      /usr/lib/x86_64-linux-gnu/libXdamage.so.1.1.0
7f5d185fa000-7f5d185fb000 r-xp 00001000 08:20 73292                      /usr/lib/x86_64-linux-gnu/libXdamage.so.1.1.0
7f5d185fb000-7f5d185fc000 r--p 00002000 08:20 73292                      /usr/lib/x86_64-linux-gnu/libXdamage.so.1.1.0
7f5d185fc000-7f5d185fd000 r--p 00002000 08:20 73292                      /usr/lib/x86_64-linux-gnu/libXdamage.so.1.1.0
7f5d185fd000-7f5d185fe000 rw-p 00003000 08:20 73292                      /usr/lib/x86_64-linux-gnu/libXdamage.so.1.1.0
7f5d185fe000-7f5d185ff000 r--p 00000000 08:20 12264                      /usr/lib/x86_64-linux-gnu/libXcomposite.so.1.0.0
7f5d185ff000-7f5d18600000 r-xp 00001000 08:20 12264                      /usr/lib/x86_64-linux-gnu/libXcomposite.so.1.0.0
7f5d18600000-7f5d18601000 r--p 00002000 08:20 12264                      /usr/lib/x86_64-linux-gnu/libXcomposite.so.1.0.0
7f5d18601000-7f5d18602000 r--p 00002000 08:20 12264                      /usr/lib/x86_64-linux-gnu/libXcomposite.so.1.0.0
7f5d18602000-7f5d18603000 rw-p 00003000 08:20 12264                      /usr/lib/x86_64-linux-gnu/libXcomposite.so.1.0.0
7f5d18603000-7f5d18606000 r--p 00000000 08:20 73280                      /usr/lib/x86_64-linux-gnu/libXcursor.so.1.0.2
7f5d18606000-7f5d1860c000 r-xp 00003000 08:20 73280                      /usr/lib/x86_64-linux-gnu/libXcursor.so.1.0.2
7f5d1860c000-7f5d1860e000 r--p 00009000 08:20 73280                      /usr/lib/x86_64-linux-gnu/libXcursor.so.1.0.2
7f5d1860e000-7f5d1860f000 r--p 0000a000 08:20 73280                      /usr/lib/x86_64-linux-gnu/libXcursor.so.1.0.2
7f5d1860f000-7f5d18610000 rw-p 0000b000 08:20 73280                      /usr/lib/x86_64-linux-gnu/libXcursor.so.1.0.2
7f5d18610000-7f5d18619000 r-xp 00000000 08:20 12286                      /usr/lib/x86_64-linux-gnu/libXrender.so.1.3.0
7f5d18619000-7f5d18818000 ---p 00009000 08:20 12286                      /usr/lib/x86_64-linux-gnu/libXrender.so.1.3.0
7f5d18818000-7f5d18819000 r--p 00008000 08:20 12286                      /usr/lib/x86_64-linux-gnu/libXrender.so.1.3.0
7f5d18819000-7f5d1881a000 rw-p 00009000 08:20 12286                      /usr/lib/x86_64-linux-gnu/libXrender.so.1.3.0
7f5d1881a000-7f5d18821000 r--p 00000000 08:20 12454                      /usr/lib/x86_64-linux-gnu/libfontconfig.so.1.12.0
7f5d18821000-7f5d18846000 r-xp 00007000 08:20 12454                      /usr/lib/x86_64-linux-gnu/libfontconfig.so.1.12.0
7f5d18846000-7f5d1885e000 r--p 0002c000 08:20 12454                      /usr/lib/x86_64-linux-gnu/libfontconfig.so.1.12.0
7f5d1885e000-7f5d18860000 r--p 00043000 08:20 12454                      /usr/lib/x86_64-linux-gnu/libfontconfig.so.1.12.0
7f5d18860000-7f5d18861000 rw-p 00045000 08:20 12454                      /usr/lib/x86_64-linux-gnu/libfontconfig.so.1.12.0
7f5d18861000-7f5d1887d000 r--p 00000000 08:20 12493                      /usr/lib/x86_64-linux-gnu/libglib-2.0.so.0.6400.6
7f5d1887d000-7f5d18901000 r-xp 0001c000 08:20 12493                      /usr/lib/x86_64-linux-gnu/libglib-2.0.so.0.6400.6
7f5d18901000-7f5d18987000 r--p 000a0000 08:20 12493                      /usr/lib/x86_64-linux-gnu/libglib-2.0.so.0.6400.6
7f5d18987000-7f5d18988000 r--p 00125000 08:20 12493                      /usr/lib/x86_64-linux-gnu/libglib-2.0.so.0.6400.6
7f5d18988000-7f5d18989000 rw-p 00126000 08:20 12493                      /usr/lib/x86_64-linux-gnu/libglib-2.0.so.0.6400.6
7f5d18989000-7f5d1898a000 rw-p 00000000 00:00 0 
7f5d1898a000-7f5d18998000 r--p 00000000 08:20 12501                      /usr/lib/x86_64-linux-gnu/libgobject-2.0.so.0.6400.6
7f5d18998000-7f5d189ce000 r-xp 0000e000 08:20 12501                      /usr/lib/x86_64-linux-gnu/libgobject-2.0.so.0.6400.6
7f5d189ce000-7f5d189e6000 r--p 00044000 08:20 12501                      /usr/lib/x86_64-linux-gnu/libgobject-2.0.so.0.6400.6
7f5d189e6000-7f5d189e9000 r--p 0005b000 08:20 12501                      /usr/lib/x86_64-linux-gnu/libgobject-2.0.so.0.6400.6
7f5d189e9000-7f5d189ea000 rw-p 0005e000 08:20 12501                      /usr/lib/x86_64-linux-gnu/libgobject-2.0.so.0.6400.6
7f5d189ea000-7f5d189f9000 r--p 00000000 08:20 59367                      /usr/lib/x86_64-linux-gnu/libpango-1.0.so.0.4400.7
7f5d189f9000-7f5d18a1e000 r-xp 0000f000 08:20 59367                      /usr/lib/x86_64-linux-gnu/libpango-1.0.so.0.4400.7
7f5d18a1e000-7f5d18a35000 r--p 00034000 08:20 59367                      /usr/lib/x86_64-linux-gnu/libpango-1.0.so.0.4400.7
7f5d18a35000-7f5d18a38000 r--p 0004a000 08:20 59367                      /usr/lib/x86_64-linux-gnu/libpango-1.0.so.0.4400.7
7f5d18a38000-7f5d18a39000 rw-p 0004d000 08:20 59367                      /usr/lib/x86_64-linux-gnu/libpango-1.0.so.0.4400.7
7f5d18a39000-7f5d18a71000 r--p 00000000 08:20 12487                      /usr/lib/x86_64-linux-gnu/libgio-2.0.so.0.6400.6
7f5d18a71000-7f5d18b84000 r-xp 00038000 08:20 12487                      /usr/lib/x86_64-linux-gnu/libgio-2.0.so.0.6400.6
7f5d18b84000-7f5d18c0e000 r--p 0014b000 08:20 12487                      /usr/lib/x86_64-linux-gnu/libgio-2.0.so.0.6400.6
7f5d18c0e000-7f5d18c17000 r--p 001d4000 08:20 12487                      /usr/lib/x86_64-linux-gnu/libgio-2.0.so.0.6400.6
7f5d18c17000-7f5d18c18000 rw-p 001dd000 08:20 12487                      /usr/lib/x86_64-linux-gnu/libgio-2.0.so.0.6400.6
7f5d18c18000-7f5d18c1a000 rw-p 00000000 00:00 0 
7f5d18c1a000-7f5d18c20000 r--p 00000000 08:20 48632                      /usr/lib/x86_64-linux-gnu/libgdk_pixbuf-2.0.so.0.4000.0
7f5d18c20000-7f5d18c37000 r-xp 00006000 08:20 48632                      /usr/lib/x86_64-linux-gnu/libgdk_pixbuf-2.0.so.0.4000.0
7f5d18c37000-7f5d18c40000 r--p 0001d000 08:20 48632                      /usr/lib/x86_64-linux-gnu/libgdk_pixbuf-2.0.so.0.4000.0
7f5d18c40000-7f5d18c41000 r--p 00025000 08:20 48632                      /usr/lib/x86_64-linux-gnu/libgdk_pixbuf-2.0.so.0.4000.0
7f5d18c41000-7f5d18c42000 rw-p 00026000 08:20 48632                      /usr/lib/x86_64-linux-gnu/libgdk_pixbuf-2.0.so.0.4000.0
7f5d18c42000-7f5d18c54000 r--p 00000000 08:20 59237                      /usr/lib/x86_64-linux-gnu/libcairo.so.2.11600.0
7f5d18c54000-7f5d18d23000 r-xp 00012000 08:20 59237                      /usr/lib/x86_64-linux-gnu/libcairo.so.2.11600.0
7f5d18d23000-7f5d18d5f000 r--p 000e1000 08:20 59237                      /usr/lib/x86_64-linux-gnu/libcairo.so.2.11600.0
7f5d18d5f000-7f5d18d63000 r--p 0011c000 08:20 59237                      /usr/lib/x86_64-linux-gnu/libcairo.so.2.11600.0
7f5d18d63000-7f5d18d64000 rw-p 00120000 08:20 59237                      /usr/lib/x86_64-linux-gnu/libcairo.so.2.11600.0
7f5d18d64000-7f5d18d65000 rw-p 00000000 00:00 0 
7f5d18d65000-7f5d18d70000 r--p 00000000 08:20 73210                      /usr/lib/x86_64-linux-gnu/libatk-1.0.so.0.23510.1
7f5d18d70000-7f5d18d7f000 r-xp 0000b000 08:20 73210                      /usr/lib/x86_64-linux-gnu/libatk-1.0.so.0.23510.1
7f5d18d7f000-7f5d18d8b000 r--p 0001a000 08:20 73210                      /usr/lib/x86_64-linux-gnu/libatk-1.0.so.0.23510.1
7f5d18d8b000-7f5d18d8e000 r--p 00025000 08:20 73210                      /usr/lib/x86_64-linux-gnu/libatk-1.0.so.0.23510.1
7f5d18d8e000-7f5d18d8f000 rw-p 00028000 08:20 73210                      /usr/lib/x86_64-linux-gnu/libatk-1.0.so.0.23510.1
7f5d18d8f000-7f5d18df3000 r--p 00000000 08:20 73327                      /usr/lib/x86_64-linux-gnu/libgtk-x11-2.0.so.0.2400.32
7f5d18df3000-7f5d19063000 r-xp 00064000 08:20 73327                      /usr/lib/x86_64-linux-gnu/libgtk-x11-2.0.so.0.2400.32
7f5d19063000-7f5d191db000 r--p 002d4000 08:20 73327                      /usr/lib/x86_64-linux-gnu/libgtk-x11-2.0.so.0.2400.32
7f5d191db000-7f5d191e2000 r--p 0044b000 08:20 73327                      /usr/lib/x86_64-linux-gnu/libgtk-x11-2.0.so.0.2400.32
7f5d191e2000-7f5d191e6000 rw-p 00452000 08:20 73327                      /usr/lib/x86_64-linux-gnu/libgtk-x11-2.0.so.0.2400.32
7f5d191e6000-7f5d191e9000 rw-p 00000000 00:00 0 
7f5d191e9000-7f5d191ea000 r-xp 00000000 08:20 88368                      /home/sata/.openjfx/cache/13/libglass.so
7f5d191ea000-7f5d193ea000 ---p 00001000 08:20 88368                      /home/sata/.openjfx/cache/13/libglass.so
7f5d193ea000-7f5d193eb000 r--p 00001000 08:20 88368                      /home/sata/.openjfx/cache/13/libglass.so
7f5d193eb000-7f5d193ec000 rw-p 00002000 08:20 88368                      /home/sata/.openjfx/cache/13/libglass.so
7f5d193ec000-7f5d193fb000 r-xp 00000000 08:20 88367                      /home/sata/.openjfx/cache/13/libprism_sw.so
7f5d193fb000-7f5d195fa000 ---p 0000f000 08:20 88367                      /home/sata/.openjfx/cache/13/libprism_sw.so
7f5d195fa000-7f5d195fb000 r--p 0000e000 08:20 88367                      /home/sata/.openjfx/cache/13/libprism_sw.so
7f5d195fb000-7f5d195fc000 rw-p 0000f000 08:20 88367                      /home/sata/.openjfx/cache/13/libprism_sw.so
7f5d19ffc000-7f5d19ffd000 ---p 00000000 00:00 0 
7f5d19ffd000-7f5d1a7fd000 rw-p 00000000 00:00 0 
7f5d1a7fd000-7f5d1a7fe000 ---p 00000000 00:00 0 
7f5d1a7fe000-7f5d1affe000 rw-p 00000000 00:00 0 
7f5d1affe000-7f5d1afff000 ---p 00000000 00:00 0 
7f5d1afff000-7f5d1b7ff000 rw-p 00000000 00:00 0 
7f5d1b7ff000-7f5d1b800000 ---p 00000000 00:00 0 
7f5d1b800000-7f5d1c000000 rw-p 00000000 00:00 0 
7f5d1c000000-7f5d1c02a000 rw-p 00000000 00:00 0 
7f5d1c02a000-7f5d20000000 ---p 00000000 00:00 0 
7f5d20004000-7f5d20006000 r--p 00000000 08:20 12284                      /usr/lib/x86_64-linux-gnu/libXrandr.so.2.2.0
7f5d20006000-7f5d2000d000 r-xp 00002000 08:20 12284                      /usr/lib/x86_64-linux-gnu/libXrandr.so.2.2.0
7f5d2000d000-7f5d2000f000 r--p 00009000 08:20 12284                      /usr/lib/x86_64-linux-gnu/libXrandr.so.2.2.0
7f5d2000f000-7f5d20010000 r--p 0000a000 08:20 12284                      /usr/lib/x86_64-linux-gnu/libXrandr.so.2.2.0
7f5d20010000-7f5d20011000 rw-p 0000b000 08:20 12284                      /usr/lib/x86_64-linux-gnu/libXrandr.so.2.2.0
7f5d20011000-7f5d20013000 r--p 00000000 08:20 12274                      /usr/lib/x86_64-linux-gnu/libXi.so.6.1.0
7f5d20013000-7f5d2001e000 r-xp 00002000 08:20 12274                      /usr/lib/x86_64-linux-gnu/libXi.so.6.1.0
7f5d2001e000-7f5d20021000 r--p 0000d000 08:20 12274                      /usr/lib/x86_64-linux-gnu/libXi.so.6.1.0
7f5d20021000-7f5d20022000 r--p 0000f000 08:20 12274                      /usr/lib/x86_64-linux-gnu/libXi.so.6.1.0
7f5d20022000-7f5d20023000 rw-p 00010000 08:20 12274                      /usr/lib/x86_64-linux-gnu/libXi.so.6.1.0
7f5d20023000-7f5d2003f000 r--p 00000000 08:20 73326                      /usr/lib/x86_64-linux-gnu/libgdk-x11-2.0.so.0.2400.32
7f5d2003f000-7f5d2009d000 r-xp 0001c000 08:20 73326                      /usr/lib/x86_64-linux-gnu/libgdk-x11-2.0.so.0.2400.32
7f5d2009d000-7f5d200d8000 r--p 0007a000 08:20 73326                      /usr/lib/x86_64-linux-gnu/libgdk-x11-2.0.so.0.2400.32
7f5d200d8000-7f5d200dc000 r--p 000b4000 08:20 73326                      /usr/lib/x86_64-linux-gnu/libgdk-x11-2.0.so.0.2400.32
7f5d200dc000-7f5d200de000 rw-p 000b8000 08:20 73326                      /usr/lib/x86_64-linux-gnu/libgdk-x11-2.0.so.0.2400.32
7f5d200de000-7f5d200df000 rw-s 00000000 00:01 10                         /SYSV00000000 (deleted)
7f5d200df000-7f5d200e0000 rwxp 00000000 00:00 0 
7f5d200e1000-7f5d200e2000 r--s 00000000 00:1b 24                         /mnt/wslg/runtime-dir/dconf/user
7f5d200e2000-7f5d200e3000 r--p 00000000 08:20 12276                      /usr/lib/x86_64-linux-gnu/libXinerama.so.1.0.0
7f5d200e3000-7f5d200e4000 r-xp 00001000 08:20 12276                      /usr/lib/x86_64-linux-gnu/libXinerama.so.1.0.0
7f5d200e4000-7f5d200e5000 r--p 00002000 08:20 12276                      /usr/lib/x86_64-linux-gnu/libXinerama.so.1.0.0
7f5d200e5000-7f5d200e6000 r--p 00002000 08:20 12276                      /usr/lib/x86_64-linux-gnu/libXinerama.so.1.0.0
7f5d200e6000-7f5d200e7000 rw-p 00003000 08:20 12276                      /usr/lib/x86_64-linux-gnu/libXinerama.so.1.0.0
7f5d200e7000-7f5d200ee000 r--p 00000000 08:20 59383                      /usr/lib/x86_64-linux-gnu/libpangoft2-1.0.so.0.4400.7
7f5d200ee000-7f5d200f9000 r-xp 00007000 08:20 59383                      /usr/lib/x86_64-linux-gnu/libpangoft2-1.0.so.0.4400.7
7f5d200f9000-7f5d200fd000 r--p 00012000 08:20 59383                      /usr/lib/x86_64-linux-gnu/libpangoft2-1.0.so.0.4400.7
7f5d200fd000-7f5d200fe000 ---p 00016000 08:20 59383                      /usr/lib/x86_64-linux-gnu/libpangoft2-1.0.so.0.4400.7
7f5d200fe000-7f5d200ff000 r--p 00016000 08:20 59383                      /usr/lib/x86_64-linux-gnu/libpangoft2-1.0.so.0.4400.7
7f5d200ff000-7f5d20100000 rw-p 00017000 08:20 59383                      /usr/lib/x86_64-linux-gnu/libpangoft2-1.0.so.0.4400.7
7f5d20100000-7f5d20105000 r--p 00000000 08:20 59396                      /usr/lib/x86_64-linux-gnu/libpangocairo-1.0.so.0.4400.7
7f5d20105000-7f5d2010d000 r-xp 00005000 08:20 59396                      /usr/lib/x86_64-linux-gnu/libpangocairo-1.0.so.0.4400.7
7f5d2010d000-7f5d20110000 r--p 0000d000 08:20 59396                      /usr/lib/x86_64-linux-gnu/libpangocairo-1.0.so.0.4400.7
7f5d20110000-7f5d20111000 r--p 0000f000 08:20 59396                      /usr/lib/x86_64-linux-gnu/libpangocairo-1.0.so.0.4400.7
7f5d20111000-7f5d20112000 rw-p 00010000 08:20 59396                      /usr/lib/x86_64-linux-gnu/libpangocairo-1.0.so.0.4400.7
7f5d20112000-7f5d20113000 r--p 00000000 08:20 12495                      /usr/lib/x86_64-linux-gnu/libgmodule-2.0.so.0.6400.6
7f5d20113000-7f5d20115000 r-xp 00001000 08:20 12495                      /usr/lib/x86_64-linux-gnu/libgmodule-2.0.so.0.6400.6
7f5d20115000-7f5d20116000 r--p 00003000 08:20 12495                      /usr/lib/x86_64-linux-gnu/libgmodule-2.0.so.0.6400.6
7f5d20116000-7f5d20117000 r--p 00003000 08:20 12495                      /usr/lib/x86_64-linux-gnu/libgmodule-2.0.so.0.6400.6
7f5d20117000-7f5d20118000 rw-p 00004000 08:20 12495                      /usr/lib/x86_64-linux-gnu/libgmodule-2.0.so.0.6400.6
7f5d20118000-7f5d20121000 r--p 00000000 08:20 21658                      /usr/share/glib-2.0/schemas/gschemas.compiled
7f5d20cad000-7f5d20cae000 ---p 00000000 00:00 0 
7f5d20cae000-7f5d214ae000 rw-p 00000000 00:00 0 
7f5d2169d000-7f5d2239c000 r--p 00000000 00:3e 1970324837860779           /usr/lib/wsl/drivers/nvlti.inf_amd64_b65eb0793435320a/libnvwgf2umx.so
7f5d2239c000-7f5d23686000 r-xp 00cff000 00:3e 1970324837860779           /usr/lib/wsl/drivers/nvlti.inf_amd64_b65eb0793435320a/libnvwgf2umx.so
7f5d23686000-7f5d2371a000 r--p 01fe9000 00:3e 1970324837860779           /usr/lib/wsl/drivers/nvlti.inf_amd64_b65eb0793435320a/libnvwgf2umx.so
7f5d2371a000-7f5d2426a000 rw-p 0207d000 00:3e 1970324837860779           /usr/lib/wsl/drivers/nvlti.inf_amd64_b65eb0793435320a/libnvwgf2umx.so
7f5d2426a000-7f5d242b6000 rw-p 00000000 00:00 0 
7f5d24866000-7f5d248a9000 r--p 00000000 00:3f 844424930316807            /usr/lib/wsl/lib/libd3d12.so
7f5d248a9000-7f5d24921000 r-xp 00042000 00:3f 844424930316807            /usr/lib/wsl/lib/libd3d12.so
7f5d24921000-7f5d24928000 r--p 000b9000 00:3f 844424930316807            /usr/lib/wsl/lib/libd3d12.so
7f5d24928000-7f5d2492a000 rw-p 000bf000 00:3f 844424930316807            /usr/lib/wsl/lib/libd3d12.so
7f5d2492a000-7f5d2492e000 rw-p 00000000 00:00 0 
7f5d2492e000-7f5d24971000 r--p 00000000 00:3f 844424930316809            /usr/lib/wsl/lib/libdxcore.so
7f5d24971000-7f5d249f2000 r-xp 00042000 00:3f 844424930316809            /usr/lib/wsl/lib/libdxcore.so
7f5d249f2000-7f5d249fa000 r--p 000c2000 00:3f 844424930316809            /usr/lib/wsl/lib/libdxcore.so
7f5d249fa000-7f5d249fc000 rw-p 000c9000 00:3f 844424930316809            /usr/lib/wsl/lib/libdxcore.so
7f5d249fc000-7f5d249ff000 rw-p 00000000 00:00 0 
7f5d249ff000-7f5d24a0d000 r--p 00000000 08:20 12809                      /usr/lib/x86_64-linux-gnu/libtinfo.so.6.2
7f5d24a0d000-7f5d24a1c000 r-xp 0000e000 08:20 12809                      /usr/lib/x86_64-linux-gnu/libtinfo.so.6.2
7f5d24a1c000-7f5d24a2a000 r--p 0001d000 08:20 12809                      /usr/lib/x86_64-linux-gnu/libtinfo.so.6.2
7f5d24a2a000-7f5d24a2e000 r--p 0002a000 08:20 12809                      /usr/lib/x86_64-linux-gnu/libtinfo.so.6.2
7f5d24a2e000-7f5d24a2f000 rw-p 0002e000 08:20 12809                      /usr/lib/x86_64-linux-gnu/libtinfo.so.6.2
7f5d24a2f000-7f5d24a37000 r--p 00000000 08:20 12424                      /usr/lib/x86_64-linux-gnu/libedit.so.2.0.63
7f5d24a37000-7f5d24a52000 r-xp 00008000 08:20 12424                      /usr/lib/x86_64-linux-gnu/libedit.so.2.0.63
7f5d24a52000-7f5d24a60000 r--p 00023000 08:20 12424                      /usr/lib/x86_64-linux-gnu/libedit.so.2.0.63
7f5d24a60000-7f5d24a62000 r--p 00030000 08:20 12424                      /usr/lib/x86_64-linux-gnu/libedit.so.2.0.63
7f5d24a62000-7f5d24a63000 rw-p 00032000 08:20 12424                      /usr/lib/x86_64-linux-gnu/libedit.so.2.0.63
7f5d24a63000-7f5d24a67000 rw-p 00000000 00:00 0 
7f5d24a67000-7f5d24a76000 r--p 00000000 08:20 12877                      /usr/lib/x86_64-linux-gnu/libvulkan.so.1.2.131
7f5d24a76000-7f5d24aa8000 r-xp 0000f000 08:20 12877                      /usr/lib/x86_64-linux-gnu/libvulkan.so.1.2.131
7f5d24aa8000-7f5d24abb000 r--p 00041000 08:20 12877                      /usr/lib/x86_64-linux-gnu/libvulkan.so.1.2.131
7f5d24abb000-7f5d24abc000 r--p 00053000 08:20 12877                      /usr/lib/x86_64-linux-gnu/libvulkan.so.1.2.131
7f5d24abc000-7f5d24abd000 rw-p 00054000 08:20 12877                      /usr/lib/x86_64-linux-gnu/libvulkan.so.1.2.131
7f5d24abd000-7f5d29cde000 r-xp 00000000 08:20 12248                      /usr/lib/x86_64-linux-gnu/libLLVM-12.so.1
7f5d29cde000-7f5d2a1f7000 r--p 05220000 08:20 12248                      /usr/lib/x86_64-linux-gnu/libLLVM-12.so.1
7f5d2a1f7000-7f5d2a1fe000 rw-p 05739000 08:20 12248                      /usr/lib/x86_64-linux-gnu/libLLVM-12.so.1
7f5d2a1fe000-7f5d2a273000 rw-p 00000000 00:00 0 
7f5d2a273000-7f5d2a409000 r--p 00000000 08:20 11851                      /usr/lib/x86_64-linux-gnu/dri/swrast_dri.so
7f5d2a409000-7f5d2b4b4000 r-xp 00196000 08:20 11851                      /usr/lib/x86_64-linux-gnu/dri/swrast_dri.so
7f5d2b4b4000-7f5d2b97a000 r--p 01241000 08:20 11851                      /usr/lib/x86_64-linux-gnu/dri/swrast_dri.so
7f5d2b97a000-7f5d2baa8000 r--p 01706000 08:20 11851                      /usr/lib/x86_64-linux-gnu/dri/swrast_dri.so
7f5d2baa8000-7f5d2bbe0000 rw-p 01834000 08:20 11851                      /usr/lib/x86_64-linux-gnu/dri/swrast_dri.so
7f5d2bbe0000-7f5d2bdfe000 rw-p 00000000 00:00 0 
7f5d2bdfe000-7f5d2bdff000 r-xp 00000000 08:20 12918                      /usr/lib/x86_64-linux-gnu/libxshmfence.so.1.0.0
7f5d2bdff000-7f5d2bffe000 ---p 00001000 08:20 12918                      /usr/lib/x86_64-linux-gnu/libxshmfence.so.1.0.0
7f5d2bffe000-7f5d2bfff000 r--p 00000000 08:20 12918                      /usr/lib/x86_64-linux-gnu/libxshmfence.so.1.0.0
7f5d2bfff000-7f5d2c000000 rw-p 00001000 08:20 12918                      /usr/lib/x86_64-linux-gnu/libxshmfence.so.1.0.0
7f5d2c000000-7f5d2c021000 rw-p 00000000 00:00 0 
7f5d2c021000-7f5d30000000 ---p 00000000 00:00 0 
7f5d30000000-7f5d30536000 rw-p 00000000 00:00 0 
7f5d30536000-7f5d34000000 ---p 00000000 00:00 0 
7f5d34000000-7f5d343b1000 rw-p 00000000 00:00 0 
7f5d343b1000-7f5d38000000 ---p 00000000 00:00 0 
7f5d38000000-7f5d3871c000 rw-p 00000000 00:00 0 
7f5d3871c000-7f5d3c000000 ---p 00000000 00:00 0 
7f5d3c000000-7f5d3c134000 rw-p 00000000 00:00 0 
7f5d3c134000-7f5d40000000 ---p 00000000 00:00 0 
7f5d40000000-7f5d401ca000 rw-p 00000000 00:00 0 
7f5d401ca000-7f5d44000000 ---p 00000000 00:00 0 
7f5d44000000-7f5d44194000 rw-p 00000000 00:00 0 
7f5d44194000-7f5d48000000 ---p 00000000 00:00 0 
7f5d48000000-7f5d48314000 rw-p 00000000 00:00 0 
7f5d48314000-7f5d4c000000 ---p 00000000 00:00 0 
7f5d4c000000-7f5d4c021000 rw-p 00000000 00:00 0 
7f5d4c021000-7f5d50000000 ---p 00000000 00:00 0 
7f5d50000000-7f5d50021000 rw-p 00000000 00:00 0 
7f5d50021000-7f5d54000000 ---p 00000000 00:00 0 
7f5d54000000-7f5d54bcc000 rw-p 00000000 00:00 0 
7f5d54bcc000-7f5d58000000 ---p 00000000 00:00 0 
7f5d58000000-7f5d58247000 rw-p 00000000 00:00 0 
7f5d58247000-7f5d5c000000 ---p 00000000 00:00 0 
7f5d5c000000-7f5d5c021000 rw-p 00000000 00:00 0 
7f5d5c021000-7f5d60000000 ---p 00000000 00:00 0 
7f5d60000000-7f5d60021000 rw-p 00000000 00:00 0 
7f5d60021000-7f5d64000000 ---p 00000000 00:00 0 
7f5d64000000-7f5d64021000 rw-p 00000000 00:00 0 
7f5d64021000-7f5d68000000 ---p 00000000 00:00 0 
7f5d68000000-7f5d68021000 rw-p 00000000 00:00 0 
7f5d68021000-7f5d6c000000 ---p 00000000 00:00 0 
7f5d6c000000-7f5d6c021000 rw-p 00000000 00:00 0 
7f5d6c021000-7f5d70000000 ---p 00000000 00:00 0 
7f5d70000000-7f5d70023000 rw-p 00000000 00:00 0 
7f5d70023000-7f5d74000000 ---p 00000000 00:00 0 
7f5d74000000-7f5d74021000 rw-p 00000000 00:00 0 
7f5d74021000-7f5d78000000 ---p 00000000 00:00 0 
7f5d78000000-7f5d78021000 rw-p 00000000 00:00 0 
7f5d78021000-7f5d7c000000 ---p 00000000 00:00 0 
7f5d7c00f000-7f5d7c011000 r--p 00000000 08:20 12448                      /usr/lib/x86_64-linux-gnu/libffi.so.7.1.0
7f5d7c011000-7f5d7c017000 r-xp 00002000 08:20 12448                      /usr/lib/x86_64-linux-gnu/libffi.so.7.1.0
7f5d7c017000-7f5d7c018000 r--p 00008000 08:20 12448                      /usr/lib/x86_64-linux-gnu/libffi.so.7.1.0
7f5d7c018000-7f5d7c019000 ---p 00009000 08:20 12448                      /usr/lib/x86_64-linux-gnu/libffi.so.7.1.0
7f5d7c019000-7f5d7c01a000 r--p 00009000 08:20 12448                      /usr/lib/x86_64-linux-gnu/libffi.so.7.1.0
7f5d7c01a000-7f5d7c01b000 rw-p 0000a000 08:20 12448                      /usr/lib/x86_64-linux-gnu/libffi.so.7.1.0
7f5d7c01b000-7f5d7c01d000 r--p 00000000 08:20 12415                      /usr/lib/x86_64-linux-gnu/libdrm_nouveau.so.2.0.0
7f5d7c01d000-7f5d7c022000 r-xp 00002000 08:20 12415                      /usr/lib/x86_64-linux-gnu/libdrm_nouveau.so.2.0.0
7f5d7c022000-7f5d7c024000 r--p 00007000 08:20 12415                      /usr/lib/x86_64-linux-gnu/libdrm_nouveau.so.2.0.0
7f5d7c024000-7f5d7c025000 r--p 00008000 08:20 12415                      /usr/lib/x86_64-linux-gnu/libdrm_nouveau.so.2.0.0
7f5d7c025000-7f5d7c026000 rw-p 00009000 08:20 12415                      /usr/lib/x86_64-linux-gnu/libdrm_nouveau.so.2.0.0
7f5d7c026000-7f5d7c029000 r--p 00000000 08:20 12411                      /usr/lib/x86_64-linux-gnu/libdrm_amdgpu.so.1.0.0
7f5d7c029000-7f5d7c02e000 r-xp 00003000 08:20 12411                      /usr/lib/x86_64-linux-gnu/libdrm_amdgpu.so.1.0.0
7f5d7c02e000-7f5d7c030000 r--p 00008000 08:20 12411                      /usr/lib/x86_64-linux-gnu/libdrm_amdgpu.so.1.0.0
7f5d7c030000-7f5d7c031000 r--p 00009000 08:20 12411                      /usr/lib/x86_64-linux-gnu/libdrm_amdgpu.so.1.0.0
7f5d7c031000-7f5d7c032000 rw-p 0000a000 08:20 12411                      /usr/lib/x86_64-linux-gnu/libdrm_amdgpu.so.1.0.0
7f5d7c032000-7f5d7c035000 r--p 00000000 08:20 12429                      /usr/lib/x86_64-linux-gnu/libelf-0.176.so
7f5d7c035000-7f5d7c047000 r-xp 00003000 08:20 12429                      /usr/lib/x86_64-linux-gnu/libelf-0.176.so
7f5d7c047000-7f5d7c04c000 r--p 00015000 08:20 12429                      /usr/lib/x86_64-linux-gnu/libelf-0.176.so
7f5d7c04c000-7f5d7c04d000 r--p 00019000 08:20 12429                      /usr/lib/x86_64-linux-gnu/libelf-0.176.so
7f5d7c04d000-7f5d7c04e000 rw-p 0001a000 08:20 12429                      /usr/lib/x86_64-linux-gnu/libelf-0.176.so
7f5d7c04e000-7f5d7c050000 r--p 00000000 08:20 12417                      /usr/lib/x86_64-linux-gnu/libdrm_radeon.so.1.0.1
7f5d7c050000-7f5d7c057000 r-xp 00002000 08:20 12417                      /usr/lib/x86_64-linux-gnu/libdrm_radeon.so.1.0.1
7f5d7c057000-7f5d7c05b000 r--p 00009000 08:20 12417                      /usr/lib/x86_64-linux-gnu/libdrm_radeon.so.1.0.1
7f5d7c05b000-7f5d7c05c000 r--p 0000c000 08:20 12417                      /usr/lib/x86_64-linux-gnu/libdrm_radeon.so.1.0.1
7f5d7c05c000-7f5d7c05d000 rw-p 0000d000 08:20 12417                      /usr/lib/x86_64-linux-gnu/libdrm_radeon.so.1.0.1
7f5d7c05d000-7f5d7c060000 r--p 00000000 08:20 7454                       /usr/lib/x86_64-linux-gnu/libsensors.so.5.0.0
7f5d7c060000-7f5d7c067000 r-xp 00003000 08:20 7454                       /usr/lib/x86_64-linux-gnu/libsensors.so.5.0.0
7f5d7c067000-7f5d7c06c000 r--p 0000a000 08:20 7454                       /usr/lib/x86_64-linux-gnu/libsensors.so.5.0.0
7f5d7c06c000-7f5d7c06d000 r--p 0000e000 08:20 7454                       /usr/lib/x86_64-linux-gnu/libsensors.so.5.0.0
7f5d7c06d000-7f5d7c06e000 rw-p 0000f000 08:20 7454                       /usr/lib/x86_64-linux-gnu/libsensors.so.5.0.0
7f5d7c06e000-7f5d7c072000 r--p 00000000 08:20 12928                      /usr/lib/x86_64-linux-gnu/libzstd.so.1.4.4
7f5d7c072000-7f5d7c104000 r-xp 00004000 08:20 12928                      /usr/lib/x86_64-linux-gnu/libzstd.so.1.4.4
7f5d7c104000-7f5d7c115000 r--p 00096000 08:20 12928                      /usr/lib/x86_64-linux-gnu/libzstd.so.1.4.4
7f5d7c115000-7f5d7c116000 r--p 000a6000 08:20 12928                      /usr/lib/x86_64-linux-gnu/libzstd.so.1.4.4
7f5d7c116000-7f5d7c117000 rw-p 000a7000 08:20 12928                      /usr/lib/x86_64-linux-gnu/libzstd.so.1.4.4
7f5d7c117000-7f5d7c11a000 r--p 00000000 08:20 12904                      /usr/lib/x86_64-linux-gnu/libxcb-xfixes.so.0.0.0
7f5d7c11a000-7f5d7c11d000 r-xp 00003000 08:20 12904                      /usr/lib/x86_64-linux-gnu/libxcb-xfixes.so.0.0.0
7f5d7c11d000-7f5d7c11e000 r--p 00006000 08:20 12904                      /usr/lib/x86_64-linux-gnu/libxcb-xfixes.so.0.0.0
7f5d7c11e000-7f5d7c11f000 ---p 00007000 08:20 12904                      /usr/lib/x86_64-linux-gnu/libxcb-xfixes.so.0.0.0
7f5d7c11f000-7f5d7c120000 r--p 00007000 08:20 12904                      /usr/lib/x86_64-linux-gnu/libxcb-xfixes.so.0.0.0
7f5d7c120000-7f5d7c121000 rw-p 00008000 08:20 12904                      /usr/lib/x86_64-linux-gnu/libxcb-xfixes.so.0.0.0
7f5d7c121000-7f5d7c124000 r--p 00000000 08:20 12902                      /usr/lib/x86_64-linux-gnu/libxcb-sync.so.1.0.0
7f5d7c124000-7f5d7c127000 r-xp 00003000 08:20 12902                      /usr/lib/x86_64-linux-gnu/libxcb-sync.so.1.0.0
7f5d7c127000-7f5d7c128000 r--p 00006000 08:20 12902                      /usr/lib/x86_64-linux-gnu/libxcb-sync.so.1.0.0
7f5d7c128000-7f5d7c129000 ---p 00007000 08:20 12902                      /usr/lib/x86_64-linux-gnu/libxcb-sync.so.1.0.0
7f5d7c129000-7f5d7c12a000 r--p 00007000 08:20 12902                      /usr/lib/x86_64-linux-gnu/libxcb-sync.so.1.0.0
7f5d7c12a000-7f5d7c12b000 rw-p 00008000 08:20 12902                      /usr/lib/x86_64-linux-gnu/libxcb-sync.so.1.0.0
7f5d7c12b000-7f5d7c12c000 r--p 00000000 08:20 12894                      /usr/lib/x86_64-linux-gnu/libxcb-present.so.0.0.0
7f5d7c12c000-7f5d7c12d000 r-xp 00001000 08:20 12894                      /usr/lib/x86_64-linux-gnu/libxcb-present.so.0.0.0
7f5d7c12d000-7f5d7c12e000 r--p 00002000 08:20 12894                      /usr/lib/x86_64-linux-gnu/libxcb-present.so.0.0.0
7f5d7c12e000-7f5d7c12f000 r--p 00002000 08:20 12894                      /usr/lib/x86_64-linux-gnu/libxcb-present.so.0.0.0
7f5d7c12f000-7f5d7c130000 rw-p 00003000 08:20 12894                      /usr/lib/x86_64-linux-gnu/libxcb-present.so.0.0.0
7f5d7c130000-7f5d7c132000 r--p 00000000 08:20 12890                      /usr/lib/x86_64-linux-gnu/libxcb-dri3.so.0.0.0
7f5d7c132000-7f5d7c133000 r-xp 00002000 08:20 12890                      /usr/lib/x86_64-linux-gnu/libxcb-dri3.so.0.0.0
7f5d7c133000-7f5d7c134000 r--p 00003000 08:20 12890                      /usr/lib/x86_64-linux-gnu/libxcb-dri3.so.0.0.0
7f5d7c134000-7f5d7c135000 r--p 00003000 08:20 12890                      /usr/lib/x86_64-linux-gnu/libxcb-dri3.so.0.0.0
7f5d7c135000-7f5d7c136000 rw-p 00004000 08:20 12890                      /usr/lib/x86_64-linux-gnu/libxcb-dri3.so.0.0.0
7f5d7c136000-7f5d7c13a000 r--p 00000000 08:20 12436                      /usr/lib/x86_64-linux-gnu/libexpat.so.1.6.11
7f5d7c13a000-7f5d7c156000 r-xp 00004000 08:20 12436                      /usr/lib/x86_64-linux-gnu/libexpat.so.1.6.11
7f5d7c156000-7f5d7c160000 r--p 00020000 08:20 12436                      /usr/lib/x86_64-linux-gnu/libexpat.so.1.6.11
7f5d7c160000-7f5d7c161000 ---p 0002a000 08:20 12436                      /usr/lib/x86_64-linux-gnu/libexpat.so.1.6.11
7f5d7c161000-7f5d7c163000 r--p 0002a000 08:20 12436                      /usr/lib/x86_64-linux-gnu/libexpat.so.1.6.11
7f5d7c163000-7f5d7c164000 rw-p 0002c000 08:20 12436                      /usr/lib/x86_64-linux-gnu/libexpat.so.1.6.11
7f5d7c164000-7f5d7c165000 r--p 00000000 08:20 12900                      /usr/lib/x86_64-linux-gnu/libxcb-shm.so.0.0.0
7f5d7c165000-7f5d7c166000 r-xp 00001000 08:20 12900                      /usr/lib/x86_64-linux-gnu/libxcb-shm.so.0.0.0
7f5d7c166000-7f5d7c167000 r--p 00002000 08:20 12900                      /usr/lib/x86_64-linux-gnu/libxcb-shm.so.0.0.0
7f5d7c167000-7f5d7c168000 r--p 00002000 08:20 12900                      /usr/lib/x86_64-linux-gnu/libxcb-shm.so.0.0.0
7f5d7c168000-7f5d7c169000 rw-p 00003000 08:20 12900                      /usr/lib/x86_64-linux-gnu/libxcb-shm.so.0.0.0
7f5d7c169000-7f5d7c16a000 r--p 00000000 08:20 12296                      /usr/lib/x86_64-linux-gnu/libXxf86vm.so.1.0.0
7f5d7c16a000-7f5d7c16d000 r-xp 00001000 08:20 12296                      /usr/lib/x86_64-linux-gnu/libXxf86vm.so.1.0.0
7f5d7c16d000-7f5d7c16e000 r--p 00004000 08:20 12296                      /usr/lib/x86_64-linux-gnu/libXxf86vm.so.1.0.0
7f5d7c16e000-7f5d7c16f000 r--p 00004000 08:20 12296                      /usr/lib/x86_64-linux-gnu/libXxf86vm.so.1.0.0
7f5d7c16f000-7f5d7c170000 rw-p 00005000 08:20 12296                      /usr/lib/x86_64-linux-gnu/libXxf86vm.so.1.0.0
7f5d7c170000-7f5d7c172000 r--p 00000000 08:20 12270                      /usr/lib/x86_64-linux-gnu/libXfixes.so.3.1.0
7f5d7c172000-7f5d7c175000 r-xp 00002000 08:20 12270                      /usr/lib/x86_64-linux-gnu/libXfixes.so.3.1.0
7f5d7c175000-7f5d7c176000 r--p 00005000 08:20 12270                      /usr/lib/x86_64-linux-gnu/libXfixes.so.3.1.0
7f5d7c176000-7f5d7c177000 r--p 00005000 08:20 12270                      /usr/lib/x86_64-linux-gnu/libXfixes.so.3.1.0
7f5d7c177000-7f5d7c178000 rw-p 00006000 08:20 12270                      /usr/lib/x86_64-linux-gnu/libXfixes.so.3.1.0
7f5d7c178000-7f5d7c17c000 r--p 00000000 08:20 12268                      /usr/lib/x86_64-linux-gnu/libXext.so.6.4.0
7f5d7c17c000-7f5d7c187000 r-xp 00004000 08:20 12268                      /usr/lib/x86_64-linux-gnu/libXext.so.6.4.0
7f5d7c187000-7f5d7c18b000 r--p 0000f000 08:20 12268                      /usr/lib/x86_64-linux-gnu/libXext.so.6.4.0
7f5d7c18b000-7f5d7c18c000 r--p 00012000 08:20 12268                      /usr/lib/x86_64-linux-gnu/libXext.so.6.4.0
7f5d7c18c000-7f5d7c18d000 rw-p 00013000 08:20 12268                      /usr/lib/x86_64-linux-gnu/libXext.so.6.4.0
7f5d7c18d000-7f5d7c198000 r--p 00000000 08:20 12892                      /usr/lib/x86_64-linux-gnu/libxcb-glx.so.0.0.0
7f5d7c198000-7f5d7c1a1000 r-xp 0000b000 08:20 12892                      /usr/lib/x86_64-linux-gnu/libxcb-glx.so.0.0.0
7f5d7c1a1000-7f5d7c1a6000 r--p 00014000 08:20 12892                      /usr/lib/x86_64-linux-gnu/libxcb-glx.so.0.0.0
7f5d7c1a6000-7f5d7c1a7000 ---p 00019000 08:20 12892                      /usr/lib/x86_64-linux-gnu/libxcb-glx.so.0.0.0
7f5d7c1a7000-7f5d7c1a9000 r--p 00019000 08:20 12892                      /usr/lib/x86_64-linux-gnu/libxcb-glx.so.0.0.0
7f5d7c1a9000-7f5d7c1aa000 rw-p 0001b000 08:20 12892                      /usr/lib/x86_64-linux-gnu/libxcb-glx.so.0.0.0
7f5d7c1aa000-7f5d7c1c3000 r--p 00000000 08:20 12242                      /usr/lib/x86_64-linux-gnu/libGLX_mesa.so.0.0.0
7f5d7c1c3000-7f5d7c207000 r-xp 00019000 08:20 12242                      /usr/lib/x86_64-linux-gnu/libGLX_mesa.so.0.0.0
7f5d7c207000-7f5d7c21e000 r--p 0005d000 08:20 12242                      /usr/lib/x86_64-linux-gnu/libGLX_mesa.so.0.0.0
7f5d7c21e000-7f5d7c221000 r--p 00073000 08:20 12242                      /usr/lib/x86_64-linux-gnu/libGLX_mesa.so.0.0.0
7f5d7c221000-7f5d7c222000 rw-p 00076000 08:20 12242                      /usr/lib/x86_64-linux-gnu/libGLX_mesa.so.0.0.0
7f5d7c222000-7f5d7c223000 rw-p 00000000 00:00 0 
7f5d7c223000-7f5d7c263000 r--p 00000000 08:20 12244                      /usr/lib/x86_64-linux-gnu/libGLdispatch.so.0.0.0
7f5d7c263000-7f5d7c2a2000 r-xp 00040000 08:20 12244                      /usr/lib/x86_64-linux-gnu/libGLdispatch.so.0.0.0
7f5d7c2a2000-7f5d7c2b6000 r--p 0007f000 08:20 12244                      /usr/lib/x86_64-linux-gnu/libGLdispatch.so.0.0.0
7f5d7c2b6000-7f5d7c2d2000 r--p 00092000 08:20 12244                      /usr/lib/x86_64-linux-gnu/libGLdispatch.so.0.0.0
7f5d7c2d2000-7f5d7c2d3000 rw-p 000ae000 08:20 12244                      /usr/lib/x86_64-linux-gnu/libGLdispatch.so.0.0.0
7f5d7c2d3000-7f5d7c2db000 rw-p 00000000 00:00 0 
7f5d7c2db000-7f5d7c31e000 r--p 00000000 08:20 12237                      /usr/lib/x86_64-linux-gnu/libGL.so.1.7.0
7f5d7c31e000-7f5d7c33e000 r-xp 00043000 08:20 12237                      /usr/lib/x86_64-linux-gnu/libGL.so.1.7.0
7f5d7c33e000-7f5d7c353000 r--p 00063000 08:20 12237                      /usr/lib/x86_64-linux-gnu/libGL.so.1.7.0
7f5d7c353000-7f5d7c361000 r--p 00077000 08:20 12237                      /usr/lib/x86_64-linux-gnu/libGL.so.1.7.0
7f5d7c361000-7f5d7c362000 rw-p 00085000 08:20 12237                      /usr/lib/x86_64-linux-gnu/libGL.so.1.7.0
7f5d7c362000-7f5d7c363000 rw-p 00000000 00:00 0 
7f5d7c363000-7f5d7c37b000 r--p 00000000 08:20 12257                      /usr/lib/x86_64-linux-gnu/libX11.so.6.3.0
7f5d7c37b000-7f5d7c406000 r-xp 00018000 08:20 12257                      /usr/lib/x86_64-linux-gnu/libX11.so.6.3.0
7f5d7c406000-7f5d7c49a000 r--p 000a3000 08:20 12257                      /usr/lib/x86_64-linux-gnu/libX11.so.6.3.0
7f5d7c49a000-7f5d7c49b000 ---p 00137000 08:20 12257                      /usr/lib/x86_64-linux-gnu/libX11.so.6.3.0
7f5d7c49b000-7f5d7c49c000 r--p 00137000 08:20 12257                      /usr/lib/x86_64-linux-gnu/libX11.so.6.3.0
7f5d7c49c000-7f5d7c4a0000 rw-p 00138000 08:20 12257                      /usr/lib/x86_64-linux-gnu/libX11.so.6.3.0
7f5d7c4a0000-7f5d7c4ac000 r-xp 00000000 08:20 88366                      /home/sata/.openjfx/cache/13/libprism_es2.so
7f5d7c4ac000-7f5d7c6ab000 ---p 0000c000 08:20 88366                      /home/sata/.openjfx/cache/13/libprism_es2.so
7f5d7c6ab000-7f5d7c6ac000 r--p 0000b000 08:20 88366                      /home/sata/.openjfx/cache/13/libprism_es2.so
7f5d7c6ac000-7f5d7c6ad000 rw-p 0000c000 08:20 88366                      /home/sata/.openjfx/cache/13/libprism_es2.so
7f5d7c6ad000-7f5d7c6b1000 ---p 00000000 00:00 0 
7f5d7c6b1000-7f5d7c7ae000 rw-p 00000000 00:00 0 
7f5d7c7ae000-7f5d7c7af000 ---p 00000000 00:00 0 
7f5d7c7af000-7f5d7c8b0000 rw-p 00000000 00:00 0 
7f5d7c8b1000-7f5d7c8b3000 r--p 00000000 08:20 12888                      /usr/lib/x86_64-linux-gnu/libxcb-dri2.so.0.0.0
7f5d7c8b3000-7f5d7c8b5000 r-xp 00002000 08:20 12888                      /usr/lib/x86_64-linux-gnu/libxcb-dri2.so.0.0.0
7f5d7c8b5000-7f5d7c8b6000 r--p 00004000 08:20 12888                      /usr/lib/x86_64-linux-gnu/libxcb-dri2.so.0.0.0
7f5d7c8b6000-7f5d7c8b7000 r--p 00004000 08:20 12888                      /usr/lib/x86_64-linux-gnu/libxcb-dri2.so.0.0.0
7f5d7c8b7000-7f5d7c8b8000 rw-p 00005000 08:20 12888                      /usr/lib/x86_64-linux-gnu/libxcb-dri2.so.0.0.0
7f5d7c8b8000-7f5d7c8b9000 r--p 00000000 08:20 12255                      /usr/lib/x86_64-linux-gnu/libX11-xcb.so.1.0.0
7f5d7c8b9000-7f5d7c8ba000 r-xp 00001000 08:20 12255                      /usr/lib/x86_64-linux-gnu/libX11-xcb.so.1.0.0
7f5d7c8ba000-7f5d7c8bb000 r--p 00002000 08:20 12255                      /usr/lib/x86_64-linux-gnu/libX11-xcb.so.1.0.0
7f5d7c8bb000-7f5d7c8bc000 r--p 00002000 08:20 12255                      /usr/lib/x86_64-linux-gnu/libX11-xcb.so.1.0.0
7f5d7c8bc000-7f5d7c8bd000 rw-p 00003000 08:20 12255                      /usr/lib/x86_64-linux-gnu/libX11-xcb.so.1.0.0
7f5d7c8bd000-7f5d7c8c2000 r--p 00000000 08:20 12409                      /usr/lib/x86_64-linux-gnu/libdrm.so.2.4.0
7f5d7c8c2000-7f5d7c8cd000 r-xp 00005000 08:20 12409                      /usr/lib/x86_64-linux-gnu/libdrm.so.2.4.0
7f5d7c8cd000-7f5d7c8d1000 r--p 00010000 08:20 12409                      /usr/lib/x86_64-linux-gnu/libdrm.so.2.4.0
7f5d7c8d1000-7f5d7c8d2000 r--p 00013000 08:20 12409                      /usr/lib/x86_64-linux-gnu/libdrm.so.2.4.0
7f5d7c8d2000-7f5d7c8d3000 rw-p 00014000 08:20 12409                      /usr/lib/x86_64-linux-gnu/libdrm.so.2.4.0
7f5d7c8d3000-7f5d7c8e0000 r--p 00000000 08:20 12491                      /usr/lib/x86_64-linux-gnu/libglapi.so.0.0.0
7f5d7c8e0000-7f5d7c8ee000 r-xp 0000d000 08:20 12491                      /usr/lib/x86_64-linux-gnu/libglapi.so.0.0.0
7f5d7c8ee000-7f5d7c907000 r--p 0001b000 08:20 12491                      /usr/lib/x86_64-linux-gnu/libglapi.so.0.0.0
7f5d7c907000-7f5d7c908000 ---p 00034000 08:20 12491                      /usr/lib/x86_64-linux-gnu/libglapi.so.0.0.0
7f5d7c908000-7f5d7c90c000 r--p 00034000 08:20 12491                      /usr/lib/x86_64-linux-gnu/libglapi.so.0.0.0
7f5d7c90c000-7f5d7c90d000 rw-p 00038000 08:20 12491                      /usr/lib/x86_64-linux-gnu/libglapi.so.0.0.0
7f5d7c90d000-7f5d7c90e000 rw-p 00000000 00:00 0 
7f5d7c90e000-7f5d7c912000 ---p 00000000 00:00 0 
7f5d7c912000-7f5d7ca0f000 rw-p 00000000 00:00 0 
7f5d7ca0f000-7f5d7ca13000 ---p 00000000 00:00 0 
7f5d7ca13000-7f5d7cb10000 rw-p 00000000 00:00 0 
7f5d7cb10000-7f5d7cb14000 ---p 00000000 00:00 0 
7f5d7cb14000-7f5d7cc11000 rw-p 00000000 00:00 0 
7f5d7cc11000-7f5d7cc15000 ---p 00000000 00:00 0 
7f5d7cc15000-7f5d7cd12000 rw-p 00000000 00:00 0 
7f5d7cd12000-7f5d7cd16000 ---p 00000000 00:00 0 
7f5d7cd16000-7f5d7ce13000 rw-p 00000000 00:00 0 
7f5d7ce13000-7f5d7ce17000 ---p 00000000 00:00 0 
7f5d7ce17000-7f5d7cf14000 rw-p 00000000 00:00 0 
7f5d7cf14000-7f5d7cf18000 ---p 00000000 00:00 0 
7f5d7cf18000-7f5d7d015000 rw-p 00000000 00:00 0 
7f5d7d015000-7f5d7d019000 ---p 00000000 00:00 0 
7f5d7d019000-7f5d7d116000 rw-p 00000000 00:00 0 
7f5d7d116000-7f5d7d11a000 ---p 00000000 00:00 0 
7f5d7d11a000-7f5d7d217000 rw-p 00000000 00:00 0 
7f5d7d217000-7f5d7d21b000 ---p 00000000 00:00 0 
7f5d7d21b000-7f5d7d318000 rw-p 00000000 00:00 0 
7f5d7d318000-7f5d7d31c000 ---p 00000000 00:00 0 
7f5d7d31c000-7f5d7d419000 rw-p 00000000 00:00 0 
7f5d7d419000-7f5d7d41d000 ---p 00000000 00:00 0 
7f5d7d41d000-7f5d7d51a000 rw-p 00000000 00:00 0 
7f5d7d51a000-7f5d7d800000 r--p 00000000 08:20 3427                       /usr/lib/locale/locale-archive
7f5d7d800000-7f5d80000000 rw-p 00000000 00:00 0 
7f5d80000000-7f5d80021000 rw-p 00000000 00:00 0 
7f5d80021000-7f5d84000000 ---p 00000000 00:00 0 
7f5d84004000-7f5d84008000 r--p 00000000 08:20 12359                      /usr/lib/x86_64-linux-gnu/libbsd.so.0.10.0
7f5d84008000-7f5d84017000 r-xp 00004000 08:20 12359                      /usr/lib/x86_64-linux-gnu/libbsd.so.0.10.0
7f5d84017000-7f5d8401a000 r--p 00013000 08:20 12359                      /usr/lib/x86_64-linux-gnu/libbsd.so.0.10.0
7f5d8401a000-7f5d8401b000 ---p 00016000 08:20 12359                      /usr/lib/x86_64-linux-gnu/libbsd.so.0.10.0
7f5d8401b000-7f5d8401c000 r--p 00016000 08:20 12359                      /usr/lib/x86_64-linux-gnu/libbsd.so.0.10.0
7f5d8401c000-7f5d8401d000 rw-p 00017000 08:20 12359                      /usr/lib/x86_64-linux-gnu/libbsd.so.0.10.0
7f5d8401d000-7f5d8401e000 rw-p 00000000 00:00 0 
7f5d8401e000-7f5d84021000 r--p 00000000 08:20 12239                      /usr/lib/x86_64-linux-gnu/libGLX.so.0.0.0
7f5d84021000-7f5d8403c000 r-xp 00003000 08:20 12239                      /usr/lib/x86_64-linux-gnu/libGLX.so.0.0.0
7f5d8403c000-7f5d84040000 r--p 0001e000 08:20 12239                      /usr/lib/x86_64-linux-gnu/libGLX.so.0.0.0
7f5d84040000-7f5d84041000 r--p 00021000 08:20 12239                      /usr/lib/x86_64-linux-gnu/libGLX.so.0.0.0
7f5d84041000-7f5d84042000 rw-p 00022000 08:20 12239                      /usr/lib/x86_64-linux-gnu/libGLX.so.0.0.0
7f5d84042000-7f5d84052000 rw-p 00000000 00:00 0 
7f5d84052000-7f5d8405d000 r--p 00000000 08:20 12906                      /usr/lib/x86_64-linux-gnu/libxcb.so.1.1.0
7f5d8405d000-7f5d84071000 r-xp 0000b000 08:20 12906                      /usr/lib/x86_64-linux-gnu/libxcb.so.1.1.0
7f5d84071000-7f5d8407a000 r--p 0001f000 08:20 12906                      /usr/lib/x86_64-linux-gnu/libxcb.so.1.1.0
7f5d8407a000-7f5d8407b000 r--p 00027000 08:20 12906                      /usr/lib/x86_64-linux-gnu/libxcb.so.1.1.0
7f5d8407b000-7f5d8407c000 rw-p 00028000 08:20 12906                      /usr/lib/x86_64-linux-gnu/libxcb.so.1.1.0
7f5d8407c000-7f5d840ad000 rw-p 00000000 00:00 0 
7f5d840ad000-7f5d840b1000 r--p 00000000 08:20 75991                      /usr/lib/jvm/java-11-openjdk-amd64/lib/libnet.so
7f5d840b1000-7f5d840bf000 r-xp 00004000 08:20 75991                      /usr/lib/jvm/java-11-openjdk-amd64/lib/libnet.so
7f5d840bf000-7f5d840c3000 r--p 00012000 08:20 75991                      /usr/lib/jvm/java-11-openjdk-amd64/lib/libnet.so
7f5d840c3000-7f5d840c4000 r--p 00015000 08:20 75991                      /usr/lib/jvm/java-11-openjdk-amd64/lib/libnet.so
7f5d840c4000-7f5d840c5000 rw-p 00016000 08:20 75991                      /usr/lib/jvm/java-11-openjdk-amd64/lib/libnet.so
7f5d840c5000-7f5d840cc000 r--p 00000000 08:20 75992                      /usr/lib/jvm/java-11-openjdk-amd64/lib/libnio.so
7f5d840cc000-7f5d840d4000 r-xp 00007000 08:20 75992                      /usr/lib/jvm/java-11-openjdk-amd64/lib/libnio.so
7f5d840d4000-7f5d840d7000 r--p 0000f000 08:20 75992                      /usr/lib/jvm/java-11-openjdk-amd64/lib/libnio.so
7f5d840d7000-7f5d840d8000 r--p 00011000 08:20 75992                      /usr/lib/jvm/java-11-openjdk-amd64/lib/libnio.so
7f5d840d8000-7f5d840d9000 rw-p 00012000 08:20 75992                      /usr/lib/jvm/java-11-openjdk-amd64/lib/libnio.so
7f5d840d9000-7f5d8410b000 r--p 00000000 08:20 21882                      /usr/lib/locale/C.UTF-8/LC_CTYPE
7f5d8410b000-7f5d8427e000 r--p 00000000 08:20 21881                      /usr/lib/locale/C.UTF-8/LC_COLLATE
7f5d8427e000-7f5d84282000 ---p 00000000 00:00 0 
7f5d84282000-7f5d8437f000 rw-p 00000000 00:00 0 
7f5d8437f000-7f5d84383000 ---p 00000000 00:00 0 
7f5d84383000-7f5d84480000 rw-p 00000000 00:00 0 
7f5d84480000-7f5d84481000 ---p 00000000 00:00 0 
7f5d84481000-7f5d84603000 rw-p 00000000 00:00 0 
7f5d84603000-7f5d84604000 ---p 00000000 00:00 0 
7f5d84604000-7f5d84705000 rw-p 00000000 00:00 0 
7f5d84705000-7f5d84706000 ---p 00000000 00:00 0 
7f5d84706000-7f5d85514000 rw-p 00000000 00:00 0 
7f5d85514000-7f5d85515000 ---p 00000000 00:00 0 
7f5d85515000-7f5d85616000 rw-p 00000000 00:00 0 
7f5d85616000-7f5d85617000 ---p 00000000 00:00 0 
7f5d85617000-7f5d85850000 rw-p 00000000 00:00 0 
7f5d85850000-7f5d86a50000 ---p 00000000 00:00 0 
7f5d86a50000-7f5d86b90000 rw-p 00000000 00:00 0 
7f5d86b90000-7f5d87d90000 ---p 00000000 00:00 0 
7f5d87d90000-7f5d87dbf000 rw-p 00000000 00:00 0 
7f5d87dbf000-7f5d87fff000 ---p 00000000 00:00 0 
7f5d87fff000-7f5d88000000 rw-p 00000000 00:00 0 
7f5d88000000-7f5d88021000 rw-p 00000000 00:00 0 
7f5d88021000-7f5d8c000000 ---p 00000000 00:00 0 
7f5d8c003000-7f5d8c005000 r--p 00000000 08:20 12266                      /usr/lib/x86_64-linux-gnu/libXdmcp.so.6.0.0
7f5d8c005000-7f5d8c007000 r-xp 00002000 08:20 12266                      /usr/lib/x86_64-linux-gnu/libXdmcp.so.6.0.0
7f5d8c007000-7f5d8c009000 r--p 00004000 08:20 12266                      /usr/lib/x86_64-linux-gnu/libXdmcp.so.6.0.0
7f5d8c009000-7f5d8c00a000 r--p 00005000 08:20 12266                      /usr/lib/x86_64-linux-gnu/libXdmcp.so.6.0.0
7f5d8c00a000-7f5d8c00b000 rw-p 00006000 08:20 12266                      /usr/lib/x86_64-linux-gnu/libXdmcp.so.6.0.0
7f5d8c00b000-7f5d8c00c000 r--p 00000000 08:20 12259                      /usr/lib/x86_64-linux-gnu/libXau.so.6.0.0
7f5d8c00c000-7f5d8c00e000 r-xp 00001000 08:20 12259                      /usr/lib/x86_64-linux-gnu/libXau.so.6.0.0
7f5d8c00e000-7f5d8c00f000 r--p 00003000 08:20 12259                      /usr/lib/x86_64-linux-gnu/libXau.so.6.0.0
7f5d8c00f000-7f5d8c010000 r--p 00003000 08:20 12259                      /usr/lib/x86_64-linux-gnu/libXau.so.6.0.0
7f5d8c010000-7f5d8c011000 rw-p 00004000 08:20 12259                      /usr/lib/x86_64-linux-gnu/libXau.so.6.0.0
7f5d8c011000-7f5d8c173000 rw-p 00000000 00:00 0 
7f5d8c173000-7f5d8c3b3000 ---p 00000000 00:00 0 
7f5d8c3b3000-7f5d8c3db000 rw-p 00000000 00:00 0 
7f5d8c3db000-7f5d8c61b000 ---p 00000000 00:00 0 
7f5d8c61b000-7f5d8c81e000 rw-p 00000000 00: